[ 2019-09-01T09:28:05+08:00 ] ::1 /IEkcpt3.0plus/IEkcpt3.0/
INFO: [ app_init ] --START--
INFO: Run Behavior\BuildLiteBehavior [ RunTime:0.000019s ]
INFO: [ app_init ] --END-- [ RunTime:0.002286s ]
INFO: [ app_begin ] --START--
INFO: Run Behavior\ReadHtmlCacheBehavior [ RunTime:0.001975s ]
INFO: [ app_begin ] --END-- [ RunTime:0.002050s ]
INFO: [ view_parse ] --START--
INFO: [ template_filter ] --START--
INFO: Run Behavior\ContentReplaceBehavior [ RunTime:0.000527s ]
INFO: [ template_filter ] --END-- [ RunTime:0.000618s ]
INFO: Run Behavior\ParseTemplateBehavior [ RunTime:0.065995s ]
INFO: [ view_parse ] --END-- [ RunTime:0.066064s ]
INFO: [ view_filter ] --START--
INFO: Run Behavior\WriteHtmlCacheBehavior [ RunTime:0.001428s ]
INFO: [ view_filter ] --END-- [ RunTime:0.001471s ]
INFO: [ app_end ] --START--
INFO: Run Behavior\ShowPageTraceBehavior [ RunTime:0.003050s ]
INFO: [ app_end ] --END-- [ RunTime:0.003128s ]

[ 2019-09-01T09:28:07+08:00 ] ::1 /IEkcpt3.0plus/IEkcpt3.0/index.php/Home/Login/login.html
INFO: [ app_init ] --START--
INFO: Run Behavior\BuildLiteBehavior [ RunTime:0.000019s ]
INFO: [ app_init ] --END-- [ RunTime:0.001506s ]
INFO: [ app_begin ] --START--
INFO: Run Behavior\ReadHtmlCacheBehavior [ RunTime:0.001403s ]
INFO: [ app_begin ] --END-- [ RunTime:0.001470s ]
INFO: [ view_parse ] --START--
INFO: [ template_filter ] --START--
INFO: Run Behavior\ContentReplaceBehavior [ RunTime:0.000267s ]
INFO: [ template_filter ] --END-- [ RunTime:0.000835s ]
INFO: Run Behavior\ParseTemplateBehavior [ RunTime:0.057614s ]
INFO: [ view_parse ] --END-- [ RunTime:0.057779s ]
INFO: [ view_filter ] --START--
INFO: Run Behavior\WriteHtmlCacheBehavior [ RunTime:0.004675s ]
INFO: [ view_filter ] --END-- [ RunTime:0.005002s ]
INFO: [ app_end ] --START--
INFO: Run Behavior\ShowPageTraceBehavior [ RunTime:0.006702s ]
INFO: [ app_end ] --END-- [ RunTime:0.007039s ]

[ 2019-09-01T09:28:07+08:00 ] ::1 /IEkcpt3.0plus/IEkcpt3.0/index.php/Home/Verify/verify.html
INFO: [ app_init ] --START--
INFO: Run Behavior\BuildLiteBehavior [ RunTime:0.000172s ]
INFO: [ app_init ] --END-- [ RunTime:0.002170s ]
INFO: [ app_begin ] --START--
INFO: Run Behavior\ReadHtmlCacheBehavior [ RunTime:0.003724s ]
INFO: [ app_begin ] --END-- [ RunTime:0.003820s ]
INFO: [ app_end ] --START--
INFO: Run Behavior\ShowPageTraceBehavior [ RunTime:0.001906s ]
INFO: [ app_end ] --END-- [ RunTime:0.002007s ]

[ 2019-09-01T09:28:15+08:00 ] ::1 /IEkcpt3.0plus/IEkcpt3.0/index.php/Home/Login/login.html
INFO: [ app_init ] --START--
INFO: Run Behavior\BuildLiteBehavior [ RunTime:0.000022s ]
INFO: [ app_init ] --END-- [ RunTime:0.001015s ]
INFO: [ app_begin ] --START--
INFO: Run Behavior\ReadHtmlCacheBehavior [ RunTime:0.001190s ]
INFO: [ app_begin ] --END-- [ RunTime:0.001339s ]
SQL: SHOW COLUMNS FROM `suser` [ RunTime:0.0753s ]
NOTIC: [8] Undefined index: validate D:\phpStudy\WWW\IEkcpt3.0plus\IEkcpt3.0\ThinkPHP\Library\Think\Model.class.php 第 1185 行.
NOTIC: [8] Undefined index: auto D:\phpStudy\WWW\IEkcpt3.0plus\IEkcpt3.0\ThinkPHP\Library\Think\Model.class.php 第 1128 行.
SQL: SELECT * FROM `suser` WHERE `sid` = '201711104089' LIMIT 1   [ RunTime:0.0148s ]
INFO: [ view_parse ] --START--
INFO: [ template_filter ] --START--
INFO: Run Behavior\ContentReplaceBehavior [ RunTime:0.000167s ]
INFO: [ template_filter ] --END-- [ RunTime:0.000403s ]
INFO: Run Behavior\ParseTemplateBehavior [ RunTime:0.038197s ]
INFO: [ view_parse ] --END-- [ RunTime:0.038510s ]
INFO: [ view_filter ] --START--
INFO: Run Behavior\WriteHtmlCacheBehavior [ RunTime:0.002577s ]
INFO: [ view_filter ] --END-- [ RunTime:0.002710s ]
INFO: [ app_end ] --START--
INFO: Run Behavior\ShowPageTraceBehavior [ RunTime:0.003511s ]
INFO: [ app_end ] --END-- [ RunTime:0.003649s ]

[ 2019-09-01T09:28:16+08:00 ] ::1 /IEkcpt3.0plus/IEkcpt3.0/index.php/Home/Personal/index.html
INFO: [ app_init ] --START--
INFO: Run Behavior\BuildLiteBehavior [ RunTime:0.000045s ]
INFO: [ app_init ] --END-- [ RunTime:0.002092s ]
INFO: [ app_begin ] --START--
INFO: Run Behavior\ReadHtmlCacheBehavior [ RunTime:0.002321s ]
INFO: [ app_begin ] --END-- [ RunTime:0.002435s ]
INFO: [ view_parse ] --START--
INFO: [ template_filter ] --START--
INFO: Run Behavior\ContentReplaceBehavior [ RunTime:0.000852s ]
INFO: [ template_filter ] --END-- [ RunTime:0.001739s ]
INFO: Run Behavior\ParseTemplateBehavior [ RunTime:0.174838s ]
INFO: [ view_parse ] --END-- [ RunTime:0.174981s ]
INFO: [ view_filter ] --START--
INFO: Run Behavior\WriteHtmlCacheBehavior [ RunTime:0.003293s ]
INFO: [ view_filter ] --END-- [ RunTime:0.003467s ]
INFO: [ app_end ] --START--
INFO: Run Behavior\ShowPageTraceBehavior [ RunTime:0.005634s ]
INFO: [ app_end ] --END-- [ RunTime:0.005892s ]

[ 2019-09-01T09:28:24+08:00 ] ::1 /IEkcpt3.0plus/IEkcpt3.0/index.php/Home/Personal/viewpro.html
INFO: [ app_init ] --START--
INFO: Run Behavior\BuildLiteBehavior [ RunTime:0.000020s ]
INFO: [ app_init ] --END-- [ RunTime:0.001051s ]
INFO: [ app_begin ] --START--
INFO: Run Behavior\ReadHtmlCacheBehavior [ RunTime:0.001811s ]
INFO: [ app_begin ] --END-- [ RunTime:0.001881s ]
INFO: [ view_parse ] --START--
INFO: [ template_filter ] --START--
INFO: Run Behavior\ContentReplaceBehavior [ RunTime:0.000302s ]
INFO: [ template_filter ] --END-- [ RunTime:0.000440s ]
INFO: Run Behavior\ParseTemplateBehavior [ RunTime:0.134788s ]
INFO: [ view_parse ] --END-- [ RunTime:0.134917s ]
INFO: [ view_filter ] --START--
INFO: Run Behavior\WriteHtmlCacheBehavior [ RunTime:0.003492s ]
INFO: [ view_filter ] --END-- [ RunTime:0.003656s ]
INFO: [ app_end ] --START--
INFO: Run Behavior\ShowPageTraceBehavior [ RunTime:0.005551s ]
INFO: [ app_end ] --END-- [ RunTime:0.005762s ]

[ 2019-09-01T09:28:59+08:00 ] ::1 /IEkcpt3.0plus/IEkcpt3.0/index.php/Home/Personal/publishproject.html
INFO: [ app_init ] --START--
INFO: Run Behavior\BuildLiteBehavior [ RunTime:0.000048s ]
INFO: [ app_init ] --END-- [ RunTime:0.002346s ]
INFO: [ app_begin ] --START--
INFO: Run Behavior\ReadHtmlCacheBehavior [ RunTime:0.003114s ]
INFO: [ app_begin ] --END-- [ RunTime:0.003328s ]
NOTIC: [8] Use of undefined constant size - assumed 'size' D:\phpStudy\WWW\IEkcpt3.0plus\IEkcpt3.0\Application\Home\Controller\PersonalController.class.php 第 169 行.
NOTIC: [2] file_exists() expects parameter 1 to be a valid path, array given D:\phpStudy\WWW\IEkcpt3.0plus\IEkcpt3.0\Application\Home\Controller\IndexController.class.php 第 25 行.
NOTIC: [2] call_user_func() expects parameter 1 to be a valid callback, no array or string given D:\phpStudy\WWW\IEkcpt3.0plus\IEkcpt3.0\ThinkPHP\Library\Think\Upload.class.php 第 170 行.
SQL: SHOW COLUMNS FROM `projectinfo` [ RunTime:0.0705s ]
NOTIC: [8] Use of undefined constant datetime - assumed 'datetime' D:\phpStudy\WWW\IEkcpt3.0plus\IEkcpt3.0\Application\Home\Controller\PersonalController.class.php 第 192 行.
NOTIC: [8] Use of undefined constant sname - assumed 'sname' D:\phpStudy\WWW\IEkcpt3.0plus\IEkcpt3.0\Application\Home\Controller\PersonalController.class.php 第 195 行.
NOTIC: [8] Undefined index: validate D:\phpStudy\WWW\IEkcpt3.0plus\IEkcpt3.0\ThinkPHP\Library\Think\Model.class.php 第 1185 行.
NOTIC: [8] Undefined index: auto D:\phpStudy\WWW\IEkcpt3.0plus\IEkcpt3.0\ThinkPHP\Library\Think\Model.class.php 第 1128 行.
SQL: INSERT INTO `projectinfo` (`proname`,`protype`,`requires`,`prodate`,`procost`,`prophone`,`isInvest`,`prologo`,`datetime`,`propeoplename`) VALUES ('123',' 教育','','','可议价','15650063778','未获投资','Uploads/2019-09-01/5d6b1edb364e0.jpg','2019-09-01','杨海涛') [ RunTime:0.0173s ]
INFO: [ view_parse ] --START--
INFO: [ template_filter ] --START--
INFO: Run Behavior\ContentReplaceBehavior [ RunTime:0.000104s ]
INFO: [ template_filter ] --END-- [ RunTime:0.000243s ]
INFO: Run Behavior\ParseTemplateBehavior [ RunTime:0.051222s ]
INFO: [ view_parse ] --END-- [ RunTime:0.051405s ]
INFO: [ view_filter ] --START--
INFO: Run Behavior\WriteHtmlCacheBehavior [ RunTime:0.008867s ]
INFO: [ view_filter ] --END-- [ RunTime:0.008934s ]
INFO: [ app_end ] --START--
INFO: Run Behavior\ShowPageTraceBehavior [ RunTime:0.005781s ]
INFO: [ app_end ] --END-- [ RunTime:0.005872s ]

[ 2019-09-01T09:29:01+08:00 ] ::1 /IEkcpt3.0plus/IEkcpt3.0/index.php/Home/Cases/findcases.html
INFO: [ app_init ] --START--
INFO: Run Behavior\BuildLiteBehavior [ RunTime:0.000035s ]
INFO: [ app_init ] --END-- [ RunTime:0.003669s ]
INFO: [ app_begin ] --START--
INFO: Run Behavior\ReadHtmlCacheBehavior [ RunTime:0.009658s ]
INFO: [ app_begin ] --END-- [ RunTime:0.009812s ]
SQL: SHOW COLUMNS FROM `projectinfo` [ RunTime:0.0282s ]
SQL: select * from projectinfo [ RunTime:0.0255s ]
INFO: [ view_parse ] --START--
INFO: [ template_filter ] --START--
INFO: Run Behavior\ContentReplaceBehavior [ RunTime:0.000298s ]
INFO: [ template_filter ] --END-- [ RunTime:0.000501s ]
INFO: Run Behavior\ParseTemplateBehavior [ RunTime:0.149902s ]
INFO: [ view_parse ] --END-- [ RunTime:0.150232s ]
INFO: [ view_filter ] --START--
INFO: Run Behavior\WriteHtmlCacheBehavior [ RunTime:0.012606s ]
INFO: [ view_filter ] --END-- [ RunTime:0.012799s ]
INFO: [ app_end ] --START--
INFO: Run Behavior\ShowPageTraceBehavior [ RunTime:0.020760s ]
INFO: [ app_end ] --END-- [ RunTime:0.020994s ]

[ 2019-09-01T09:29:23+08:00 ] ::1 /IEkcpt3.0plus/IEkcpt3.0/index.php/Home/Cases/findcases.html
INFO: [ app_init ] --START--
INFO: Run Behavior\BuildLiteBehavior [ RunTime:0.000020s ]
INFO: [ app_init ] --END-- [ RunTime:0.001011s ]
INFO: [ app_begin ] --START--
INFO: Run Behavior\ReadHtmlCacheBehavior [ RunTime:0.001611s ]
INFO: [ app_begin ] --END-- [ RunTime:0.001687s ]
SQL: SHOW COLUMNS FROM `projectinfo` [ RunTime:0.0119s ]
SQL: select * from projectinfo [ RunTime:0.0005s ]
INFO: [ view_parse ] --START--
INFO: [ template_filter ] --START--
INFO: Run Behavior\ContentReplaceBehavior [ RunTime:0.000128s ]
INFO: [ template_filter ] --END-- [ RunTime:0.000242s ]
INFO: Run Behavior\ParseTemplateBehavior [ RunTime:0.024810s ]
INFO: [ view_parse ] --END-- [ RunTime:0.025045s ]
INFO: [ view_filter ] --START--
INFO: Run Behavior\WriteHtmlCacheBehavior [ RunTime:0.002544s ]
INFO: [ view_filter ] --END-- [ RunTime:0.002776s ]
INFO: [ app_end ] --START--
INFO: Run Behavior\ShowPageTraceBehavior [ RunTime:0.002706s ]
INFO: [ app_end ] --END-- [ RunTime:0.002794s ]

[ 2019-09-01T09:29:26+08:00 ] ::1 /IEkcpt3.0plus/IEkcpt3.0/index.php/Home/Cases/findcasesjianjie/sinfo_pid/86.html
INFO: [ app_init ] --START--
INFO: Run Behavior\BuildLiteBehavior [ RunTime:0.000027s ]
INFO: [ app_init ] --END-- [ RunTime:0.001103s ]
INFO: [ app_begin ] --START--
INFO: Run Behavior\ReadHtmlCacheBehavior [ RunTime:0.001607s ]
INFO: [ app_begin ] --END-- [ RunTime:0.001685s ]
SQL: SHOW COLUMNS FROM `projectinfo` [ RunTime:0.0127s ]
SQL: select * from projectinfo where pid='86'  [ RunTime:0.0004s ]
INFO: [ view_parse ] --START--
INFO: [ template_filter ] --START--
INFO: Run Behavior\ContentReplaceBehavior [ RunTime:0.000068s ]
INFO: [ template_filter ] --END-- [ RunTime:0.000110s ]
INFO: Run Behavior\ParseTemplateBehavior [ RunTime:0.113023s ]
INFO: [ view_parse ] --END-- [ RunTime:0.113289s ]
INFO: [ view_filter ] --START--
INFO: Run Behavior\WriteHtmlCacheBehavior [ RunTime:0.001920s ]
INFO: [ view_filter ] --END-- [ RunTime:0.002103s ]
INFO: [ app_end ] --START--
INFO: Run Behavior\ShowPageTraceBehavior [ RunTime:0.002565s ]
INFO: [ app_end ] --END-- [ RunTime:0.002621s ]

[ 2019-09-01T09:31:11+08:00 ] ::1 /IEkcpt3.0plus/IEkcpt3.0/index.php/Home/Cases/findcases.html
INFO: [ app_init ] --START--
INFO: Run Behavior\BuildLiteBehavior [ RunTime:0.000018s ]
INFO: [ app_init ] --END-- [ RunTime:0.001129s ]
INFO: [ app_begin ] --START--
INFO: Run Behavior\ReadHtmlCacheBehavior [ RunTime:0.001838s ]
INFO: [ app_begin ] --END-- [ RunTime:0.001896s ]
SQL: SHOW COLUMNS FROM `projectinfo` [ RunTime:0.0123s ]
SQL: select * from projectinfo [ RunTime:0.0005s ]
INFO: [ view_parse ] --START--
INFO: [ template_filter ] --START--
INFO: Run Behavior\ContentReplaceBehavior [ RunTime:0.000085s ]
INFO: [ template_filter ] --END-- [ RunTime:0.000127s ]
INFO: Run Behavior\ParseTemplateBehavior [ RunTime:0.017626s ]
INFO: [ view_parse ] --END-- [ RunTime:0.017677s ]
INFO: [ view_filter ] --START--
INFO: Run Behavior\WriteHtmlCacheBehavior [ RunTime:0.001343s ]
INFO: [ view_filter ] --END-- [ RunTime:0.001379s ]
INFO: [ app_end ] --START--
INFO: Run Behavior\ShowPageTraceBehavior [ RunTime:0.001830s ]
INFO: [ app_end ] --END-- [ RunTime:0.001902s ]

[ 2019-09-01T09:31:13+08:00 ] ::1 /IEkcpt3.0plus/IEkcpt3.0/index.php/Home/Personal/checksf.html
INFO: [ app_init ] --START--
INFO: Run Behavior\BuildLiteBehavior [ RunTime:0.000024s ]
INFO: [ app_init ] --END-- [ RunTime:0.001727s ]
INFO: [ app_begin ] --START--
INFO: Run Behavior\ReadHtmlCacheBehavior [ RunTime:0.001771s ]
INFO: [ app_begin ] --END-- [ RunTime:0.001830s ]
INFO: [ view_parse ] --START--
INFO: [ template_filter ] --START--
INFO: Run Behavior\ContentReplaceBehavior [ RunTime:0.000111s ]
INFO: [ template_filter ] --END-- [ RunTime:0.000181s ]
INFO: Run Behavior\ParseTemplateBehavior [ RunTime:0.019507s ]
INFO: [ view_parse ] --END-- [ RunTime:0.019580s ]
INFO: [ view_filter ] --START--
INFO: Run Behavior\WriteHtmlCacheBehavior [ RunTime:0.001901s ]
INFO: [ view_filter ] --END-- [ RunTime:0.001955s ]
INFO: [ app_end ] --START--
INFO: Run Behavior\ShowPageTraceBehavior [ RunTime:0.002592s ]
INFO: [ app_end ] --END-- [ RunTime:0.002654s ]

[ 2019-09-01T09:31:15+08:00 ] ::1 /IEkcpt3.0plus/IEkcpt3.0/index.php/Home/Personal/viewpro.html
INFO: [ app_init ] --START--
INFO: Run Behavior\BuildLiteBehavior [ RunTime:0.000017s ]
INFO: [ app_init ] --END-- [ RunTime:0.002668s ]
INFO: [ app_begin ] --START--
INFO: Run Behavior\ReadHtmlCacheBehavior [ RunTime:0.001829s ]
INFO: [ app_begin ] --END-- [ RunTime:0.001895s ]
INFO: [ view_parse ] --START--
INFO: [ template_filter ] --START--
INFO: Run Behavior\ContentReplaceBehavior [ RunTime:0.000114s ]
INFO: [ template_filter ] --END-- [ RunTime:0.000169s ]
INFO: Run Behavior\ParseTemplateBehavior [ RunTime:0.016477s ]
INFO: [ view_parse ] --END-- [ RunTime:0.016559s ]
INFO: [ view_filter ] --START--
INFO: Run Behavior\WriteHtmlCacheBehavior [ RunTime:0.001558s ]
INFO: [ view_filter ] --END-- [ RunTime:0.001601s ]
INFO: [ app_end ] --START--
INFO: Run Behavior\ShowPageTraceBehavior [ RunTime:0.004442s ]
INFO: [ app_end ] --END-- [ RunTime:0.004519s ]

[ 2019-09-01T09:31:29+08:00 ] ::1 /IEkcpt3.0plus/IEkcpt3.0/index.php/Home/Personal/publishproject.html
INFO: [ app_init ] --START--
INFO: Run Behavior\BuildLiteBehavior [ RunTime:0.000016s ]
INFO: [ app_init ] --END-- [ RunTime:0.000963s ]
INFO: [ app_begin ] --START--
INFO: Run Behavior\ReadHtmlCacheBehavior [ RunTime:0.001741s ]
INFO: [ app_begin ] --END-- [ RunTime:0.001800s ]
NOTIC: [8] Use of undefined constant size - assumed 'size' D:\phpStudy\WWW\IEkcpt3.0plus\IEkcpt3.0\Application\Home\Controller\PersonalController.class.php 第 169 行.
NOTIC: [2] file_exists() expects parameter 1 to be a valid path, array given D:\phpStudy\WWW\IEkcpt3.0plus\IEkcpt3.0\Application\Home\Controller\IndexController.class.php 第 25 行.

[ 2019-09-01T09:32:14+08:00 ] ::1 /IEkcpt3.0plus/IEkcpt3.0/index.php/Home/Personal/publishproject.html
INFO: [ app_init ] --START--
INFO: Run Behavior\BuildLiteBehavior [ RunTime:0.000015s ]
INFO: [ app_init ] --END-- [ RunTime:0.001152s ]
INFO: [ app_begin ] --START--
INFO: Run Behavior\ReadHtmlCacheBehavior [ RunTime:0.001757s ]
INFO: [ app_begin ] --END-- [ RunTime:0.001819s ]
NOTIC: [8] Use of undefined constant size - assumed 'size' D:\phpStudy\WWW\IEkcpt3.0plus\IEkcpt3.0\Application\Home\Controller\PersonalController.class.php 第 169 行.
NOTIC: [2] file_exists() expects parameter 1 to be a valid path, array given D:\phpStudy\WWW\IEkcpt3.0plus\IEkcpt3.0\Application\Home\Controller\IndexController.class.php 第 25 行.

[ 2019-09-01T09:32:16+08:00 ] ::1 /IEkcpt3.0plus/IEkcpt3.0/index.php/Home/Personal/viewpro.html
INFO: [ app_init ] --START--
INFO: Run Behavior\BuildLiteBehavior [ RunTime:0.000021s ]
INFO: [ app_init ] --END-- [ RunTime:0.001210s ]
INFO: [ app_begin ] --START--
INFO: Run Behavior\ReadHtmlCacheBehavior [ RunTime:0.006715s ]
INFO: [ app_begin ] --END-- [ RunTime:0.007022s ]
INFO: [ view_parse ] --START--
INFO: [ template_filter ] --START--
INFO: Run Behavior\ContentReplaceBehavior [ RunTime:0.000121s ]
INFO: [ template_filter ] --END-- [ RunTime:0.000174s ]
INFO: Run Behavior\ParseTemplateBehavior [ RunTime:0.020786s ]
INFO: [ view_parse ] --END-- [ RunTime:0.020858s ]
INFO: [ view_filter ] --START--
INFO: Run Behavior\WriteHtmlCacheBehavior [ RunTime:0.005369s ]
INFO: [ view_filter ] --END-- [ RunTime:0.005420s ]
INFO: [ app_end ] --START--
INFO: Run Behavior\ShowPageTraceBehavior [ RunTime:0.002910s ]
INFO: [ app_end ] --END-- [ RunTime:0.003026s ]

[ 2019-09-01T09:32:32+08:00 ] ::1 /IEkcpt3.0plus/IEkcpt3.0/index.php/Home/Personal/publishproject.html
INFO: [ app_init ] --START--
INFO: Run Behavior\BuildLiteBehavior [ RunTime:0.000016s ]
INFO: [ app_init ] --END-- [ RunTime:0.000976s ]
INFO: [ app_begin ] --START--
INFO: Run Behavior\ReadHtmlCacheBehavior [ RunTime:0.001746s ]
INFO: [ app_begin ] --END-- [ RunTime:0.001809s ]
NOTIC: [8] Use of undefined constant size - assumed 'size' D:\phpStudy\WWW\IEkcpt3.0plus\IEkcpt3.0\Application\Home\Controller\PersonalController.class.php 第 169 行.
NOTIC: [2] file_exists() expects parameter 1 to be a valid path, array given D:\phpStudy\WWW\IEkcpt3.0plus\IEkcpt3.0\Application\Home\Controller\IndexController.class.php 第 25 行.

[ 2019-09-01T09:35:50+08:00 ] ::1 /IEkcpt3.0plus/IEkcpt3.0/index.php/Home/Personal/publishproject.html
INFO: [ app_init ] --START--
INFO: Run Behavior\BuildLiteBehavior [ RunTime:0.000076s ]
INFO: [ app_init ] --END-- [ RunTime:0.004514s ]
INFO: [ app_begin ] --START--
INFO: Run Behavior\ReadHtmlCacheBehavior [ RunTime:0.001536s ]
INFO: [ app_begin ] --END-- [ RunTime:0.001628s ]
NOTIC: [8] Use of undefined constant size - assumed 'size' D:\phpStudy\WWW\IEkcpt3.0plus\IEkcpt3.0\Application\Home\Controller\PersonalController.class.php 第 169 行.
NOTIC: [2] call_user_func() expects parameter 1 to be a valid callback, no array or string given D:\phpStudy\WWW\IEkcpt3.0plus\IEkcpt3.0\ThinkPHP\Library\Think\Upload.class.php 第 170 行.

[ 2019-09-01T09:45:50+08:00 ] ::1 /IEkcpt3.0plus/IEkcpt3.0/index.php/Home/Personal/publishproject.html
INFO: [ app_init ] --START--
INFO: Run Behavior\BuildLiteBehavior [ RunTime:0.000015s ]
INFO: [ app_init ] --END-- [ RunTime:0.000918s ]
INFO: [ app_begin ] --START--
INFO: Run Behavior\ReadHtmlCacheBehavior [ RunTime:0.003213s ]
INFO: [ app_begin ] --END-- [ RunTime:0.003293s ]

[ 2019-09-01T09:46:27+08:00 ] ::1 /IEkcpt3.0plus/IEkcpt3.0/index.php/Home/Personal/publishproject.html
INFO: [ app_init ] --START--
INFO: Run Behavior\BuildLiteBehavior [ RunTime:0.000015s ]
INFO: [ app_init ] --END-- [ RunTime:0.000964s ]
INFO: [ app_begin ] --START--
INFO: Run Behavior\ReadHtmlCacheBehavior [ RunTime:0.001574s ]
INFO: [ app_begin ] --END-- [ RunTime:0.001711s ]

[ 2019-09-01T09:47:07+08:00 ] ::1 /IEkcpt3.0plus/IEkcpt3.0/index.php/Home/Personal/publishproject.html
INFO: [ app_init ] --START--
INFO: Run Behavior\BuildLiteBehavior [ RunTime:0.000016s ]
INFO: [ app_init ] --END-- [ RunTime:0.000971s ]
INFO: [ app_begin ] --START--
INFO: Run Behavior\ReadHtmlCacheBehavior [ RunTime:0.002740s ]
INFO: [ app_begin ] --END-- [ RunTime:0.003036s ]
NOTIC: [8] Use of undefined constant size - assumed 'size' D:\phpStudy\WWW\IEkcpt3.0plus\IEkcpt3.0\Application\Home\Controller\PersonalController.class.php 第 169 行.
NOTIC: [2] call_user_func() expects parameter 1 to be a valid callback, no array or string given D:\phpStudy\WWW\IEkcpt3.0plus\IEkcpt3.0\ThinkPHP\Library\Think\Upload.class.php 第 170 行.

[ 2019-09-01T09:47:48+08:00 ] ::1 /IEkcpt3.0plus/IEkcpt3.0/index.php/Home/Personal/publishproject.html
INFO: [ app_init ] --START--
INFO: Run Behavior\BuildLiteBehavior [ RunTime:0.000015s ]
INFO: [ app_init ] --END-- [ RunTime:0.000995s ]
INFO: [ app_begin ] --START--
INFO: Run Behavior\ReadHtmlCacheBehavior [ RunTime:0.001817s ]
INFO: [ app_begin ] --END-- [ RunTime:0.001878s ]
NOTIC: [8] Use of undefined constant size - assumed 'size' D:\phpStudy\WWW\IEkcpt3.0plus\IEkcpt3.0\Application\Home\Controller\PersonalController.class.php 第 169 行.
NOTIC: [2] call_user_func() expects parameter 1 to be a valid callback, no array or string given D:\phpStudy\WWW\IEkcpt3.0plus\IEkcpt3.0\ThinkPHP\Library\Think\Upload.class.php 第 170 行.

[ 2019-09-01T09:48:00+08:00 ] ::1 /IEkcpt3.0plus/IEkcpt3.0/index.php/Home/Personal/publishproject.html
INFO: [ app_init ] --START--
INFO: Run Behavior\BuildLiteBehavior [ RunTime:0.000017s ]
INFO: [ app_init ] --END-- [ RunTime:0.001115s ]
INFO: [ app_begin ] --START--
INFO: Run Behavior\ReadHtmlCacheBehavior [ RunTime:0.001584s ]
INFO: [ app_begin ] --END-- [ RunTime:0.001646s ]
NOTIC: [8] Use of undefined constant size - assumed 'size' D:\phpStudy\WWW\IEkcpt3.0plus\IEkcpt3.0\Application\Home\Controller\PersonalController.class.php 第 169 行.
NOTIC: [2] call_user_func() expects parameter 1 to be a valid callback, no array or string given D:\phpStudy\WWW\IEkcpt3.0plus\IEkcpt3.0\ThinkPHP\Library\Think\Upload.class.php 第 170 行.

[ 2019-09-01T09:49:07+08:00 ] ::1 /IEkcpt3.0plus/IEkcpt3.0/index.php/Home/Personal/publishproject.html
INFO: [ app_init ] --START--
INFO: Run Behavior\BuildLiteBehavior [ RunTime:0.000016s ]
INFO: [ app_init ] --END-- [ RunTime:0.000929s ]
INFO: [ app_begin ] --START--
INFO: Run Behavior\ReadHtmlCacheBehavior [ RunTime:0.003644s ]
INFO: [ app_begin ] --END-- [ RunTime:0.003823s ]
NOTIC: [8] Use of undefined constant size - assumed 'size' D:\phpStudy\WWW\IEkcpt3.0plus\IEkcpt3.0\Application\Home\Controller\PersonalController.class.php 第 169 行.
NOTIC: [2] call_user_func() expects parameter 1 to be a valid callback, no array or string given D:\phpStudy\WWW\IEkcpt3.0plus\IEkcpt3.0\ThinkPHP\Library\Think\Upload.class.php 第 170 行.
NOTIC: [2] Division by zero D:\phpStudy\WWW\IEkcpt3.0plus\IEkcpt3.0\Application\Home\Controller\PersonalController.class.php 第 173 行.

[ 2019-09-01T09:49:55+08:00 ] ::1 /IEkcpt3.0plus/IEkcpt3.0/index.php/Home/Personal/publishproject.html
INFO: [ app_init ] --START--
INFO: Run Behavior\BuildLiteBehavior [ RunTime:0.000013s ]
INFO: [ app_init ] --END-- [ RunTime:0.000771s ]
INFO: [ app_begin ] --START--
INFO: Run Behavior\ReadHtmlCacheBehavior [ RunTime:0.001290s ]
INFO: [ app_begin ] --END-- [ RunTime:0.001340s ]

[ 2019-09-01T09:50:17+08:00 ] ::1 /IEkcpt3.0plus/IEkcpt3.0/index.php/Home/Personal/publishproject.html
INFO: [ app_init ] --START--
INFO: Run Behavior\BuildLiteBehavior [ RunTime:0.000016s ]
INFO: [ app_init ] --END-- [ RunTime:0.000939s ]
INFO: [ app_begin ] --START--
INFO: Run Behavior\ReadHtmlCacheBehavior [ RunTime:0.001829s ]
INFO: [ app_begin ] --END-- [ RunTime:0.001891s ]
NOTIC: [8] Use of undefined constant size - assumed 'size' D:\phpStudy\WWW\IEkcpt3.0plus\IEkcpt3.0\Application\Home\Controller\PersonalController.class.php 第 169 行.
NOTIC: [2] call_user_func() expects parameter 1 to be a valid callback, no array or string given D:\phpStudy\WWW\IEkcpt3.0plus\IEkcpt3.0\ThinkPHP\Library\Think\Upload.class.php 第 170 行.

[ 2019-09-01T09:55:55+08:00 ] ::1 /IEkcpt3.0plus/IEkcpt3.0/index.php
INFO: [ app_init ] --START--
INFO: Run Behavior\BuildLiteBehavior [ RunTime:0.000027s ]
INFO: [ app_init ] --END-- [ RunTime:0.001719s ]
INFO: [ app_begin ] --START--
INFO: Run Behavior\ReadHtmlCacheBehavior [ RunTime:0.002585s ]
INFO: [ app_begin ] --END-- [ RunTime:0.002688s ]
INFO: [ view_parse ] --START--
INFO: [ template_filter ] --START--
INFO: Run Behavior\ContentReplaceBehavior [ RunTime:0.000290s ]
INFO: [ template_filter ] --END-- [ RunTime:0.000390s ]
INFO: Run Behavior\ParseTemplateBehavior [ RunTime:0.026552s ]
INFO: [ view_parse ] --END-- [ RunTime:0.026658s ]
INFO: [ view_filter ] --START--
INFO: Run Behavior\WriteHtmlCacheBehavior [ RunTime:0.001999s ]
INFO: [ view_filter ] --END-- [ RunTime:0.002080s ]

[ 2019-09-01T10:26:18+08:00 ] ::1 /IEkcpt3.0plus/IEkcpt3.0/index.php/Home/Personal/publishproject.html
INFO: [ app_init ] --START--
INFO: Run Behavior\BuildLiteBehavior [ RunTime:0.000062s ]
INFO: [ app_init ] --END-- [ RunTime:0.003644s ]
INFO: [ app_begin ] --START--
INFO: Run Behavior\ReadHtmlCacheBehavior [ RunTime:0.001847s ]
INFO: [ app_begin ] --END-- [ RunTime:0.001913s ]

[ 2019-09-01T10:26:40+08:00 ] ::1 /IEkcpt3.0plus/IEkcpt3.0/index.php/Home/Personal/publishproject.html
INFO: [ app_init ] --START--
INFO: Run Behavior\BuildLiteBehavior [ RunTime:0.000015s ]
INFO: [ app_init ] --END-- [ RunTime:0.000925s ]
INFO: [ app_begin ] --START--
INFO: Run Behavior\ReadHtmlCacheBehavior [ RunTime:0.001878s ]
INFO: [ app_begin ] --END-- [ RunTime:0.002121s ]
NOTIC: [8] Use of undefined constant size - assumed 'size' D:\phpStudy\WWW\IEkcpt3.0plus\IEkcpt3.0\Application\Home\Controller\PersonalController.class.php 第 169 行.
NOTIC: [2] call_user_func() expects parameter 1 to be a valid callback, no array or string given D:\phpStudy\WWW\IEkcpt3.0plus\IEkcpt3.0\ThinkPHP\Library\Think\Upload.class.php 第 170 行.

[ 2019-09-01T10:27:03+08:00 ] ::1 /IEkcpt3.0plus/IEkcpt3.0/index.php/Home/Personal/publishproject.html
INFO: [ app_init ] --START--
INFO: Run Behavior\BuildLiteBehavior [ RunTime:0.000016s ]
INFO: [ app_init ] --END-- [ RunTime:0.000934s ]
INFO: [ app_begin ] --START--
INFO: Run Behavior\ReadHtmlCacheBehavior [ RunTime:0.006639s ]
INFO: [ app_begin ] --END-- [ RunTime:0.006753s ]
NOTIC: [8] Use of undefined constant size - assumed 'size' D:\phpStudy\WWW\IEkcpt3.0plus\IEkcpt3.0\Application\Home\Controller\PersonalController.class.php 第 169 行.
NOTIC: [2] call_user_func() expects parameter 1 to be a valid callback, no array or string given D:\phpStudy\WWW\IEkcpt3.0plus\IEkcpt3.0\ThinkPHP\Library\Think\Upload.class.php 第 170 行.

[ 2019-09-01T10:28:33+08:00 ] ::1 /IEkcpt3.0plus/IEkcpt3.0/index.php/Home/Personal/publishproject.html
INFO: [ app_init ] --START--
INFO: Run Behavior\BuildLiteBehavior [ RunTime:0.000016s ]
INFO: [ app_init ] --END-- [ RunTime:0.000990s ]
INFO: [ app_begin ] --START--
INFO: Run Behavior\ReadHtmlCacheBehavior [ RunTime:0.001866s ]
INFO: [ app_begin ] --END-- [ RunTime:0.001928s ]
NOTIC: [8] Use of undefined constant size - assumed 'size' D:\phpStudy\WWW\IEkcpt3.0plus\IEkcpt3.0\Application\Home\Controller\PersonalController.class.php 第 169 行.
NOTIC: [2] call_user_func() expects parameter 1 to be a valid callback, no array or string given D:\phpStudy\WWW\IEkcpt3.0plus\IEkcpt3.0\ThinkPHP\Library\Think\Upload.class.php 第 170 行.
NOTIC: [8] Undefined index: DOCUMENT_ROOT/IEkcpt3.0plus/IEkcpt3.0/Public D:\phpStudy\WWW\IEkcpt3.0plus\IEkcpt3.0\Application\Home\Controller\PersonalController.class.php 第 173 行.

[ 2019-09-01T10:28:50+08:00 ] ::1 /IEkcpt3.0plus/IEkcpt3.0/index.php/Home/Personal/viewpro.html
INFO: [ app_init ] --START--
INFO: Run Behavior\BuildLiteBehavior [ RunTime:0.000026s ]
INFO: [ app_init ] --END-- [ RunTime:0.001034s ]
INFO: [ app_begin ] --START--
INFO: Run Behavior\ReadHtmlCacheBehavior [ RunTime:0.001638s ]
INFO: [ app_begin ] --END-- [ RunTime:0.001697s ]
INFO: [ view_parse ] --START--
INFO: [ template_filter ] --START--
INFO: Run Behavior\ContentReplaceBehavior [ RunTime:0.000352s ]
INFO: [ template_filter ] --END-- [ RunTime:0.000544s ]
INFO: Run Behavior\ParseTemplateBehavior [ RunTime:0.066420s ]
INFO: [ view_parse ] --END-- [ RunTime:0.067174s ]
INFO: [ view_filter ] --START--
INFO: Run Behavior\WriteHtmlCacheBehavior [ RunTime:0.008387s ]
INFO: [ view_filter ] --END-- [ RunTime:0.008556s ]
INFO: [ app_end ] --START--
INFO: Run Behavior\ShowPageTraceBehavior [ RunTime:0.006085s ]
INFO: [ app_end ] --END-- [ RunTime:0.006249s ]

[ 2019-09-01T10:28:58+08:00 ] ::1 /IEkcpt3.0plus/IEkcpt3.0/index.php/Home/Personal/publishproject.html
INFO: [ app_init ] --START--
INFO: Run Behavior\BuildLiteBehavior [ RunTime:0.000025s ]
INFO: [ app_init ] --END-- [ RunTime:0.001754s ]
INFO: [ app_begin ] --START--
INFO: Run Behavior\ReadHtmlCacheBehavior [ RunTime:0.001846s ]
INFO: [ app_begin ] --END-- [ RunTime:0.001912s ]
NOTIC: [8] Use of undefined constant size - assumed 'size' D:\phpStudy\WWW\IEkcpt3.0plus\IEkcpt3.0\Application\Home\Controller\PersonalController.class.php 第 169 行.
NOTIC: [2] call_user_func() expects parameter 1 to be a valid callback, no array or string given D:\phpStudy\WWW\IEkcpt3.0plus\IEkcpt3.0\ThinkPHP\Library\Think\Upload.class.php 第 170 行.
NOTIC: [8] Undefined index: DOCUMENT_ROOT/IEkcpt3.0plus/IEkcpt3.0/Public D:\phpStudy\WWW\IEkcpt3.0plus\IEkcpt3.0\Application\Home\Controller\PersonalController.class.php 第 173 行.

[ 2019-09-01T10:31:49+08:00 ] ::1 /IEkcpt3.0plus/IEkcpt3.0/index.php/Home/Personal/viewpro.html
INFO: [ app_init ] --START--
INFO: Run Behavior\BuildLiteBehavior [ RunTime:0.000017s ]
INFO: [ app_init ] --END-- [ RunTime:0.000999s ]
INFO: [ app_begin ] --START--
INFO: Run Behavior\ReadHtmlCacheBehavior [ RunTime:0.002019s ]
INFO: [ app_begin ] --END-- [ RunTime:0.002099s ]
INFO: [ view_parse ] --START--
INFO: [ template_filter ] --START--
INFO: Run Behavior\ContentReplaceBehavior [ RunTime:0.000117s ]
INFO: [ template_filter ] --END-- [ RunTime:0.000197s ]
INFO: Run Behavior\ParseTemplateBehavior [ RunTime:0.020114s ]
INFO: [ view_parse ] --END-- [ RunTime:0.020178s ]
INFO: [ view_filter ] --START--
INFO: Run Behavior\WriteHtmlCacheBehavior [ RunTime:0.005062s ]
INFO: [ view_filter ] --END-- [ RunTime:0.005127s ]
INFO: [ app_end ] --START--
INFO: Run Behavior\ShowPageTraceBehavior [ RunTime:0.002749s ]
INFO: [ app_end ] --END-- [ RunTime:0.002877s ]

[ 2019-09-01T10:31:59+08:00 ] ::1 /IEkcpt3.0plus/IEkcpt3.0/index.php/Home/Personal/publishproject.html
INFO: [ app_init ] --START--
INFO: Run Behavior\BuildLiteBehavior [ RunTime:0.000014s ]
INFO: [ app_init ] --END-- [ RunTime:0.000816s ]
INFO: [ app_begin ] --START--
INFO: Run Behavior\ReadHtmlCacheBehavior [ RunTime:0.001454s ]
INFO: [ app_begin ] --END-- [ RunTime:0.001518s ]
NOTIC: [8] Use of undefined constant size - assumed 'size' D:\phpStudy\WWW\IEkcpt3.0plus\IEkcpt3.0\Application\Home\Controller\PersonalController.class.php 第 169 行.
NOTIC: [2] call_user_func() expects parameter 1 to be a valid callback, no array or string given D:\phpStudy\WWW\IEkcpt3.0plus\IEkcpt3.0\ThinkPHP\Library\Think\Upload.class.php 第 170 行.
SQL: SHOW COLUMNS FROM `projectinfo` [ RunTime:0.0092s ]
NOTIC: [8] Use of undefined constant datetime - assumed 'datetime' D:\phpStudy\WWW\IEkcpt3.0plus\IEkcpt3.0\Application\Home\Controller\PersonalController.class.php 第 189 行.
NOTIC: [8] Use of undefined constant sname - assumed 'sname' D:\phpStudy\WWW\IEkcpt3.0plus\IEkcpt3.0\Application\Home\Controller\PersonalController.class.php 第 192 行.
NOTIC: [8] Undefined index: protype D:\phpStudy\WWW\IEkcpt3.0plus\IEkcpt3.0\Application\Home\Controller\PersonalController.class.php 第 195 行.
NOTIC: [2] implode(): Invalid arguments passed D:\phpStudy\WWW\IEkcpt3.0plus\IEkcpt3.0\Application\Home\Controller\PersonalController.class.php 第 195 行.
NOTIC: [8] Undefined index: validate D:\phpStudy\WWW\IEkcpt3.0plus\IEkcpt3.0\ThinkPHP\Library\Think\Model.class.php 第 1185 行.
NOTIC: [8] Undefined index: auto D:\phpStudy\WWW\IEkcpt3.0plus\IEkcpt3.0\ThinkPHP\Library\Think\Model.class.php 第 1128 行.
SQL: INSERT INTO `projectinfo` (`proname`,`requires`,`prodate`,`procost`,`prophone`,`isInvest`,`prologo`,`datetime`,`propeoplename`,`protype`) VALUES ('','','','可议价','70800','未获投资','Uploads/2019-09-01/5d6b2d9f765ac.jpg','2019-09-01','杨海涛','') [ RunTime:0.0005s ]
INFO: [ view_parse ] --START--
INFO: [ template_filter ] --START--
INFO: Run Behavior\ContentReplaceBehavior [ RunTime:0.000039s ]
INFO: [ template_filter ] --END-- [ RunTime:0.000090s ]
INFO: Run Behavior\ParseTemplateBehavior [ RunTime:0.015641s ]
INFO: [ view_parse ] --END-- [ RunTime:0.015700s ]
INFO: [ view_filter ] --START--
INFO: Run Behavior\WriteHtmlCacheBehavior [ RunTime:0.001382s ]
INFO: [ view_filter ] --END-- [ RunTime:0.001426s ]
INFO: [ app_end ] --START--
INFO: Run Behavior\ShowPageTraceBehavior [ RunTime:0.001633s ]
INFO: [ app_end ] --END-- [ RunTime:0.001679s ]

[ 2019-09-01T10:32:00+08:00 ] ::1 /IEkcpt3.0plus/IEkcpt3.0/index.php/Home/Cases/findcases.html
INFO: [ app_init ] --START--
INFO: Run Behavior\BuildLiteBehavior [ RunTime:0.000030s ]
INFO: [ app_init ] --END-- [ RunTime:0.002298s ]
INFO: [ app_begin ] --START--
INFO: Run Behavior\ReadHtmlCacheBehavior [ RunTime:0.003116s ]
INFO: [ app_begin ] --END-- [ RunTime:0.003234s ]
SQL: SHOW COLUMNS FROM `projectinfo` [ RunTime:0.0154s ]
SQL: select * from projectinfo [ RunTime:0.0008s ]
INFO: [ view_parse ] --START--
INFO: [ template_filter ] --START--
INFO: Run Behavior\ContentReplaceBehavior [ RunTime:0.000217s ]
INFO: [ template_filter ] --END-- [ RunTime:0.000343s ]
INFO: Run Behavior\ParseTemplateBehavior [ RunTime:0.046830s ]
INFO: [ view_parse ] --END-- [ RunTime:0.046951s ]
INFO: [ view_filter ] --START--
INFO: Run Behavior\WriteHtmlCacheBehavior [ RunTime:0.003686s ]
INFO: [ view_filter ] --END-- [ RunTime:0.003795s ]
INFO: [ app_end ] --START--
INFO: Run Behavior\ShowPageTraceBehavior [ RunTime:0.004240s ]
INFO: [ app_end ] --END-- [ RunTime:0.004385s ]

[ 2019-09-01T13:38:07+08:00 ] ::1 /IEkcpt3.0plus/IEkcpt3.0/
INFO: [ app_init ] --START--
INFO: Run Behavior\BuildLiteBehavior [ RunTime:0.000033s ]
INFO: [ app_init ] --END-- [ RunTime:0.002633s ]
INFO: [ app_begin ] --START--
INFO: Run Behavior\ReadHtmlCacheBehavior [ RunTime:0.003902s ]
INFO: [ app_begin ] --END-- [ RunTime:0.004073s ]
INFO: [ view_parse ] --START--
INFO: [ template_filter ] --START--
INFO: Run Behavior\ContentReplaceBehavior [ RunTime:0.000611s ]
INFO: [ template_filter ] --END-- [ RunTime:0.000819s ]
INFO: Run Behavior\ParseTemplateBehavior [ RunTime:0.092625s ]
INFO: [ view_parse ] --END-- [ RunTime:0.092875s ]
INFO: [ view_filter ] --START--
INFO: Run Behavior\WriteHtmlCacheBehavior [ RunTime:0.005468s ]
INFO: [ view_filter ] --END-- [ RunTime:0.005705s ]
INFO: [ app_end ] --START--
INFO: Run Behavior\ShowPageTraceBehavior [ RunTime:0.011278s ]
INFO: [ app_end ] --END-- [ RunTime:0.011624s ]

[ 2019-09-01T13:38:14+08:00 ] ::1 /IEkcpt3.0plus/IEkcpt3.0/index.php/Home/Login/login.html
INFO: [ app_init ] --START--
INFO: Run Behavior\BuildLiteBehavior [ RunTime:0.000022s ]
INFO: [ app_init ] --END-- [ RunTime:0.001059s ]
INFO: [ app_begin ] --START--
INFO: Run Behavior\ReadHtmlCacheBehavior [ RunTime:0.002235s ]
INFO: [ app_begin ] --END-- [ RunTime:0.002320s ]
INFO: [ view_parse ] --START--
INFO: [ template_filter ] --START--
INFO: Run Behavior\ContentReplaceBehavior [ RunTime:0.000170s ]
INFO: [ template_filter ] --END-- [ RunTime:0.000335s ]
INFO: Run Behavior\ParseTemplateBehavior [ RunTime:0.074671s ]
INFO: [ view_parse ] --END-- [ RunTime:0.074782s ]
INFO: [ view_filter ] --START--
INFO: Run Behavior\WriteHtmlCacheBehavior [ RunTime:0.003783s ]
INFO: [ view_filter ] --END-- [ RunTime:0.003917s ]
INFO: [ app_end ] --START--
INFO: Run Behavior\ShowPageTraceBehavior [ RunTime:0.004234s ]
INFO: [ app_end ] --END-- [ RunTime:0.004353s ]

[ 2019-09-01T13:38:14+08:00 ] ::1 /IEkcpt3.0plus/IEkcpt3.0/index.php/Home/Verify/verify.html
INFO: [ app_init ] --START--
INFO: Run Behavior\BuildLiteBehavior [ RunTime:0.000030s ]
INFO: [ app_init ] --END-- [ RunTime:0.001487s ]
INFO: [ app_begin ] --START--
INFO: Run Behavior\ReadHtmlCacheBehavior [ RunTime:0.002785s ]
INFO: [ app_begin ] --END-- [ RunTime:0.002876s ]
INFO: [ app_end ] --START--
INFO: Run Behavior\ShowPageTraceBehavior [ RunTime:0.004932s ]
INFO: [ app_end ] --END-- [ RunTime:0.005038s ]

[ 2019-09-01T13:38:19+08:00 ] ::1 /IEkcpt3.0plus/IEkcpt3.0/index.php/Home/Login/zcxy.html
INFO: [ app_init ] --START--
INFO: Run Behavior\BuildLiteBehavior [ RunTime:0.000017s ]
INFO: [ app_init ] --END-- [ RunTime:0.000991s ]
INFO: [ app_begin ] --START--
INFO: Run Behavior\ReadHtmlCacheBehavior [ RunTime:0.002002s ]
INFO: [ app_begin ] --END-- [ RunTime:0.002088s ]
INFO: [ view_parse ] --START--
INFO: [ template_filter ] --START--
INFO: Run Behavior\ContentReplaceBehavior [ RunTime:0.000265s ]
INFO: [ template_filter ] --END-- [ RunTime:0.000417s ]
INFO: Run Behavior\ParseTemplateBehavior [ RunTime:0.088651s ]
INFO: [ view_parse ] --END-- [ RunTime:0.088726s ]
INFO: [ view_filter ] --START--
INFO: Run Behavior\WriteHtmlCacheBehavior [ RunTime:0.002434s ]
INFO: [ view_filter ] --END-- [ RunTime:0.002592s ]
INFO: [ app_end ] --START--
INFO: Run Behavior\ShowPageTraceBehavior [ RunTime:0.016955s ]
INFO: [ app_end ] --END-- [ RunTime:0.018282s ]

[ 2019-09-01T22:45:48+08:00 ] ::1 /IEkcpt3.0plus/IEkcpt3.0/index.php/Home/Login/login.html
INFO: [ app_init ] --START--
INFO: Run Behavior\BuildLiteBehavior [ RunTime:0.000039s ]
INFO: [ app_init ] --END-- [ RunTime:0.002892s ]
INFO: [ app_begin ] --START--
INFO: Run Behavior\ReadHtmlCacheBehavior [ RunTime:0.004605s ]
INFO: [ app_begin ] --END-- [ RunTime:0.004782s ]
INFO: [ view_parse ] --START--
INFO: [ template_filter ] --START--
INFO: Run Behavior\ContentReplaceBehavior [ RunTime:0.000189s ]
INFO: [ template_filter ] --END-- [ RunTime:0.000318s ]
INFO: Run Behavior\ParseTemplateBehavior [ RunTime:0.051729s ]
INFO: [ view_parse ] --END-- [ RunTime:0.051860s ]
INFO: [ view_filter ] --START--
INFO: Run Behavior\WriteHtmlCacheBehavior [ RunTime:0.005859s ]
INFO: [ view_filter ] --END-- [ RunTime:0.005965s ]
INFO: [ app_end ] --START--
INFO: Run Behavior\ShowPageTraceBehavior [ RunTime:0.007333s ]
INFO: [ app_end ] --END-- [ RunTime:0.008720s ]

[ 2019-09-01T22:45:49+08:00 ] ::1 /IEkcpt3.0plus/IEkcpt3.0/index.php/Home/Verify/verify.html
INFO: [ app_init ] --START--
INFO: Run Behavior\BuildLiteBehavior [ RunTime:0.000027s ]
INFO: [ app_init ] --END-- [ RunTime:0.051248s ]
INFO: [ app_begin ] --START--
INFO: Run Behavior\ReadHtmlCacheBehavior [ RunTime:0.003116s ]
INFO: [ app_begin ] --END-- [ RunTime:0.003269s ]
INFO: [ app_end ] --START--
INFO: Run Behavior\ShowPageTraceBehavior [ RunTime:0.003653s ]
INFO: [ app_end ] --END-- [ RunTime:0.003785s ]

[ 2019-09-01T22:46:01+08:00 ] ::1 /IEkcpt3.0plus/IEkcpt3.0/index.php/Home/Login/login.html
INFO: [ app_init ] --START--
INFO: Run Behavior\BuildLiteBehavior [ RunTime:0.000029s ]
INFO: [ app_init ] --END-- [ RunTime:0.001851s ]
INFO: [ app_begin ] --START--
INFO: Run Behavior\ReadHtmlCacheBehavior [ RunTime:0.004571s ]
INFO: [ app_begin ] --END-- [ RunTime:0.004720s ]
SQL: SHOW COLUMNS FROM `suser` [ RunTime:0.5207s ]
NOTIC: [8] Undefined index: validate D:\phpStudy\WWW\IEkcpt3.0plus\IEkcpt3.0\ThinkPHP\Library\Think\Model.class.php 第 1185 行.
NOTIC: [8] Undefined index: auto D:\phpStudy\WWW\IEkcpt3.0plus\IEkcpt3.0\ThinkPHP\Library\Think\Model.class.php 第 1128 行.
SQL: SELECT * FROM `suser` WHERE `sid` = '201711104089' LIMIT 1   [ RunTime:0.0960s ]
INFO: [ view_parse ] --START--
INFO: [ template_filter ] --START--
INFO: Run Behavior\ContentReplaceBehavior [ RunTime:0.000075s ]
INFO: [ template_filter ] --END-- [ RunTime:0.000177s ]
INFO: Run Behavior\ParseTemplateBehavior [ RunTime:0.058581s ]
INFO: [ view_parse ] --END-- [ RunTime:0.058748s ]
INFO: [ view_filter ] --START--
INFO: Run Behavior\WriteHtmlCacheBehavior [ RunTime:0.004214s ]
INFO: [ view_filter ] --END-- [ RunTime:0.004326s ]
INFO: [ app_end ] --START--
INFO: Run Behavior\ShowPageTraceBehavior [ RunTime:0.005121s ]
INFO: [ app_end ] --END-- [ RunTime:0.005219s ]

[ 2019-09-01T22:46:02+08:00 ] ::1 /IEkcpt3.0plus/IEkcpt3.0/index.php/Home/Personal/index.html
INFO: [ app_init ] --START--
INFO: Run Behavior\BuildLiteBehavior [ RunTime:0.000017s ]
INFO: [ app_init ] --END-- [ RunTime:0.001269s ]
INFO: [ app_begin ] --START--
INFO: Run Behavior\ReadHtmlCacheBehavior [ RunTime:0.001918s ]
INFO: [ app_begin ] --END-- [ RunTime:0.001985s ]
INFO: [ view_parse ] --START--
INFO: [ template_filter ] --START--
INFO: Run Behavior\ContentReplaceBehavior [ RunTime:0.021430s ]
INFO: [ template_filter ] --END-- [ RunTime:0.021551s ]
INFO: Run Behavior\ParseTemplateBehavior [ RunTime:0.074331s ]
INFO: [ view_parse ] --END-- [ RunTime:0.074436s ]
INFO: [ view_filter ] --START--
INFO: Run Behavior\WriteHtmlCacheBehavior [ RunTime:0.002733s ]
INFO: [ view_filter ] --END-- [ RunTime:0.002814s ]
INFO: [ app_end ] --START--
INFO: Run Behavior\ShowPageTraceBehavior [ RunTime:0.005784s ]
INFO: [ app_end ] --END-- [ RunTime:0.005899s ]

[ 2019-09-01T23:03:44+08:00 ] ::1 /IEkcpt3.0plus/IEkcpt3.0/index.php/Home/Personal/xiaoxi.html
INFO: [ app_init ] --START--
INFO: Run Behavior\BuildLiteBehavior [ RunTime:0.000022s ]
INFO: [ app_init ] --END-- [ RunTime:0.001445s ]
INFO: [ app_begin ] --START--
INFO: Run Behavior\ReadHtmlCacheBehavior [ RunTime:0.001992s ]
INFO: [ app_begin ] --END-- [ RunTime:0.002061s ]
INFO: [ view_parse ] --START--
INFO: [ template_filter ] --START--
INFO: Run Behavior\ContentReplaceBehavior [ RunTime:0.000488s ]
INFO: [ template_filter ] --END-- [ RunTime:0.000872s ]
INFO: Run Behavior\ParseTemplateBehavior [ RunTime:0.095653s ]
INFO: [ view_parse ] --END-- [ RunTime:0.096036s ]
INFO: [ view_filter ] --START--
INFO: Run Behavior\WriteHtmlCacheBehavior [ RunTime:0.012468s ]
INFO: [ view_filter ] --END-- [ RunTime:0.012784s ]
INFO: [ app_end ] --START--
INFO: Run Behavior\ShowPageTraceBehavior [ RunTime:0.008876s ]
INFO: [ app_end ] --END-- [ RunTime:0.009006s ]

[ 2019-09-01T23:09:50+08:00 ] ::1 /IEkcpt3.0plus/IEkcpt3.0/index.php/Home/Teacher/index.html
INFO: [ app_init ] --START--
INFO: Run Behavior\BuildLiteBehavior [ RunTime:0.000016s ]
INFO: [ app_init ] --END-- [ RunTime:0.000898s ]
INFO: [ app_begin ] --START--
INFO: Run Behavior\ReadHtmlCacheBehavior [ RunTime:0.002205s ]
INFO: [ app_begin ] --END-- [ RunTime:0.002291s ]
INFO: [ view_parse ] --START--
INFO: [ template_filter ] --START--
INFO: Run Behavior\ContentReplaceBehavior [ RunTime:0.000119s ]
INFO: [ template_filter ] --END-- [ RunTime:0.000176s ]
INFO: Run Behavior\ParseTemplateBehavior [ RunTime:0.052639s ]
INFO: [ view_parse ] --END-- [ RunTime:0.052709s ]
INFO: [ view_filter ] --START--
INFO: Run Behavior\WriteHtmlCacheBehavior [ RunTime:0.001250s ]
INFO: [ view_filter ] --END-- [ RunTime:0.001292s ]
INFO: [ app_end ] --START--
INFO: Run Behavior\ShowPageTraceBehavior [ RunTime:0.002334s ]
INFO: [ app_end ] --END-- [ RunTime:0.002404s ]

[ 2019-09-01T23:10:07+08:00 ] ::1 /IEkcpt3.0plus/IEkcpt3.0/index.php/Home/indexafter/index.html
INFO: [ app_init ] --START--
INFO: Run Behavior\BuildLiteBehavior [ RunTime:0.000017s ]
INFO: [ app_init ] --END-- [ RunTime:0.000825s ]
INFO: [ app_begin ] --START--
INFO: Run Behavior\ReadHtmlCacheBehavior [ RunTime:0.002670s ]
INFO: [ app_begin ] --END-- [ RunTime:0.002845s ]
INFO: [ view_parse ] --START--
INFO: [ template_filter ] --START--
INFO: Run Behavior\ContentReplaceBehavior [ RunTime:0.000250s ]
INFO: [ template_filter ] --END-- [ RunTime:0.000334s ]
INFO: Run Behavior\ParseTemplateBehavior [ RunTime:0.065914s ]
INFO: [ view_parse ] --END-- [ RunTime:0.065979s ]
INFO: [ view_filter ] --START--
INFO: Run Behavior\WriteHtmlCacheBehavior [ RunTime:0.001210s ]
INFO: [ view_filter ] --END-- [ RunTime:0.001256s ]
INFO: [ app_end ] --START--
INFO: Run Behavior\ShowPageTraceBehavior [ RunTime:0.001915s ]
INFO: [ app_end ] --END-- [ RunTime:0.001992s ]

[ 2019-09-01T23:10:09+08:00 ] ::1 /IEkcpt3.0plus/IEkcpt3.0/index.php/Home/Post/findpost.html
INFO: [ app_init ] --START--
INFO: Run Behavior\BuildLiteBehavior [ RunTime:0.000024s ]
INFO: [ app_init ] --END-- [ RunTime:0.002282s ]
INFO: [ app_begin ] --START--
INFO: Run Behavior\ReadHtmlCacheBehavior [ RunTime:0.006018s ]
INFO: [ app_begin ] --END-- [ RunTime:0.006128s ]
SQL: SHOW COLUMNS FROM `postinfo` [ RunTime:0.2075s ]
SQL: select * from postinfo [ RunTime:0.0085s ]
INFO: [ view_parse ] --START--
INFO: [ template_filter ] --START--
INFO: Run Behavior\ContentReplaceBehavior [ RunTime:0.000132s ]
INFO: [ template_filter ] --END-- [ RunTime:0.000218s ]
INFO: Run Behavior\ParseTemplateBehavior [ RunTime:0.352399s ]
INFO: [ view_parse ] --END-- [ RunTime:0.352505s ]
INFO: [ view_filter ] --START--
INFO: Run Behavior\WriteHtmlCacheBehavior [ RunTime:0.001691s ]
INFO: [ view_filter ] --END-- [ RunTime:0.001764s ]
INFO: [ app_end ] --START--
INFO: Run Behavior\ShowPageTraceBehavior [ RunTime:0.002225s ]
INFO: [ app_end ] --END-- [ RunTime:0.002318s ]

[ 2019-09-01T23:10:10+08:00 ] ::1 /IEkcpt3.0plus/IEkcpt3.0/index.php/Home/Post/findpost.html
INFO: [ app_init ] --START--
INFO: Run Behavior\BuildLiteBehavior [ RunTime:0.000019s ]
INFO: [ app_init ] --END-- [ RunTime:0.001369s ]
INFO: [ app_begin ] --START--
INFO: Run Behavior\ReadHtmlCacheBehavior [ RunTime:0.003469s ]
INFO: [ app_begin ] --END-- [ RunTime:0.003585s ]
SQL: SHOW COLUMNS FROM `postinfo` [ RunTime:0.0166s ]
SQL: select * from postinfo [ RunTime:0.0007s ]
INFO: [ view_parse ] --START--
INFO: [ template_filter ] --START--
INFO: Run Behavior\ContentReplaceBehavior [ RunTime:0.000136s ]
INFO: [ template_filter ] --END-- [ RunTime:0.000215s ]
INFO: Run Behavior\ParseTemplateBehavior [ RunTime:0.021353s ]
INFO: [ view_parse ] --END-- [ RunTime:0.021450s ]
INFO: [ view_filter ] --START--
INFO: Run Behavior\WriteHtmlCacheBehavior [ RunTime:0.001526s ]
INFO: [ view_filter ] --END-- [ RunTime:0.001629s ]
INFO: [ app_end ] --START--
INFO: Run Behavior\ShowPageTraceBehavior [ RunTime:0.001994s ]
INFO: [ app_end ] --END-- [ RunTime:0.002181s ]

[ 2019-09-01T23:12:44+08:00 ] ::1 /IEkcpt3.0plus/IEkcpt3.0/index.php/Home/Teacher/index.html
INFO: [ app_init ] --START--
INFO: Run Behavior\BuildLiteBehavior [ RunTime:0.000033s ]
INFO: [ app_init ] --END-- [ RunTime:0.005604s ]
INFO: [ app_begin ] --START--
INFO: Run Behavior\ReadHtmlCacheBehavior [ RunTime:0.005161s ]
INFO: [ app_begin ] --END-- [ RunTime:0.005340s ]
INFO: [ view_parse ] --START--
INFO: [ template_filter ] --START--
INFO: Run Behavior\ContentReplaceBehavior [ RunTime:0.000417s ]
INFO: [ template_filter ] --END-- [ RunTime:0.000585s ]
INFO: Run Behavior\ParseTemplateBehavior [ RunTime:0.046584s ]
INFO: [ view_parse ] --END-- [ RunTime:0.046713s ]
INFO: [ view_filter ] --START--
INFO: Run Behavior\WriteHtmlCacheBehavior [ RunTime:0.002442s ]
INFO: [ view_filter ] --END-- [ RunTime:0.002546s ]
INFO: [ app_end ] --START--
INFO: Run Behavior\ShowPageTraceBehavior [ RunTime:0.004410s ]
INFO: [ app_end ] --END-- [ RunTime:0.004572s ]

[ 2019-09-01T23:26:40+08:00 ] ::1 /IEkcpt3.0plus/IEkcpt3.0/index.php/Home/Login/loginout.html
INFO: [ app_init ] --START--
INFO: Run Behavior\BuildLiteBehavior [ RunTime:0.000014s ]
INFO: [ app_init ] --END-- [ RunTime:0.000836s ]
INFO: [ app_begin ] --START--
INFO: Run Behavior\ReadHtmlCacheBehavior [ RunTime:0.001681s ]
INFO: [ app_begin ] --END-- [ RunTime:0.001730s ]
INFO: [ view_parse ] --START--
INFO: [ template_filter ] --START--
INFO: Run Behavior\ContentReplaceBehavior [ RunTime:0.000033s ]
INFO: [ template_filter ] --END-- [ RunTime:0.000074s ]
INFO: Run Behavior\ParseTemplateBehavior [ RunTime:0.008409s ]
INFO: [ view_parse ] --END-- [ RunTime:0.008478s ]
INFO: [ view_filter ] --START--
INFO: Run Behavior\WriteHtmlCacheBehavior [ RunTime:0.001079s ]
INFO: [ view_filter ] --END-- [ RunTime:0.001124s ]
INFO: [ app_end ] --START--
INFO: Run Behavior\ShowPageTraceBehavior [ RunTime:0.001464s ]
INFO: [ app_end ] --END-- [ RunTime:0.001552s ]

[ 2019-09-01T23:26:41+08:00 ] ::1 /IEkcpt3.0plus/IEkcpt3.0/index.php/Home/Index/index.html
INFO: [ app_init ] --START--
INFO: Run Behavior\BuildLiteBehavior [ RunTime:0.000016s ]
INFO: [ app_init ] --END-- [ RunTime:0.000917s ]
INFO: [ app_begin ] --START--
INFO: Run Behavior\ReadHtmlCacheBehavior [ RunTime:0.001536s ]
INFO: [ app_begin ] --END-- [ RunTime:0.001644s ]
INFO: [ view_parse ] --START--
INFO: [ template_filter ] --START--
INFO: Run Behavior\ContentReplaceBehavior [ RunTime:0.000365s ]
INFO: [ template_filter ] --END-- [ RunTime:0.000480s ]
INFO: Run Behavior\ParseTemplateBehavior [ RunTime:0.080222s ]
INFO: [ view_parse ] --END-- [ RunTime:0.080408s ]
INFO: [ view_filter ] --START--
INFO: Run Behavior\WriteHtmlCacheBehavior [ RunTime:0.002035s ]
INFO: [ view_filter ] --END-- [ RunTime:0.002126s ]
INFO: [ app_end ] --START--
INFO: Run Behavior\ShowPageTraceBehavior [ RunTime:0.007064s ]
INFO: [ app_end ] --END-- [ RunTime:0.007218s ]

[ 2019-09-01T23:26:43+08:00 ] ::1 /IEkcpt3.0plus/IEkcpt3.0/index.php/Home/Login/login.html
INFO: [ app_init ] --START--
INFO: Run Behavior\BuildLiteBehavior [ RunTime:0.000024s ]
INFO: [ app_init ] --END-- [ RunTime:0.001440s ]
INFO: [ app_begin ] --START--
INFO: Run Behavior\ReadHtmlCacheBehavior [ RunTime:0.002133s ]
INFO: [ app_begin ] --END-- [ RunTime:0.002376s ]
INFO: [ view_parse ] --START--
INFO: [ template_filter ] --START--
INFO: Run Behavior\ContentReplaceBehavior [ RunTime:0.000115s ]
INFO: [ template_filter ] --END-- [ RunTime:0.000204s ]
INFO: Run Behavior\ParseTemplateBehavior [ RunTime:0.014661s ]
INFO: [ view_parse ] --END-- [ RunTime:0.014730s ]
INFO: [ view_filter ] --START--
INFO: Run Behavior\WriteHtmlCacheBehavior [ RunTime:0.001058s ]
INFO: [ view_filter ] --END-- [ RunTime:0.001103s ]
INFO: [ app_end ] --START--
INFO: Run Behavior\ShowPageTraceBehavior [ RunTime:0.001832s ]
INFO: [ app_end ] --END-- [ RunTime:0.001908s ]

[ 2019-09-01T23:26:43+08:00 ] ::1 /IEkcpt3.0plus/IEkcpt3.0/index.php/Home/Verify/verify.html
INFO: [ app_init ] --START--
INFO: Run Behavior\BuildLiteBehavior [ RunTime:0.000094s ]
INFO: [ app_init ] --END-- [ RunTime:0.005096s ]
INFO: [ app_begin ] --START--
INFO: Run Behavior\ReadHtmlCacheBehavior [ RunTime:0.001537s ]
INFO: [ app_begin ] --END-- [ RunTime:0.001660s ]
INFO: [ app_end ] --START--
INFO: Run Behavior\ShowPageTraceBehavior [ RunTime:0.033462s ]
INFO: [ app_end ] --END-- [ RunTime:0.033547s ]

[ 2019-09-01T23:26:48+08:00 ] ::1 /IEkcpt3.0plus/IEkcpt3.0/index.php/Home/Verify/verify.html
INFO: [ app_init ] --START--
INFO: Run Behavior\BuildLiteBehavior [ RunTime:0.000017s ]
INFO: [ app_init ] --END-- [ RunTime:0.001493s ]
INFO: [ app_begin ] --START--
INFO: Run Behavior\ReadHtmlCacheBehavior [ RunTime:0.001811s ]
INFO: [ app_begin ] --END-- [ RunTime:0.001909s ]
INFO: [ app_end ] --START--
INFO: Run Behavior\ShowPageTraceBehavior [ RunTime:0.001251s ]
INFO: [ app_end ] --END-- [ RunTime:0.001323s ]

[ 2019-09-01T23:26:55+08:00 ] ::1 /IEkcpt3.0plus/IEkcpt3.0/index.php/Home/Login/login.html
INFO: [ app_init ] --START--
INFO: Run Behavior\BuildLiteBehavior [ RunTime:0.000027s ]
INFO: [ app_init ] --END-- [ RunTime:0.001290s ]
INFO: [ app_begin ] --START--
INFO: Run Behavior\ReadHtmlCacheBehavior [ RunTime:0.002053s ]
INFO: [ app_begin ] --END-- [ RunTime:0.002138s ]
SQL: SHOW COLUMNS FROM `suser` [ RunTime:0.0313s ]
NOTIC: [8] Undefined index: validate D:\phpStudy\WWW\IEkcpt3.0plus\IEkcpt3.0\ThinkPHP\Library\Think\Model.class.php 第 1185 行.
NOTIC: [8] Undefined index: auto D:\phpStudy\WWW\IEkcpt3.0plus\IEkcpt3.0\ThinkPHP\Library\Think\Model.class.php 第 1128 行.
SQL: SELECT * FROM `suser` WHERE `sid` = 'qiye123' LIMIT 1   [ RunTime:0.0005s ]
INFO: [ view_parse ] --START--
INFO: [ template_filter ] --START--
INFO: Run Behavior\ContentReplaceBehavior [ RunTime:0.000089s ]
INFO: [ template_filter ] --END-- [ RunTime:0.000167s ]
INFO: Run Behavior\ParseTemplateBehavior [ RunTime:0.013895s ]
INFO: [ view_parse ] --END-- [ RunTime:0.013975s ]
INFO: [ view_filter ] --START--
INFO: Run Behavior\WriteHtmlCacheBehavior [ RunTime:0.001268s ]
INFO: [ view_filter ] --END-- [ RunTime:0.001334s ]
INFO: [ app_end ] --START--
INFO: Run Behavior\ShowPageTraceBehavior [ RunTime:0.002073s ]
INFO: [ app_end ] --END-- [ RunTime:0.002149s ]

[ 2019-09-01T23:26:56+08:00 ] ::1 /IEkcpt3.0plus/IEkcpt3.0/index.php/Home/Personal/post.html
INFO: [ app_init ] --START--
INFO: Run Behavior\BuildLiteBehavior [ RunTime:0.000019s ]
INFO: [ app_init ] --END-- [ RunTime:0.000956s ]
INFO: [ app_begin ] --START--
INFO: Run Behavior\ReadHtmlCacheBehavior [ RunTime:0.001312s ]
INFO: [ app_begin ] --END-- [ RunTime:0.001375s ]
INFO: [ view_parse ] --START--
INFO: [ template_filter ] --START--
INFO: Run Behavior\ContentReplaceBehavior [ RunTime:0.000104s ]
INFO: [ template_filter ] --END-- [ RunTime:0.000173s ]
INFO: Run Behavior\ParseTemplateBehavior [ RunTime:0.030631s ]
INFO: [ view_parse ] --END-- [ RunTime:0.030692s ]
INFO: [ view_filter ] --START--
INFO: Run Behavior\WriteHtmlCacheBehavior [ RunTime:0.001071s ]
INFO: [ view_filter ] --END-- [ RunTime:0.001115s ]
INFO: [ app_end ] --START--
INFO: Run Behavior\ShowPageTraceBehavior [ RunTime:0.001771s ]
INFO: [ app_end ] --END-- [ RunTime:0.001844s ]

[ 2019-09-01T23:27:18+08:00 ] ::1 /IEkcpt3.0plus/IEkcpt3.0/index.php/Home/Personal/companyxiaoxi.html
INFO: [ app_init ] --START--
INFO: Run Behavior\BuildLiteBehavior [ RunTime:0.000016s ]
INFO: [ app_init ] --END-- [ RunTime:0.001065s ]
INFO: [ app_begin ] --START--
INFO: Run Behavior\ReadHtmlCacheBehavior [ RunTime:0.004070s ]
INFO: [ app_begin ] --END-- [ RunTime:0.004174s ]
INFO: [ view_parse ] --START--
INFO: [ template_filter ] --START--
INFO: Run Behavior\ContentReplaceBehavior [ RunTime:0.000126s ]
INFO: [ template_filter ] --END-- [ RunTime:0.000206s ]
INFO: Run Behavior\ParseTemplateBehavior [ RunTime:0.131492s ]
INFO: [ view_parse ] --END-- [ RunTime:0.131574s ]
INFO: [ view_filter ] --START--
INFO: Run Behavior\WriteHtmlCacheBehavior [ RunTime:0.001374s ]
INFO: [ view_filter ] --END-- [ RunTime:0.001470s ]
INFO: [ app_end ] --START--
INFO: Run Behavior\ShowPageTraceBehavior [ RunTime:0.004790s ]
INFO: [ app_end ] --END-- [ RunTime:0.005033s ]

[ 2019-09-01T23:27:19+08:00 ] ::1 /IEkcpt3.0plus/IEkcpt3.0/index.php/Home/Personal/indexprocompany.html
INFO: [ app_init ] --START--
INFO: Run Behavior\BuildLiteBehavior [ RunTime:0.000024s ]
INFO: [ app_init ] --END-- [ RunTime:0.002069s ]
INFO: [ app_begin ] --START--
INFO: Run Behavior\ReadHtmlCacheBehavior [ RunTime:0.005267s ]
INFO: [ app_begin ] --END-- [ RunTime:0.005384s ]
INFO: [ view_parse ] --START--
INFO: [ template_filter ] --START--
INFO: Run Behavior\ContentReplaceBehavior [ RunTime:0.000245s ]
INFO: [ template_filter ] --END-- [ RunTime:0.000569s ]
INFO: Run Behavior\ParseTemplateBehavior [ RunTime:0.141473s ]
INFO: [ view_parse ] --END-- [ RunTime:0.141585s ]
INFO: [ view_filter ] --START--
INFO: Run Behavior\WriteHtmlCacheBehavior [ RunTime:0.002130s ]
INFO: [ view_filter ] --END-- [ RunTime:0.002218s ]
INFO: [ app_end ] --START--
INFO: Run Behavior\ShowPageTraceBehavior [ RunTime:0.005376s ]
INFO: [ app_end ] --END-- [ RunTime:0.005502s ]

[ 2019-09-01T23:27:20+08:00 ] ::1 /IEkcpt3.0plus/IEkcpt3.0/index.php/Home/Personal/post.html
INFO: [ app_init ] --START--
INFO: Run Behavior\BuildLiteBehavior [ RunTime:0.000016s ]
INFO: [ app_init ] --END-- [ RunTime:0.000900s ]
INFO: [ app_begin ] --START--
INFO: Run Behavior\ReadHtmlCacheBehavior [ RunTime:0.001176s ]
INFO: [ app_begin ] --END-- [ RunTime:0.001234s ]
INFO: [ view_parse ] --START--
INFO: [ template_filter ] --START--
INFO: Run Behavior\ContentReplaceBehavior [ RunTime:0.000108s ]
INFO: [ template_filter ] --END-- [ RunTime:0.000182s ]
INFO: Run Behavior\ParseTemplateBehavior [ RunTime:0.016140s ]
INFO: [ view_parse ] --END-- [ RunTime:0.016198s ]
INFO: [ view_filter ] --START--
INFO: Run Behavior\WriteHtmlCacheBehavior [ RunTime:0.001006s ]
INFO: [ view_filter ] --END-- [ RunTime:0.001055s ]
INFO: [ app_end ] --START--
INFO: Run Behavior\ShowPageTraceBehavior [ RunTime:0.001639s ]
INFO: [ app_end ] --END-- [ RunTime:0.001722s ]

[ 2019-09-01T23:27:22+08:00 ] ::1 /IEkcpt3.0plus/IEkcpt3.0/index.php/Home/Personal/companyxiaoxi.html
INFO: [ app_init ] --START--
INFO: Run Behavior\BuildLiteBehavior [ RunTime:0.000018s ]
INFO: [ app_init ] --END-- [ RunTime:0.004136s ]
INFO: [ app_begin ] --START--
INFO: Run Behavior\ReadHtmlCacheBehavior [ RunTime:0.001265s ]
INFO: [ app_begin ] --END-- [ RunTime:0.001330s ]
INFO: [ view_parse ] --START--
INFO: [ template_filter ] --START--
INFO: Run Behavior\ContentReplaceBehavior [ RunTime:0.000178s ]
INFO: [ template_filter ] --END-- [ RunTime:0.000430s ]
INFO: Run Behavior\ParseTemplateBehavior [ RunTime:0.016572s ]
INFO: [ view_parse ] --END-- [ RunTime:0.016659s ]
INFO: [ view_filter ] --START--
INFO: Run Behavior\WriteHtmlCacheBehavior [ RunTime:0.000907s ]
INFO: [ view_filter ] --END-- [ RunTime:0.000950s ]
INFO: [ app_end ] --START--
INFO: Run Behavior\ShowPageTraceBehavior [ RunTime:0.002935s ]
INFO: [ app_end ] --END-- [ RunTime:0.003331s ]

[ 2019-09-01T23:28:15+08:00 ] ::1 /IEkcpt3.0plus/IEkcpt3.0/index.php/Home/Finance/index.html
INFO: [ app_init ] --START--
INFO: Run Behavior\BuildLiteBehavior [ RunTime:0.000023s ]
INFO: [ app_init ] --END-- [ RunTime:0.001273s ]
INFO: [ app_begin ] --START--
INFO: Run Behavior\ReadHtmlCacheBehavior [ RunTime:0.001660s ]
INFO: [ app_begin ] --END-- [ RunTime:0.001742s ]
SQL: SHOW COLUMNS FROM `cinfo` [ RunTime:0.1321s ]
SQL: SELECT COUNT(*) AS tp_count FROM `cinfo` LIMIT 1   [ RunTime:0.0501s ]
SQL: SELECT * FROM `cinfo` LIMIT 0,8   [ RunTime:0.0088s ]
INFO: [ view_parse ] --START--
INFO: [ template_filter ] --START--
INFO: Run Behavior\ContentReplaceBehavior [ RunTime:0.000413s ]
INFO: [ template_filter ] --END-- [ RunTime:0.000564s ]
INFO: Run Behavior\ParseTemplateBehavior [ RunTime:0.098672s ]
INFO: [ view_parse ] --END-- [ RunTime:0.098879s ]
INFO: [ view_filter ] --START--
INFO: Run Behavior\WriteHtmlCacheBehavior [ RunTime:0.003618s ]
INFO: [ view_filter ] --END-- [ RunTime:0.003715s ]
INFO: [ app_end ] --START--
INFO: Run Behavior\ShowPageTraceBehavior [ RunTime:0.005693s ]
INFO: [ app_end ] --END-- [ RunTime:0.005830s ]

[ 2019-09-01T23:31:47+08:00 ] ::1 /IEkcpt3.0plus/IEkcpt3.0/index.php/Home/Login/loginout.html
INFO: [ app_init ] --START--
INFO: Run Behavior\BuildLiteBehavior [ RunTime:0.000019s ]
INFO: [ app_init ] --END-- [ RunTime:0.001546s ]
INFO: [ app_begin ] --START--
INFO: Run Behavior\ReadHtmlCacheBehavior [ RunTime:0.001209s ]
INFO: [ app_begin ] --END-- [ RunTime:0.001268s ]
INFO: [ view_parse ] --START--
INFO: [ template_filter ] --START--
INFO: Run Behavior\ContentReplaceBehavior [ RunTime:0.000032s ]
INFO: [ template_filter ] --END-- [ RunTime:0.000075s ]
INFO: Run Behavior\ParseTemplateBehavior [ RunTime:0.008412s ]
INFO: [ view_parse ] --END-- [ RunTime:0.008465s ]
INFO: [ view_filter ] --START--
INFO: Run Behavior\WriteHtmlCacheBehavior [ RunTime:0.001513s ]
INFO: [ view_filter ] --END-- [ RunTime:0.001571s ]
INFO: [ app_end ] --START--
INFO: Run Behavior\ShowPageTraceBehavior [ RunTime:0.002518s ]
INFO: [ app_end ] --END-- [ RunTime:0.002566s ]

[ 2019-09-01T23:31:48+08:00 ] ::1 /IEkcpt3.0plus/IEkcpt3.0/index.php/Home/Index/index.html
INFO: [ app_init ] --START--
INFO: Run Behavior\BuildLiteBehavior [ RunTime:0.000026s ]
INFO: [ app_init ] --END-- [ RunTime:0.003195s ]
INFO: [ app_begin ] --START--
INFO: Run Behavior\ReadHtmlCacheBehavior [ RunTime:0.004124s ]
INFO: [ app_begin ] --END-- [ RunTime:0.004212s ]
INFO: [ view_parse ] --START--
INFO: [ template_filter ] --START--
INFO: Run Behavior\ContentReplaceBehavior [ RunTime:0.000124s ]
INFO: [ template_filter ] --END-- [ RunTime:0.000175s ]
INFO: Run Behavior\ParseTemplateBehavior [ RunTime:0.016661s ]
INFO: [ view_parse ] --END-- [ RunTime:0.016721s ]
INFO: [ view_filter ] --START--
INFO: Run Behavior\WriteHtmlCacheBehavior [ RunTime:0.000924s ]
INFO: [ view_filter ] --END-- [ RunTime:0.000976s ]
INFO: [ app_end ] --START--
INFO: Run Behavior\ShowPageTraceBehavior [ RunTime:0.001641s ]
INFO: [ app_end ] --END-- [ RunTime:0.001755s ]

[ 2019-09-01T23:31:49+08:00 ] ::1 /IEkcpt3.0plus/IEkcpt3.0/index.php/Home/Login/login.html
INFO: [ app_init ] --START--
INFO: Run Behavior\BuildLiteBehavior [ RunTime:0.000016s ]
INFO: [ app_init ] --END-- [ RunTime:0.000865s ]
INFO: [ app_begin ] --START--
INFO: Run Behavior\ReadHtmlCacheBehavior [ RunTime:0.001681s ]
INFO: [ app_begin ] --END-- [ RunTime:0.002831s ]
INFO: [ view_parse ] --START--
INFO: [ template_filter ] --START--
INFO: Run Behavior\ContentReplaceBehavior [ RunTime:0.000065s ]
INFO: [ template_filter ] --END-- [ RunTime:0.000119s ]
INFO: Run Behavior\ParseTemplateBehavior [ RunTime:0.013842s ]
INFO: [ view_parse ] --END-- [ RunTime:0.013946s ]
INFO: [ view_filter ] --START--
INFO: Run Behavior\WriteHtmlCacheBehavior [ RunTime:0.001295s ]
INFO: [ view_filter ] --END-- [ RunTime:0.001353s ]
INFO: [ app_end ] --START--
INFO: Run Behavior\ShowPageTraceBehavior [ RunTime:0.004498s ]
INFO: [ app_end ] --END-- [ RunTime:0.004697s ]

[ 2019-09-01T23:31:49+08:00 ] ::1 /IEkcpt3.0plus/IEkcpt3.0/index.php/Home/Verify/verify.html
INFO: [ app_init ] --START--
INFO: Run Behavior\BuildLiteBehavior [ RunTime:0.000076s ]
INFO: [ app_init ] --END-- [ RunTime:0.001996s ]
INFO: [ app_begin ] --START--
INFO: Run Behavior\ReadHtmlCacheBehavior [ RunTime:0.002172s ]
INFO: [ app_begin ] --END-- [ RunTime:0.002256s ]
INFO: [ app_end ] --START--
INFO: Run Behavior\ShowPageTraceBehavior [ RunTime:0.001331s ]
INFO: [ app_end ] --END-- [ RunTime:0.001415s ]

[ 2019-09-01T23:32:00+08:00 ] ::1 /IEkcpt3.0plus/IEkcpt3.0/index.php/Home/Login/login.html
INFO: [ app_init ] --START--
INFO: Run Behavior\BuildLiteBehavior [ RunTime:0.000013s ]
INFO: [ app_init ] --END-- [ RunTime:0.000809s ]
INFO: [ app_begin ] --START--
INFO: Run Behavior\ReadHtmlCacheBehavior [ RunTime:0.001515s ]
INFO: [ app_begin ] --END-- [ RunTime:0.001690s ]
SQL: SHOW COLUMNS FROM `suser` [ RunTime:0.0115s ]
NOTIC: [8] Undefined index: validate D:\phpStudy\WWW\IEkcpt3.0plus\IEkcpt3.0\ThinkPHP\Library\Think\Model.class.php 第 1185 行.
NOTIC: [8] Undefined index: auto D:\phpStudy\WWW\IEkcpt3.0plus\IEkcpt3.0\ThinkPHP\Library\Think\Model.class.php 第 1128 行.
SQL: SELECT * FROM `suser` WHERE `sid` = 'yanglei666' LIMIT 1   [ RunTime:0.0006s ]
INFO: [ view_parse ] --START--
INFO: [ template_filter ] --START--
INFO: Run Behavior\ContentReplaceBehavior [ RunTime:0.000275s ]
INFO: [ template_filter ] --END-- [ RunTime:0.000461s ]
INFO: Run Behavior\ParseTemplateBehavior [ RunTime:0.011416s ]
INFO: [ view_parse ] --END-- [ RunTime:0.011488s ]
INFO: [ view_filter ] --START--
INFO: Run Behavior\WriteHtmlCacheBehavior [ RunTime:0.001360s ]
INFO: [ view_filter ] --END-- [ RunTime:0.001422s ]
INFO: [ app_end ] --START--
INFO: Run Behavior\ShowPageTraceBehavior [ RunTime:0.001639s ]
INFO: [ app_end ] --END-- [ RunTime:0.001695s ]

[ 2019-09-01T23:32:01+08:00 ] ::1 /IEkcpt3.0plus/IEkcpt3.0/index.php/Home/Personal/courses.html
INFO: [ app_init ] --START--
INFO: Run Behavior\BuildLiteBehavior [ RunTime:0.000015s ]
INFO: [ app_init ] --END-- [ RunTime:0.000764s ]
INFO: [ app_begin ] --START--
INFO: Run Behavior\ReadHtmlCacheBehavior [ RunTime:0.002159s ]
INFO: [ app_begin ] --END-- [ RunTime:0.002326s ]
INFO: [ view_parse ] --START--
INFO: [ template_filter ] --START--
INFO: Run Behavior\ContentReplaceBehavior [ RunTime:0.000097s ]
INFO: [ template_filter ] --END-- [ RunTime:0.000164s ]
INFO: Run Behavior\ParseTemplateBehavior [ RunTime:0.033746s ]
INFO: [ view_parse ] --END-- [ RunTime:0.033823s ]
INFO: [ view_filter ] --START--
INFO: Run Behavior\WriteHtmlCacheBehavior [ RunTime:0.001318s ]
INFO: [ view_filter ] --END-- [ RunTime:0.001370s ]
INFO: [ app_end ] --START--
INFO: Run Behavior\ShowPageTraceBehavior [ RunTime:0.002850s ]
INFO: [ app_end ] --END-- [ RunTime:0.002926s ]

[ 2019-09-01T23:32:22+08:00 ] ::1 /IEkcpt3.0plus/IEkcpt3.0/index.php/Home/Personal/infotea.html
INFO: [ app_init ] --START--
INFO: Run Behavior\BuildLiteBehavior [ RunTime:0.000025s ]
INFO: [ app_init ] --END-- [ RunTime:0.001260s ]
INFO: [ app_begin ] --START--
INFO: Run Behavior\ReadHtmlCacheBehavior [ RunTime:0.001358s ]
INFO: [ app_begin ] --END-- [ RunTime:0.001426s ]
INFO: [ view_parse ] --START--
INFO: [ template_filter ] --START--
INFO: Run Behavior\ContentReplaceBehavior [ RunTime:0.000116s ]
INFO: [ template_filter ] --END-- [ RunTime:0.000172s ]
INFO: Run Behavior\ParseTemplateBehavior [ RunTime:0.016934s ]
INFO: [ view_parse ] --END-- [ RunTime:0.017000s ]
INFO: [ view_filter ] --START--
INFO: Run Behavior\WriteHtmlCacheBehavior [ RunTime:0.000962s ]
INFO: [ view_filter ] --END-- [ RunTime:0.001012s ]
INFO: [ app_end ] --START--
INFO: Run Behavior\ShowPageTraceBehavior [ RunTime:0.001673s ]
INFO: [ app_end ] --END-- [ RunTime:0.001738s ]

[ 2019-09-01T23:34:13+08:00 ] ::1 /IEkcpt3.0plus/IEkcpt3.0/index.php/Home/Finance/index.html
INFO: [ app_init ] --START--
INFO: Run Behavior\BuildLiteBehavior [ RunTime:0.000021s ]
INFO: [ app_init ] --END-- [ RunTime:0.000993s ]
INFO: [ app_begin ] --START--
INFO: Run Behavior\ReadHtmlCacheBehavior [ RunTime:0.001786s ]
INFO: [ app_begin ] --END-- [ RunTime:0.001845s ]
SQL: SHOW COLUMNS FROM `cinfo` [ RunTime:0.0106s ]
SQL: SELECT COUNT(*) AS tp_count FROM `cinfo` LIMIT 1   [ RunTime:0.0003s ]
SQL: SELECT * FROM `cinfo` LIMIT 0,8   [ RunTime:0.0007s ]
INFO: [ view_parse ] --START--
INFO: [ template_filter ] --START--
INFO: Run Behavior\ContentReplaceBehavior [ RunTime:0.000099s ]
INFO: [ template_filter ] --END-- [ RunTime:0.000144s ]
INFO: Run Behavior\ParseTemplateBehavior [ RunTime:0.033444s ]
INFO: [ view_parse ] --END-- [ RunTime:0.033571s ]
INFO: [ view_filter ] --START--
INFO: Run Behavior\WriteHtmlCacheBehavior [ RunTime:0.002289s ]
INFO: [ view_filter ] --END-- [ RunTime:0.002353s ]
INFO: [ app_end ] --START--
INFO: Run Behavior\ShowPageTraceBehavior [ RunTime:0.002479s ]
INFO: [ app_end ] --END-- [ RunTime:0.002569s ]

[ 2019-09-01T23:34:14+08:00 ] ::1 /IEkcpt3.0plus/IEkcpt3.0/index.php/Home/Cases/findcases.html
INFO: [ app_init ] --START--
INFO: Run Behavior\BuildLiteBehavior [ RunTime:0.000016s ]
INFO: [ app_init ] --END-- [ RunTime:0.000975s ]
INFO: [ app_begin ] --START--
INFO: Run Behavior\ReadHtmlCacheBehavior [ RunTime:0.001277s ]
INFO: [ app_begin ] --END-- [ RunTime:0.001345s ]
SQL: SHOW COLUMNS FROM `projectinfo` [ RunTime:0.1209s ]
SQL: select * from projectinfo [ RunTime:0.0843s ]
INFO: [ view_parse ] --START--
INFO: [ template_filter ] --START--
INFO: Run Behavior\ContentReplaceBehavior [ RunTime:0.000382s ]
INFO: [ template_filter ] --END-- [ RunTime:0.000548s ]
INFO: Run Behavior\ParseTemplateBehavior [ RunTime:0.113671s ]
INFO: [ view_parse ] --END-- [ RunTime:0.113946s ]
INFO: [ view_filter ] --START--
INFO: Run Behavior\WriteHtmlCacheBehavior [ RunTime:0.003792s ]
INFO: [ view_filter ] --END-- [ RunTime:0.003958s ]
INFO: [ app_end ] --START--
INFO: Run Behavior\ShowPageTraceBehavior [ RunTime:0.009015s ]
INFO: [ app_end ] --END-- [ RunTime:0.009246s ]

