[ 2019-08-31T19:16:51+08:00 ] ::1 /IEkcpt3.0plus/IEkcpt3.0/
INFO: [ app_init ] --START--
INFO: Run Behavior\BuildLiteBehavior [ RunTime:0.000030s ]
INFO: [ app_init ] --END-- [ RunTime:0.036801s ]
INFO: [ app_begin ] --START--
INFO: Run Behavior\ReadHtmlCacheBehavior [ RunTime:0.002277s ]
INFO: [ app_begin ] --END-- [ RunTime:0.002371s ]
INFO: [ view_parse ] --START--
INFO: [ template_filter ] --START--
INFO: Run Behavior\ContentReplaceBehavior [ RunTime:0.012173s ]
INFO: [ template_filter ] --END-- [ RunTime:0.012251s ]
INFO: Run Behavior\ParseTemplateBehavior [ RunTime:0.088063s ]
INFO: [ view_parse ] --END-- [ RunTime:0.088128s ]
INFO: [ view_filter ] --START--
INFO: Run Behavior\WriteHtmlCacheBehavior [ RunTime:0.001533s ]
INFO: [ view_filter ] --END-- [ RunTime:0.001582s ]
INFO: [ app_end ] --START--
INFO: Run Behavior\ShowPageTraceBehavior [ RunTime:0.002829s ]
INFO: [ app_end ] --END-- [ RunTime:0.002916s ]

[ 2019-08-31T19:17:14+08:00 ] ::1 /IEkcpt3.0plus/IEkcpt3.0/index.php/Home/Login/login.html
INFO: [ app_init ] --START--
INFO: Run Behavior\BuildLiteBehavior [ RunTime:0.000015s ]
INFO: [ app_init ] --END-- [ RunTime:0.000922s ]
INFO: [ app_begin ] --START--
INFO: Run Behavior\ReadHtmlCacheBehavior [ RunTime:0.001391s ]
INFO: [ app_begin ] --END-- [ RunTime:0.001454s ]
INFO: [ view_parse ] --START--
INFO: [ template_filter ] --START--
INFO: Run Behavior\ContentReplaceBehavior [ RunTime:0.000165s ]
INFO: [ template_filter ] --END-- [ RunTime:0.000286s ]
INFO: Run Behavior\ParseTemplateBehavior [ RunTime:0.046060s ]
INFO: [ view_parse ] --END-- [ RunTime:0.046176s ]
INFO: [ view_filter ] --START--
INFO: Run Behavior\WriteHtmlCacheBehavior [ RunTime:0.002422s ]
INFO: [ view_filter ] --END-- [ RunTime:0.002517s ]
INFO: [ app_end ] --START--
INFO: Run Behavior\ShowPageTraceBehavior [ RunTime:0.006346s ]
INFO: [ app_end ] --END-- [ RunTime:0.006431s ]

[ 2019-08-31T19:17:14+08:00 ] ::1 /IEkcpt3.0plus/IEkcpt3.0/index.php/Home/Verify/verify.html
INFO: [ app_init ] --START--
INFO: Run Behavior\BuildLiteBehavior [ RunTime:0.000027s ]
INFO: [ app_init ] --END-- [ RunTime:0.003987s ]
INFO: [ app_begin ] --START--
INFO: Run Behavior\ReadHtmlCacheBehavior [ RunTime:0.002019s ]
INFO: [ app_begin ] --END-- [ RunTime:0.002092s ]
INFO: [ app_end ] --START--
INFO: Run Behavior\ShowPageTraceBehavior [ RunTime:0.001664s ]
INFO: [ app_end ] --END-- [ RunTime:0.001750s ]

[ 2019-08-31T19:17:21+08:00 ] ::1 /IEkcpt3.0plus/IEkcpt3.0/index.php/Home/Login/login.html
INFO: [ app_init ] --START--
INFO: Run Behavior\BuildLiteBehavior [ RunTime:0.000018s ]
INFO: [ app_init ] --END-- [ RunTime:0.000988s ]
INFO: [ app_begin ] --START--
INFO: Run Behavior\ReadHtmlCacheBehavior [ RunTime:0.002147s ]
INFO: [ app_begin ] --END-- [ RunTime:0.002240s ]
SQL: SHOW COLUMNS FROM `suser` [ RunTime:0.0516s ]
NOTIC: [8] Undefined index: validate D:\phpStudy\WWW\IEkcpt3.0plus\IEkcpt3.0\ThinkPHP\Library\Think\Model.class.php 第 1185 行.
NOTIC: [8] Undefined index: auto D:\phpStudy\WWW\IEkcpt3.0plus\IEkcpt3.0\ThinkPHP\Library\Think\Model.class.php 第 1128 行.
SQL: SELECT * FROM `suser` WHERE `sid` = '201711104089' LIMIT 1   [ RunTime:0.0148s ]
INFO: [ view_parse ] --START--
INFO: [ template_filter ] --START--
INFO: Run Behavior\ContentReplaceBehavior [ RunTime:0.000054s ]
INFO: [ template_filter ] --END-- [ RunTime:0.000116s ]
INFO: Run Behavior\ParseTemplateBehavior [ RunTime:0.026434s ]
INFO: [ view_parse ] --END-- [ RunTime:0.026538s ]
INFO: [ view_filter ] --START--
INFO: Run Behavior\WriteHtmlCacheBehavior [ RunTime:0.001340s ]
INFO: [ view_filter ] --END-- [ RunTime:0.001411s ]
INFO: [ app_end ] --START--
INFO: Run Behavior\ShowPageTraceBehavior [ RunTime:0.001463s ]
INFO: [ app_end ] --END-- [ RunTime:0.001527s ]

[ 2019-08-31T19:17:23+08:00 ] ::1 /IEkcpt3.0plus/IEkcpt3.0/index.php/Home/Personal/index.html
INFO: [ app_init ] --START--
INFO: Run Behavior\BuildLiteBehavior [ RunTime:0.000015s ]
INFO: [ app_init ] --END-- [ RunTime:0.000808s ]
INFO: [ app_begin ] --START--
INFO: Run Behavior\ReadHtmlCacheBehavior [ RunTime:0.002125s ]
INFO: [ app_begin ] --END-- [ RunTime:0.002948s ]
INFO: [ view_parse ] --START--
INFO: [ template_filter ] --START--
INFO: Run Behavior\ContentReplaceBehavior [ RunTime:0.000286s ]
INFO: [ template_filter ] --END-- [ RunTime:0.000424s ]
INFO: Run Behavior\ParseTemplateBehavior [ RunTime:0.084160s ]
INFO: [ view_parse ] --END-- [ RunTime:0.084289s ]
INFO: [ view_filter ] --START--
INFO: Run Behavior\WriteHtmlCacheBehavior [ RunTime:0.002417s ]
INFO: [ view_filter ] --END-- [ RunTime:0.002526s ]
INFO: [ app_end ] --START--
INFO: Run Behavior\ShowPageTraceBehavior [ RunTime:0.005064s ]
INFO: [ app_end ] --END-- [ RunTime:0.005183s ]

[ 2019-08-31T19:17:25+08:00 ] ::1 /IEkcpt3.0plus/IEkcpt3.0/index.php/Home/Student/index.html
INFO: [ app_init ] --START--
INFO: Run Behavior\BuildLiteBehavior [ RunTime:0.000026s ]
INFO: [ app_init ] --END-- [ RunTime:0.001239s ]
INFO: [ app_begin ] --START--
INFO: Run Behavior\ReadHtmlCacheBehavior [ RunTime:0.001249s ]
INFO: [ app_begin ] --END-- [ RunTime:0.001312s ]
SQL: SHOW COLUMNS FROM `resume` [ RunTime:0.0429s ]
SQL: SELECT COUNT(*) AS tp_count FROM `resume` LIMIT 1   [ RunTime:0.0004s ]
SQL: SELECT * FROM `resume` LIMIT 0,8   [ RunTime:0.0013s ]
INFO: [ view_parse ] --START--
INFO: [ template_filter ] --START--
INFO: Run Behavior\ContentReplaceBehavior [ RunTime:0.000113s ]
INFO: [ template_filter ] --END-- [ RunTime:0.000195s ]
INFO: Run Behavior\ParseTemplateBehavior [ RunTime:0.044761s ]
INFO: [ view_parse ] --END-- [ RunTime:0.044856s ]
INFO: [ view_filter ] --START--
INFO: Run Behavior\WriteHtmlCacheBehavior [ RunTime:0.001191s ]
INFO: [ view_filter ] --END-- [ RunTime:0.001245s ]
INFO: [ app_end ] --START--
INFO: Run Behavior\ShowPageTraceBehavior [ RunTime:0.003456s ]
INFO: [ app_end ] --END-- [ RunTime:0.003680s ]

[ 2019-08-31T19:27:39+08:00 ] ::1 /IEkcpt3.0plus/IEkcpt3.0/index.php/Home/Finance/index.html
INFO: [ app_init ] --START--
INFO: Run Behavior\BuildLiteBehavior [ RunTime:0.000025s ]
INFO: [ app_init ] --END-- [ RunTime:0.001607s ]
INFO: [ app_begin ] --START--
INFO: Run Behavior\ReadHtmlCacheBehavior [ RunTime:0.001465s ]
INFO: [ app_begin ] --END-- [ RunTime:0.001532s ]
SQL: SHOW COLUMNS FROM `cinfo` [ RunTime:0.0713s ]
SQL: SELECT COUNT(*) AS tp_count FROM `cinfo` LIMIT 1   [ RunTime:0.0009s ]
SQL: SELECT * FROM `cinfo` LIMIT 0,8   [ RunTime:0.0160s ]
INFO: [ view_parse ] --START--
INFO: [ template_filter ] --START--
INFO: Run Behavior\ContentReplaceBehavior [ RunTime:0.000169s ]
INFO: [ template_filter ] --END-- [ RunTime:0.000245s ]
INFO: Run Behavior\ParseTemplateBehavior [ RunTime:0.022006s ]
INFO: [ view_parse ] --END-- [ RunTime:0.022098s ]
INFO: [ view_filter ] --START--
INFO: Run Behavior\WriteHtmlCacheBehavior [ RunTime:0.001165s ]
INFO: [ view_filter ] --END-- [ RunTime:0.001216s ]
INFO: [ app_end ] --START--
INFO: Run Behavior\ShowPageTraceBehavior [ RunTime:0.002055s ]
INFO: [ app_end ] --END-- [ RunTime:0.002146s ]

[ 2019-08-31T19:27:40+08:00 ] ::1 /IEkcpt3.0plus/IEkcpt3.0/index.php/Home/Student/index.html
INFO: [ app_init ] --START--
INFO: Run Behavior\BuildLiteBehavior [ RunTime:0.000022s ]
INFO: [ app_init ] --END-- [ RunTime:0.001191s ]
INFO: [ app_begin ] --START--
INFO: Run Behavior\ReadHtmlCacheBehavior [ RunTime:0.001855s ]
INFO: [ app_begin ] --END-- [ RunTime:0.001944s ]
SQL: SHOW COLUMNS FROM `resume` [ RunTime:0.0089s ]
SQL: SELECT COUNT(*) AS tp_count FROM `resume` LIMIT 1   [ RunTime:0.0002s ]
SQL: SELECT * FROM `resume` LIMIT 0,8   [ RunTime:0.0005s ]
INFO: [ view_parse ] --START--
INFO: [ template_filter ] --START--
INFO: Run Behavior\ContentReplaceBehavior [ RunTime:0.000153s ]
INFO: [ template_filter ] --END-- [ RunTime:0.000224s ]
INFO: Run Behavior\ParseTemplateBehavior [ RunTime:0.023712s ]
INFO: [ view_parse ] --END-- [ RunTime:0.023789s ]
INFO: [ view_filter ] --START--
INFO: Run Behavior\WriteHtmlCacheBehavior [ RunTime:0.001348s ]
INFO: [ view_filter ] --END-- [ RunTime:0.001406s ]
INFO: [ app_end ] --START--
INFO: Run Behavior\ShowPageTraceBehavior [ RunTime:0.001919s ]
INFO: [ app_end ] --END-- [ RunTime:0.002054s ]

[ 2019-08-31T19:27:53+08:00 ] ::1 /IEkcpt3.0plus/IEkcpt3.0/index.php/Home/Student/index/p/2.html
INFO: [ app_init ] --START--
INFO: Run Behavior\BuildLiteBehavior [ RunTime:0.000015s ]
INFO: [ app_init ] --END-- [ RunTime:0.000900s ]
INFO: [ app_begin ] --START--
INFO: Run Behavior\ReadHtmlCacheBehavior [ RunTime:0.001328s ]
INFO: [ app_begin ] --END-- [ RunTime:0.001468s ]
SQL: SHOW COLUMNS FROM `resume` [ RunTime:0.0094s ]
SQL: SELECT COUNT(*) AS tp_count FROM `resume` LIMIT 1   [ RunTime:0.0003s ]
SQL: SELECT * FROM `resume` LIMIT 8,8   [ RunTime:0.0006s ]
INFO: [ view_parse ] --START--
INFO: [ template_filter ] --START--
INFO: Run Behavior\ContentReplaceBehavior [ RunTime:0.000173s ]
INFO: [ template_filter ] --END-- [ RunTime:0.000241s ]
INFO: Run Behavior\ParseTemplateBehavior [ RunTime:0.017572s ]
INFO: [ view_parse ] --END-- [ RunTime:0.017711s ]
INFO: [ view_filter ] --START--
INFO: Run Behavior\WriteHtmlCacheBehavior [ RunTime:0.000891s ]
INFO: [ view_filter ] --END-- [ RunTime:0.000934s ]
INFO: [ app_end ] --START--
INFO: Run Behavior\ShowPageTraceBehavior [ RunTime:0.003726s ]
INFO: [ app_end ] --END-- [ RunTime:0.003831s ]

[ 2019-08-31T19:27:56+08:00 ] ::1 /IEkcpt3.0plus/IEkcpt3.0/index.php/Home/Student/index/p/3.html
INFO: [ app_init ] --START--
INFO: Run Behavior\BuildLiteBehavior [ RunTime:0.000015s ]
INFO: [ app_init ] --END-- [ RunTime:0.000833s ]
INFO: [ app_begin ] --START--
INFO: Run Behavior\ReadHtmlCacheBehavior [ RunTime:0.001955s ]
INFO: [ app_begin ] --END-- [ RunTime:0.002302s ]
SQL: SHOW COLUMNS FROM `resume` [ RunTime:0.0110s ]
SQL: SELECT COUNT(*) AS tp_count FROM `resume` LIMIT 1   [ RunTime:0.0003s ]
SQL: SELECT * FROM `resume` LIMIT 16,8   [ RunTime:0.0006s ]
INFO: [ view_parse ] --START--
INFO: [ template_filter ] --START--
INFO: Run Behavior\ContentReplaceBehavior [ RunTime:0.000113s ]
INFO: [ template_filter ] --END-- [ RunTime:0.000169s ]
INFO: Run Behavior\ParseTemplateBehavior [ RunTime:0.020746s ]
INFO: [ view_parse ] --END-- [ RunTime:0.020806s ]
INFO: [ view_filter ] --START--
INFO: Run Behavior\WriteHtmlCacheBehavior [ RunTime:0.000927s ]
INFO: [ view_filter ] --END-- [ RunTime:0.000988s ]
INFO: [ app_end ] --START--
INFO: Run Behavior\ShowPageTraceBehavior [ RunTime:0.002473s ]
INFO: [ app_end ] --END-- [ RunTime:0.002593s ]

[ 2019-08-31T19:28:00+08:00 ] ::1 /IEkcpt3.0plus/IEkcpt3.0/index.php/Home/Student/index/p/2.html
INFO: [ app_init ] --START--
INFO: Run Behavior\BuildLiteBehavior [ RunTime:0.000019s ]
INFO: [ app_init ] --END-- [ RunTime:0.003363s ]
INFO: [ app_begin ] --START--
INFO: Run Behavior\ReadHtmlCacheBehavior [ RunTime:0.002159s ]
INFO: [ app_begin ] --END-- [ RunTime:0.002274s ]
SQL: SHOW COLUMNS FROM `resume` [ RunTime:0.0089s ]
SQL: SELECT COUNT(*) AS tp_count FROM `resume` LIMIT 1   [ RunTime:0.0002s ]
SQL: SELECT * FROM `resume` LIMIT 8,8   [ RunTime:0.0006s ]
INFO: [ view_parse ] --START--
INFO: [ template_filter ] --START--
INFO: Run Behavior\ContentReplaceBehavior [ RunTime:0.000386s ]
INFO: [ template_filter ] --END-- [ RunTime:0.000591s ]
INFO: Run Behavior\ParseTemplateBehavior [ RunTime:0.018633s ]
INFO: [ view_parse ] --END-- [ RunTime:0.018755s ]
INFO: [ view_filter ] --START--
INFO: Run Behavior\WriteHtmlCacheBehavior [ RunTime:0.003712s ]
INFO: [ view_filter ] --END-- [ RunTime:0.003856s ]
INFO: [ app_end ] --START--
INFO: Run Behavior\ShowPageTraceBehavior [ RunTime:0.001855s ]
INFO: [ app_end ] --END-- [ RunTime:0.001947s ]

[ 2019-08-31T19:28:14+08:00 ] ::1 /IEkcpt3.0plus/IEkcpt3.0/index.php/Home/Personal/checksf.html
INFO: [ app_init ] --START--
INFO: Run Behavior\BuildLiteBehavior [ RunTime:0.000123s ]
INFO: [ app_init ] --END-- [ RunTime:0.001883s ]
INFO: [ app_begin ] --START--
INFO: Run Behavior\ReadHtmlCacheBehavior [ RunTime:0.001337s ]
INFO: [ app_begin ] --END-- [ RunTime:0.001400s ]
INFO: [ view_parse ] --START--
INFO: [ template_filter ] --START--
INFO: Run Behavior\ContentReplaceBehavior [ RunTime:0.000080s ]
INFO: [ template_filter ] --END-- [ RunTime:0.000137s ]
INFO: Run Behavior\ParseTemplateBehavior [ RunTime:0.021467s ]
INFO: [ view_parse ] --END-- [ RunTime:0.021696s ]
INFO: [ view_filter ] --START--
INFO: Run Behavior\WriteHtmlCacheBehavior [ RunTime:0.003404s ]
INFO: [ view_filter ] --END-- [ RunTime:0.003575s ]
INFO: [ app_end ] --START--
INFO: Run Behavior\ShowPageTraceBehavior [ RunTime:0.001973s ]
INFO: [ app_end ] --END-- [ RunTime:0.002052s ]

[ 2019-08-31T19:28:18+08:00 ] ::1 /IEkcpt3.0plus/IEkcpt3.0/index.php/Home/Personal/xiaoxi.html
INFO: [ app_init ] --START--
INFO: Run Behavior\BuildLiteBehavior [ RunTime:0.000018s ]
INFO: [ app_init ] --END-- [ RunTime:0.000992s ]
INFO: [ app_begin ] --START--
INFO: Run Behavior\ReadHtmlCacheBehavior [ RunTime:0.001269s ]
INFO: [ app_begin ] --END-- [ RunTime:0.001332s ]
INFO: [ view_parse ] --START--
INFO: [ template_filter ] --START--
INFO: Run Behavior\ContentReplaceBehavior [ RunTime:0.000083s ]
INFO: [ template_filter ] --END-- [ RunTime:0.000138s ]
INFO: Run Behavior\ParseTemplateBehavior [ RunTime:0.076826s ]
INFO: [ view_parse ] --END-- [ RunTime:0.076884s ]
INFO: [ view_filter ] --START--
INFO: Run Behavior\WriteHtmlCacheBehavior [ RunTime:0.000903s ]
INFO: [ view_filter ] --END-- [ RunTime:0.000947s ]
INFO: [ app_end ] --START--
INFO: Run Behavior\ShowPageTraceBehavior [ RunTime:0.002274s ]
INFO: [ app_end ] --END-- [ RunTime:0.002386s ]

[ 2019-08-31T19:28:19+08:00 ] ::1 /IEkcpt3.0plus/IEkcpt3.0/index.php/Home/Personal/readresume.html
INFO: [ app_init ] --START--
INFO: Run Behavior\BuildLiteBehavior [ RunTime:0.000105s ]
INFO: [ app_init ] --END-- [ RunTime:0.001994s ]
INFO: [ app_begin ] --START--
INFO: Run Behavior\ReadHtmlCacheBehavior [ RunTime:0.002033s ]
INFO: [ app_begin ] --END-- [ RunTime:0.002219s ]
SQL: SHOW COLUMNS FROM `resume` [ RunTime:0.0101s ]
SQL: select * from resume where resumeid='1'   [ RunTime:0.0006s ]
INFO: [ view_parse ] --START--
INFO: [ template_filter ] --START--
INFO: Run Behavior\ContentReplaceBehavior [ RunTime:0.000170s ]
INFO: [ template_filter ] --END-- [ RunTime:0.000249s ]
INFO: Run Behavior\ParseTemplateBehavior [ RunTime:0.040922s ]
INFO: [ view_parse ] --END-- [ RunTime:0.040984s ]
INFO: [ view_filter ] --START--
INFO: Run Behavior\WriteHtmlCacheBehavior [ RunTime:0.000899s ]
INFO: [ view_filter ] --END-- [ RunTime:0.000954s ]
INFO: [ app_end ] --START--
INFO: Run Behavior\ShowPageTraceBehavior [ RunTime:0.002122s ]
INFO: [ app_end ] --END-- [ RunTime:0.002197s ]

[ 2019-08-31T19:28:21+08:00 ] ::1 /IEkcpt3.0plus/IEkcpt3.0/index.php/Home/Personal/index.html
INFO: [ app_init ] --START--
INFO: Run Behavior\BuildLiteBehavior [ RunTime:0.000120s ]
INFO: [ app_init ] --END-- [ RunTime:0.002390s ]
INFO: [ app_begin ] --START--
INFO: Run Behavior\ReadHtmlCacheBehavior [ RunTime:0.001238s ]
INFO: [ app_begin ] --END-- [ RunTime:0.001306s ]
INFO: [ view_parse ] --START--
INFO: [ template_filter ] --START--
INFO: Run Behavior\ContentReplaceBehavior [ RunTime:0.000131s ]
INFO: [ template_filter ] --END-- [ RunTime:0.000218s ]
INFO: Run Behavior\ParseTemplateBehavior [ RunTime:0.022584s ]
INFO: [ view_parse ] --END-- [ RunTime:0.022657s ]
INFO: [ view_filter ] --START--
INFO: Run Behavior\WriteHtmlCacheBehavior [ RunTime:0.001324s ]
INFO: [ view_filter ] --END-- [ RunTime:0.001409s ]
INFO: [ app_end ] --START--
INFO: Run Behavior\ShowPageTraceBehavior [ RunTime:0.003412s ]
INFO: [ app_end ] --END-- [ RunTime:0.003755s ]

[ 2019-08-31T20:12:03+08:00 ] ::1 /IEkcpt3.0plus/IEkcpt3.0/index.php/Home/post/applypost.html
INFO: [ app_init ] --START--
INFO: Run Behavior\BuildLiteBehavior [ RunTime:0.000016s ]
INFO: [ app_init ] --END-- [ RunTime:0.000910s ]
INFO: [ app_begin ] --START--
INFO: Run Behavior\ReadHtmlCacheBehavior [ RunTime:0.001373s ]
INFO: [ app_begin ] --END-- [ RunTime:0.001429s ]
INFO: [ view_parse ] --START--
INFO: [ template_filter ] --START--
INFO: Run Behavior\ContentReplaceBehavior [ RunTime:0.000306s ]
INFO: [ template_filter ] --END-- [ RunTime:0.000418s ]
INFO: Run Behavior\ParseTemplateBehavior [ RunTime:0.035162s ]
INFO: [ view_parse ] --END-- [ RunTime:0.035283s ]
INFO: [ view_filter ] --START--
INFO: Run Behavior\WriteHtmlCacheBehavior [ RunTime:0.002645s ]
INFO: [ view_filter ] --END-- [ RunTime:0.002743s ]
INFO: [ app_end ] --START--
INFO: Run Behavior\ShowPageTraceBehavior [ RunTime:0.009641s ]
INFO: [ app_end ] --END-- [ RunTime:0.010032s ]

[ 2019-08-31T20:12:06+08:00 ] ::1 /IEkcpt3.0plus/IEkcpt3.0/index.php/Home/post/applypost.html
INFO: [ app_init ] --START--
INFO: Run Behavior\BuildLiteBehavior [ RunTime:0.000017s ]
INFO: [ app_init ] --END-- [ RunTime:0.001016s ]
INFO: [ app_begin ] --START--
INFO: Run Behavior\ReadHtmlCacheBehavior [ RunTime:0.001422s ]
INFO: [ app_begin ] --END-- [ RunTime:0.001497s ]
INFO: [ view_parse ] --START--
INFO: [ template_filter ] --START--
INFO: Run Behavior\ContentReplaceBehavior [ RunTime:0.000140s ]
INFO: [ template_filter ] --END-- [ RunTime:0.000192s ]
INFO: Run Behavior\ParseTemplateBehavior [ RunTime:0.017543s ]
INFO: [ view_parse ] --END-- [ RunTime:0.017611s ]
INFO: [ view_filter ] --START--
INFO: Run Behavior\WriteHtmlCacheBehavior [ RunTime:0.001231s ]
INFO: [ view_filter ] --END-- [ RunTime:0.001281s ]
INFO: [ app_end ] --START--
INFO: Run Behavior\ShowPageTraceBehavior [ RunTime:0.003173s ]
INFO: [ app_end ] --END-- [ RunTime:0.003323s ]

[ 2019-08-31T20:12:09+08:00 ] ::1 /IEkcpt3.0plus/IEkcpt3.0/index.php/Home/Personal/viewpro.html
INFO: [ app_init ] --START--
INFO: Run Behavior\BuildLiteBehavior [ RunTime:0.000168s ]
INFO: [ app_init ] --END-- [ RunTime:0.002157s ]
INFO: [ app_begin ] --START--
INFO: Run Behavior\ReadHtmlCacheBehavior [ RunTime:0.001834s ]
INFO: [ app_begin ] --END-- [ RunTime:0.002081s ]
INFO: [ view_parse ] --START--
INFO: [ template_filter ] --START--
INFO: Run Behavior\ContentReplaceBehavior [ RunTime:0.000175s ]
INFO: [ template_filter ] --END-- [ RunTime:0.000254s ]
INFO: Run Behavior\ParseTemplateBehavior [ RunTime:0.018939s ]
INFO: [ view_parse ] --END-- [ RunTime:0.019018s ]
INFO: [ view_filter ] --START--
INFO: Run Behavior\WriteHtmlCacheBehavior [ RunTime:0.006015s ]
INFO: [ view_filter ] --END-- [ RunTime:0.006082s ]
INFO: [ app_end ] --START--
INFO: Run Behavior\ShowPageTraceBehavior [ RunTime:0.003019s ]
INFO: [ app_end ] --END-- [ RunTime:0.003185s ]

[ 2019-08-31T20:12:39+08:00 ] ::1 /IEkcpt3.0plus/IEkcpt3.0/index.php/Home/Personal/publishproject.html
INFO: [ app_init ] --START--
INFO: Run Behavior\BuildLiteBehavior [ RunTime:0.000016s ]
INFO: [ app_init ] --END-- [ RunTime:0.000873s ]
INFO: [ app_begin ] --START--
INFO: Run Behavior\ReadHtmlCacheBehavior [ RunTime:0.001360s ]
INFO: [ app_begin ] --END-- [ RunTime:0.001422s ]
NOTIC: [8] Use of undefined constant size - assumed 'size' D:\phpStudy\WWW\IEkcpt3.0plus\IEkcpt3.0\Application\Home\Controller\PersonalController.class.php 第 169 行.
NOTIC: [2] call_user_func() expects parameter 1 to be a valid callback, no array or string given D:\phpStudy\WWW\IEkcpt3.0plus\IEkcpt3.0\ThinkPHP\Library\Think\Upload.class.php 第 170 行.
NOTIC: [2] file_exists() expects parameter 1 to be a valid path, array given D:\phpStudy\WWW\IEkcpt3.0plus\IEkcpt3.0\Application\Home\Controller\IndexController.class.php 第 25 行.
SQL: SHOW COLUMNS FROM `projectinfo` [ RunTime:0.0684s ]
NOTIC: [8] Use of undefined constant datetime - assumed 'datetime' D:\phpStudy\WWW\IEkcpt3.0plus\IEkcpt3.0\Application\Home\Controller\PersonalController.class.php 第 190 行.
NOTIC: [8] Use of undefined constant sname - assumed 'sname' D:\phpStudy\WWW\IEkcpt3.0plus\IEkcpt3.0\Application\Home\Controller\PersonalController.class.php 第 193 行.
NOTIC: [8] Undefined index: validate D:\phpStudy\WWW\IEkcpt3.0plus\IEkcpt3.0\ThinkPHP\Library\Think\Model.class.php 第 1185 行.
NOTIC: [8] Undefined index: auto D:\phpStudy\WWW\IEkcpt3.0plus\IEkcpt3.0\ThinkPHP\Library\Think\Model.class.php 第 1128 行.
SQL: INSERT INTO `projectinfo` (`proname`,`protype`,`requires`,`prodate`,`procost`,`prophone`,`isInvest`,`prologo`,`datetime`,`propeoplename`) VALUES ('滴滴','软件开发','123456','','可议价','','未获投资','Uploads/2019-08-31/5d6a6437943f8.png','2019-08-31','杨海涛') [ RunTime:0.0884s ]
INFO: [ view_parse ] --START--
INFO: [ template_filter ] --START--
INFO: Run Behavior\ContentReplaceBehavior [ RunTime:0.000094s ]
INFO: [ template_filter ] --END-- [ RunTime:0.000216s ]
INFO: Run Behavior\ParseTemplateBehavior [ RunTime:0.036162s ]
INFO: [ view_parse ] --END-- [ RunTime:0.036300s ]
INFO: [ view_filter ] --START--
INFO: Run Behavior\WriteHtmlCacheBehavior [ RunTime:0.004021s ]
INFO: [ view_filter ] --END-- [ RunTime:0.004136s ]
INFO: [ app_end ] --START--
INFO: Run Behavior\ShowPageTraceBehavior [ RunTime:0.004288s ]
INFO: [ app_end ] --END-- [ RunTime:0.004366s ]

[ 2019-08-31T20:12:41+08:00 ] ::1 /IEkcpt3.0plus/IEkcpt3.0/index.php/Home/Cases/findcases.html
INFO: [ app_init ] --START--
INFO: Run Behavior\BuildLiteBehavior [ RunTime:0.000024s ]
INFO: [ app_init ] --END-- [ RunTime:0.002986s ]
INFO: [ app_begin ] --START--
INFO: Run Behavior\ReadHtmlCacheBehavior [ RunTime:0.002258s ]
INFO: [ app_begin ] --END-- [ RunTime:0.002388s ]
SQL: SHOW COLUMNS FROM `projectinfo` [ RunTime:0.0100s ]
SQL: select * from projectinfo [ RunTime:0.0914s ]
INFO: [ view_parse ] --START--
INFO: [ template_filter ] --START--
INFO: Run Behavior\ContentReplaceBehavior [ RunTime:0.000145s ]
INFO: [ template_filter ] --END-- [ RunTime:0.000238s ]
INFO: Run Behavior\ParseTemplateBehavior [ RunTime:0.029471s ]
INFO: [ view_parse ] --END-- [ RunTime:0.029670s ]
INFO: [ view_filter ] --START--
INFO: Run Behavior\WriteHtmlCacheBehavior [ RunTime:0.002775s ]
INFO: [ view_filter ] --END-- [ RunTime:0.002861s ]
INFO: [ app_end ] --START--
INFO: Run Behavior\ShowPageTraceBehavior [ RunTime:0.003926s ]
INFO: [ app_end ] --END-- [ RunTime:0.004029s ]

[ 2019-08-31T20:14:50+08:00 ] ::1 /IEkcpt3.0plus/IEkcpt3.0/index.php/Home/Personal/checksf.html
INFO: [ app_init ] --START--
INFO: Run Behavior\BuildLiteBehavior [ RunTime:0.000019s ]
INFO: [ app_init ] --END-- [ RunTime:0.001358s ]
INFO: [ app_begin ] --START--
INFO: Run Behavior\ReadHtmlCacheBehavior [ RunTime:0.001947s ]
INFO: [ app_begin ] --END-- [ RunTime:0.002011s ]
INFO: [ view_parse ] --START--
INFO: [ template_filter ] --START--
INFO: Run Behavior\ContentReplaceBehavior [ RunTime:0.000115s ]
INFO: [ template_filter ] --END-- [ RunTime:0.000187s ]
INFO: Run Behavior\ParseTemplateBehavior [ RunTime:0.022264s ]
INFO: [ view_parse ] --END-- [ RunTime:0.022351s ]
INFO: [ view_filter ] --START--
INFO: Run Behavior\WriteHtmlCacheBehavior [ RunTime:0.002104s ]
INFO: [ view_filter ] --END-- [ RunTime:0.002159s ]
INFO: [ app_end ] --START--
INFO: Run Behavior\ShowPageTraceBehavior [ RunTime:0.003987s ]
INFO: [ app_end ] --END-- [ RunTime:0.004054s ]

[ 2019-08-31T20:14:51+08:00 ] ::1 /IEkcpt3.0plus/IEkcpt3.0/index.php/Home/Personal/viewpro.html
INFO: [ app_init ] --START--
INFO: Run Behavior\BuildLiteBehavior [ RunTime:0.000015s ]
INFO: [ app_init ] --END-- [ RunTime:0.000991s ]
INFO: [ app_begin ] --START--
INFO: Run Behavior\ReadHtmlCacheBehavior [ RunTime:0.002151s ]
INFO: [ app_begin ] --END-- [ RunTime:0.002227s ]
INFO: [ view_parse ] --START--
INFO: [ template_filter ] --START--
INFO: Run Behavior\ContentReplaceBehavior [ RunTime:0.000146s ]
INFO: [ template_filter ] --END-- [ RunTime:0.000207s ]
INFO: Run Behavior\ParseTemplateBehavior [ RunTime:0.021413s ]
INFO: [ view_parse ] --END-- [ RunTime:0.021612s ]
INFO: [ view_filter ] --START--
INFO: Run Behavior\WriteHtmlCacheBehavior [ RunTime:0.002155s ]
INFO: [ view_filter ] --END-- [ RunTime:0.002218s ]
INFO: [ app_end ] --START--
INFO: Run Behavior\ShowPageTraceBehavior [ RunTime:0.002385s ]
INFO: [ app_end ] --END-- [ RunTime:0.002493s ]

[ 2019-08-31T20:15:17+08:00 ] ::1 /IEkcpt3.0plus/IEkcpt3.0/index.php/Home/Personal/publishproject.html
INFO: [ app_init ] --START--
INFO: Run Behavior\BuildLiteBehavior [ RunTime:0.000016s ]
INFO: [ app_init ] --END-- [ RunTime:0.000941s ]
INFO: [ app_begin ] --START--
INFO: Run Behavior\ReadHtmlCacheBehavior [ RunTime:0.002716s ]
INFO: [ app_begin ] --END-- [ RunTime:0.002816s ]
NOTIC: [8] Use of undefined constant size - assumed 'size' D:\phpStudy\WWW\IEkcpt3.0plus\IEkcpt3.0\Application\Home\Controller\PersonalController.class.php 第 169 行.
NOTIC: [2] call_user_func() expects parameter 1 to be a valid callback, no array or string given D:\phpStudy\WWW\IEkcpt3.0plus\IEkcpt3.0\ThinkPHP\Library\Think\Upload.class.php 第 170 行.
NOTIC: [2] file_exists() expects parameter 1 to be a valid path, array given D:\phpStudy\WWW\IEkcpt3.0plus\IEkcpt3.0\Application\Home\Controller\IndexController.class.php 第 25 行.
SQL: SHOW COLUMNS FROM `projectinfo` [ RunTime:0.0138s ]
NOTIC: [8] Use of undefined constant datetime - assumed 'datetime' D:\phpStudy\WWW\IEkcpt3.0plus\IEkcpt3.0\Application\Home\Controller\PersonalController.class.php 第 190 行.
NOTIC: [8] Use of undefined constant sname - assumed 'sname' D:\phpStudy\WWW\IEkcpt3.0plus\IEkcpt3.0\Application\Home\Controller\PersonalController.class.php 第 193 行.
NOTIC: [8] Undefined index: validate D:\phpStudy\WWW\IEkcpt3.0plus\IEkcpt3.0\ThinkPHP\Library\Think\Model.class.php 第 1185 行.
NOTIC: [8] Undefined index: auto D:\phpStudy\WWW\IEkcpt3.0plus\IEkcpt3.0\ThinkPHP\Library\Think\Model.class.php 第 1128 行.
SQL: INSERT INTO `projectinfo` (`proname`,`protype`,`requires`,`prodate`,`procost`,`prophone`,`isInvest`,`prologo`,`datetime`,`propeoplename`) VALUES ('支付宝','软件开发','123123','123','可议价','15650063778','未获投资','Uploads/2019-08-31/5d6a64d5955ef.png','2019-08-31','杨海涛') [ RunTime:0.0006s ]
INFO: [ view_parse ] --START--
INFO: [ template_filter ] --START--
INFO: Run Behavior\ContentReplaceBehavior [ RunTime:0.000042s ]
INFO: [ template_filter ] --END-- [ RunTime:0.000100s ]
INFO: Run Behavior\ParseTemplateBehavior [ RunTime:0.014294s ]
INFO: [ view_parse ] --END-- [ RunTime:0.014358s ]
INFO: [ view_filter ] --START--
INFO: Run Behavior\WriteHtmlCacheBehavior [ RunTime:0.001459s ]
INFO: [ view_filter ] --END-- [ RunTime:0.001508s ]
INFO: [ app_end ] --START--
INFO: Run Behavior\ShowPageTraceBehavior [ RunTime:0.001911s ]
INFO: [ app_end ] --END-- [ RunTime:0.001974s ]

[ 2019-08-31T20:15:18+08:00 ] ::1 /IEkcpt3.0plus/IEkcpt3.0/index.php/Home/Cases/findcases.html
INFO: [ app_init ] --START--
INFO: Run Behavior\BuildLiteBehavior [ RunTime:0.000018s ]
INFO: [ app_init ] --END-- [ RunTime:0.001050s ]
INFO: [ app_begin ] --START--
INFO: Run Behavior\ReadHtmlCacheBehavior [ RunTime:0.002498s ]
INFO: [ app_begin ] --END-- [ RunTime:0.002593s ]
SQL: SHOW COLUMNS FROM `projectinfo` [ RunTime:0.0108s ]
SQL: select * from projectinfo [ RunTime:0.0006s ]
INFO: [ view_parse ] --START--
INFO: [ template_filter ] --START--
INFO: Run Behavior\ContentReplaceBehavior [ RunTime:0.000144s ]
INFO: [ template_filter ] --END-- [ RunTime:0.000223s ]
INFO: Run Behavior\ParseTemplateBehavior [ RunTime:0.026012s ]
INFO: [ view_parse ] --END-- [ RunTime:0.026084s ]
INFO: [ view_filter ] --START--
INFO: Run Behavior\WriteHtmlCacheBehavior [ RunTime:0.001510s ]
INFO: [ view_filter ] --END-- [ RunTime:0.001564s ]
INFO: [ app_end ] --START--
INFO: Run Behavior\ShowPageTraceBehavior [ RunTime:0.002075s ]
INFO: [ app_end ] --END-- [ RunTime:0.002165s ]

[ 2019-08-31T20:20:02+08:00 ] ::1 /IEkcpt3.0plus/IEkcpt3.0/index.php/Home/Cases/findcases.html
INFO: [ app_init ] --START--
INFO: Run Behavior\BuildLiteBehavior [ RunTime:0.000022s ]
INFO: [ app_init ] --END-- [ RunTime:0.001338s ]
INFO: [ app_begin ] --START--
INFO: Run Behavior\ReadHtmlCacheBehavior [ RunTime:0.001667s ]
INFO: [ app_begin ] --END-- [ RunTime:0.001759s ]
SQL: SHOW COLUMNS FROM `projectinfo` [ RunTime:0.0125s ]
SQL: select * from projectinfo [ RunTime:0.0010s ]
INFO: [ view_parse ] --START--
INFO: [ template_filter ] --START--
INFO: Run Behavior\ContentReplaceBehavior [ RunTime:0.000095s ]
INFO: [ template_filter ] --END-- [ RunTime:0.000171s ]
INFO: Run Behavior\ParseTemplateBehavior [ RunTime:0.025301s ]
INFO: [ view_parse ] --END-- [ RunTime:0.025386s ]
INFO: [ view_filter ] --START--
INFO: Run Behavior\WriteHtmlCacheBehavior [ RunTime:0.007243s ]
INFO: [ view_filter ] --END-- [ RunTime:0.007341s ]
INFO: [ app_end ] --START--
INFO: Run Behavior\ShowPageTraceBehavior [ RunTime:0.001826s ]
INFO: [ app_end ] --END-- [ RunTime:0.001922s ]

[ 2019-08-31T20:20:06+08:00 ] ::1 /IEkcpt3.0plus/IEkcpt3.0/index.php/Home/Personal/checksf.html
INFO: [ app_init ] --START--
INFO: Run Behavior\BuildLiteBehavior [ RunTime:0.000014s ]
INFO: [ app_init ] --END-- [ RunTime:0.000875s ]
INFO: [ app_begin ] --START--
INFO: Run Behavior\ReadHtmlCacheBehavior [ RunTime:0.001141s ]
INFO: [ app_begin ] --END-- [ RunTime:0.001196s ]
INFO: [ view_parse ] --START--
INFO: [ template_filter ] --START--
INFO: Run Behavior\ContentReplaceBehavior [ RunTime:0.000111s ]
INFO: [ template_filter ] --END-- [ RunTime:0.000163s ]
INFO: Run Behavior\ParseTemplateBehavior [ RunTime:0.017330s ]
INFO: [ view_parse ] --END-- [ RunTime:0.017442s ]
INFO: [ view_filter ] --START--
INFO: Run Behavior\WriteHtmlCacheBehavior [ RunTime:0.002043s ]
INFO: [ view_filter ] --END-- [ RunTime:0.002107s ]
INFO: [ app_end ] --START--
INFO: Run Behavior\ShowPageTraceBehavior [ RunTime:0.001644s ]
INFO: [ app_end ] --END-- [ RunTime:0.001705s ]

[ 2019-08-31T20:20:08+08:00 ] ::1 /IEkcpt3.0plus/IEkcpt3.0/index.php/Home/Personal/viewpro.html
INFO: [ app_init ] --START--
INFO: Run Behavior\BuildLiteBehavior [ RunTime:0.000016s ]
INFO: [ app_init ] --END-- [ RunTime:0.001038s ]
INFO: [ app_begin ] --START--
INFO: Run Behavior\ReadHtmlCacheBehavior [ RunTime:0.001092s ]
INFO: [ app_begin ] --END-- [ RunTime:0.001148s ]
INFO: [ view_parse ] --START--
INFO: [ template_filter ] --START--
INFO: Run Behavior\ContentReplaceBehavior [ RunTime:0.000115s ]
INFO: [ template_filter ] --END-- [ RunTime:0.000169s ]
INFO: Run Behavior\ParseTemplateBehavior [ RunTime:0.016758s ]
INFO: [ view_parse ] --END-- [ RunTime:0.016812s ]
INFO: [ view_filter ] --START--
INFO: Run Behavior\WriteHtmlCacheBehavior [ RunTime:0.001235s ]
INFO: [ view_filter ] --END-- [ RunTime:0.001284s ]
INFO: [ app_end ] --START--
INFO: Run Behavior\ShowPageTraceBehavior [ RunTime:0.003507s ]
INFO: [ app_end ] --END-- [ RunTime:0.003600s ]

[ 2019-08-31T20:20:23+08:00 ] ::1 /IEkcpt3.0plus/IEkcpt3.0/index.php/Home/Personal/publishproject.html
INFO: [ app_init ] --START--
INFO: Run Behavior\BuildLiteBehavior [ RunTime:0.000016s ]
INFO: [ app_init ] --END-- [ RunTime:0.000928s ]
INFO: [ app_begin ] --START--
INFO: Run Behavior\ReadHtmlCacheBehavior [ RunTime:0.001129s ]
INFO: [ app_begin ] --END-- [ RunTime:0.001195s ]
NOTIC: [8] Use of undefined constant size - assumed 'size' D:\phpStudy\WWW\IEkcpt3.0plus\IEkcpt3.0\Application\Home\Controller\PersonalController.class.php 第 169 行.
NOTIC: [2] call_user_func() expects parameter 1 to be a valid callback, no array or string given D:\phpStudy\WWW\IEkcpt3.0plus\IEkcpt3.0\ThinkPHP\Library\Think\Upload.class.php 第 170 行.
NOTIC: [2] file_exists() expects parameter 1 to be a valid path, array given D:\phpStudy\WWW\IEkcpt3.0plus\IEkcpt3.0\Application\Home\Controller\IndexController.class.php 第 25 行.

[ 2019-08-31T20:20:52+08:00 ] ::1 /IEkcpt3.0plus/IEkcpt3.0/index.php
INFO: [ app_init ] --START--
INFO: Run Behavior\BuildLiteBehavior [ RunTime:0.000024s ]
INFO: [ app_init ] --END-- [ RunTime:0.001160s ]
INFO: [ app_begin ] --START--
INFO: Run Behavior\ReadHtmlCacheBehavior [ RunTime:0.002229s ]
INFO: [ app_begin ] --END-- [ RunTime:0.002317s ]
INFO: [ view_parse ] --START--
INFO: [ template_filter ] --START--
INFO: Run Behavior\ContentReplaceBehavior [ RunTime:0.000158s ]
INFO: [ template_filter ] --END-- [ RunTime:0.000228s ]
INFO: Run Behavior\ParseTemplateBehavior [ RunTime:0.018091s ]
INFO: [ view_parse ] --END-- [ RunTime:0.018171s ]
INFO: [ view_filter ] --START--
INFO: Run Behavior\WriteHtmlCacheBehavior [ RunTime:0.001354s ]
INFO: [ view_filter ] --END-- [ RunTime:0.001410s ]

[ 2019-08-31T20:21:09+08:00 ] ::1 /IEkcpt3.0plus/IEkcpt3.0/index.php/Home/Personal/publishproject.html
INFO: [ app_init ] --START--
INFO: Run Behavior\BuildLiteBehavior [ RunTime:0.000025s ]
INFO: [ app_init ] --END-- [ RunTime:0.001413s ]
INFO: [ app_begin ] --START--
INFO: Run Behavior\ReadHtmlCacheBehavior [ RunTime:0.001199s ]
INFO: [ app_begin ] --END-- [ RunTime:0.001260s ]
NOTIC: [8] Use of undefined constant size - assumed 'size' D:\phpStudy\WWW\IEkcpt3.0plus\IEkcpt3.0\Application\Home\Controller\PersonalController.class.php 第 169 行.
NOTIC: [2] call_user_func() expects parameter 1 to be a valid callback, no array or string given D:\phpStudy\WWW\IEkcpt3.0plus\IEkcpt3.0\ThinkPHP\Library\Think\Upload.class.php 第 170 行.
NOTIC: [2] file_exists() expects parameter 1 to be a valid path, array given D:\phpStudy\WWW\IEkcpt3.0plus\IEkcpt3.0\Application\Home\Controller\IndexController.class.php 第 25 行.

[ 2019-08-31T20:21:14+08:00 ] ::1 /IEkcpt3.0plus/IEkcpt3.0/index.php/Home/Personal/viewpro.html
INFO: [ app_init ] --START--
INFO: Run Behavior\BuildLiteBehavior [ RunTime:0.000016s ]
INFO: [ app_init ] --END-- [ RunTime:0.001445s ]
INFO: [ app_begin ] --START--
INFO: Run Behavior\ReadHtmlCacheBehavior [ RunTime:0.004255s ]
INFO: [ app_begin ] --END-- [ RunTime:0.004322s ]
INFO: [ view_parse ] --START--
INFO: [ template_filter ] --START--
INFO: Run Behavior\ContentReplaceBehavior [ RunTime:0.000115s ]
INFO: [ template_filter ] --END-- [ RunTime:0.000168s ]
INFO: Run Behavior\ParseTemplateBehavior [ RunTime:0.024738s ]
INFO: [ view_parse ] --END-- [ RunTime:0.024805s ]
INFO: [ view_filter ] --START--
INFO: Run Behavior\WriteHtmlCacheBehavior [ RunTime:0.006836s ]
INFO: [ view_filter ] --END-- [ RunTime:0.006885s ]
INFO: [ app_end ] --START--
INFO: Run Behavior\ShowPageTraceBehavior [ RunTime:0.005146s ]
INFO: [ app_end ] --END-- [ RunTime:0.005204s ]

[ 2019-08-31T20:21:53+08:00 ] ::1 /IEkcpt3.0plus/IEkcpt3.0/index.php/Home/Personal/publishproject.html
INFO: [ app_init ] --START--
INFO: Run Behavior\BuildLiteBehavior [ RunTime:0.000017s ]
INFO: [ app_init ] --END-- [ RunTime:0.000918s ]
INFO: [ app_begin ] --START--
INFO: Run Behavior\ReadHtmlCacheBehavior [ RunTime:0.003213s ]
INFO: [ app_begin ] --END-- [ RunTime:0.003399s ]
NOTIC: [8] Use of undefined constant size - assumed 'size' D:\phpStudy\WWW\IEkcpt3.0plus\IEkcpt3.0\Application\Home\Controller\PersonalController.class.php 第 169 行.
NOTIC: [2] call_user_func() expects parameter 1 to be a valid callback, no array or string given D:\phpStudy\WWW\IEkcpt3.0plus\IEkcpt3.0\ThinkPHP\Library\Think\Upload.class.php 第 170 行.
NOTIC: [2] file_exists() expects parameter 1 to be a valid path, array given D:\phpStudy\WWW\IEkcpt3.0plus\IEkcpt3.0\Application\Home\Controller\IndexController.class.php 第 25 行.

[ 2019-08-31T20:22:26+08:00 ] ::1 /IEkcpt3.0plus/IEkcpt3.0/index.php/Home/Personal/viewpro.html
INFO: [ app_init ] --START--
INFO: Run Behavior\BuildLiteBehavior [ RunTime:0.000016s ]
INFO: [ app_init ] --END-- [ RunTime:0.001435s ]
INFO: [ app_begin ] --START--
INFO: Run Behavior\ReadHtmlCacheBehavior [ RunTime:0.004132s ]
INFO: [ app_begin ] --END-- [ RunTime:0.004226s ]
INFO: [ view_parse ] --START--
INFO: [ template_filter ] --START--
INFO: Run Behavior\ContentReplaceBehavior [ RunTime:0.000115s ]
INFO: [ template_filter ] --END-- [ RunTime:0.000168s ]
INFO: Run Behavior\ParseTemplateBehavior [ RunTime:0.030581s ]
INFO: [ view_parse ] --END-- [ RunTime:0.030641s ]
INFO: [ view_filter ] --START--
INFO: Run Behavior\WriteHtmlCacheBehavior [ RunTime:0.003413s ]
INFO: [ view_filter ] --END-- [ RunTime:0.003459s ]
INFO: [ app_end ] --START--
INFO: Run Behavior\ShowPageTraceBehavior [ RunTime:0.008207s ]
INFO: [ app_end ] --END-- [ RunTime:0.008374s ]

[ 2019-08-31T20:22:37+08:00 ] ::1 /IEkcpt3.0plus/IEkcpt3.0/index.php/Home/Personal/publishproject.html
INFO: [ app_init ] --START--
INFO: Run Behavior\BuildLiteBehavior [ RunTime:0.000020s ]
INFO: [ app_init ] --END-- [ RunTime:0.001395s ]
INFO: [ app_begin ] --START--
INFO: Run Behavior\ReadHtmlCacheBehavior [ RunTime:0.008228s ]
INFO: [ app_begin ] --END-- [ RunTime:0.008299s ]
NOTIC: [8] Use of undefined constant size - assumed 'size' D:\phpStudy\WWW\IEkcpt3.0plus\IEkcpt3.0\Application\Home\Controller\PersonalController.class.php 第 169 行.
NOTIC: [2] call_user_func() expects parameter 1 to be a valid callback, no array or string given D:\phpStudy\WWW\IEkcpt3.0plus\IEkcpt3.0\ThinkPHP\Library\Think\Upload.class.php 第 170 行.
NOTIC: [2] Missing argument 1 for Home\Controller\IndexController::checkHex(), called in D:\phpStudy\WWW\IEkcpt3.0plus\IEkcpt3.0\Application\Home\Controller\PersonalController.class.php on line 173 and defined D:\phpStudy\WWW\IEkcpt3.0plus\IEkcpt3.0\Application\Home\Controller\IndexController.class.php 第 18 行.
NOTIC: [8] Undefined variable: img D:\phpStudy\WWW\IEkcpt3.0plus\IEkcpt3.0\Application\Home\Controller\IndexController.class.php 第 25 行.

