[ 2019-08-27T00:04:27+08:00 ] ::1 /IEkcpt2.3/Public/Web/images/s13.jpg
ERR: 无法加载模块:Public

[ 2019-08-27T00:04:27+08:00 ] ::1 /IEkcpt2.3/Public/Web/images/blur.png
ERR: 无法加载模块:Public

[ 2019-08-27T00:36:29+08:00 ] ::1 /IEkcpt2.3/Public/Web/images/blur.png
ERR: 无法加载模块:Public

[ 2019-08-27T00:36:29+08:00 ] ::1 /IEkcpt2.3/Public/Web/images/s13.jpg
ERR: 无法加载模块:Public

[ 2019-08-27T08:41:01+08:00 ] ::1 /IEkcpt2.3/Public/Web/images/blur.png
ERR: 无法加载模块:Public

[ 2019-08-27T08:41:01+08:00 ] ::1 /IEkcpt2.3/Public/Web/images/s13.jpg
ERR: 无法加载模块:Public

[ 2019-08-27T09:57:50+08:00 ] ::1 /IEkcpt2.3/Public/Web/images/blur.png
ERR: 无法加载模块:Public

[ 2019-08-27T09:57:51+08:00 ] ::1 /IEkcpt2.3/Public/Web/images/s13.jpg
ERR: 无法加载模块:Public

[ 2019-08-27T10:22:53+08:00 ] ::1 /IEkcpt2.3/Public/Web/images/s13.jpg
ERR: 无法加载模块:Public

[ 2019-08-27T10:22:53+08:00 ] ::1 /IEkcpt2.3/Public/Web/images/blur.png
ERR: 无法加载模块:Public

[ 2019-08-27T10:53:01+08:00 ] ::1 /IEkcpt2.3/Public/Web/images/banner/banner5.png
ERR: 无法加载模块:Public

[ 2019-08-27T10:54:08+08:00 ] ::1 /IEkcpt2.3/Public/Web/images/banner/banner5.png
ERR: 无法加载模块:Public

[ 2019-08-27T11:03:33+08:00 ] ::1 /IEkcpt2.3/Public/Web/images/banner/banner5.png
ERR: 无法加载模块:Public

[ 2019-08-27T11:05:43+08:00 ] ::1 /IEkcpt2.3/Public/Web/images/s13.jpg
ERR: 无法加载模块:Public


[ 2019-08-27T11:05:44+08:00 ] ::1 /IEkcpt2.3/Public/Web/images/blur.png
ERR: 无法加载模块:Public

[ 2019-08-27T11:05:44+08:00 ] ::1 /IEkcpt2.3/Public/Web/images/s13.jpg
ERR: 无法加载模块:Public

[ 2019-08-27T11:06:02+08:00 ] ::1 /IEkcpt2.3/Public/Web/images/blur.png
ERR: 无法加载模块:Public

[ 2019-08-27T11:06:02+08:00 ] ::1 /IEkcpt2.3/Public/Web/images/s13.jpg
ERR: 无法加载模块:Public

[ 2019-08-27T11:22:16+08:00 ] ::1 /IEkcpt2.4/Public/Web/images/banner/banner003.png
ERR: 无法加载模块:Public

[ 2019-08-27T13:45:44+08:00 ] ::1 /IEkcpt2.4/Public/weihong/img/bg.jpg
INFO: [ app_init ] --START--
INFO: Run Behavior\BuildLiteBehavior [ RunTime:0.000036s ]
INFO: [ app_init ] --END-- [ RunTime:0.001596s ]
ERR: 无法加载模块:Public

[ 2019-08-27T13:45:44+08:00 ] ::1 /IEkcpt2.4/Public/weihong/fonts/sourcesanspro/sourcesanspro.woff
INFO: [ app_init ] --START--
INFO: Run Behavior\BuildLiteBehavior [ RunTime:0.000043s ]
INFO: [ app_init ] --END-- [ RunTime:0.001570s ]
ERR: 无法加载模块:Public

[ 2019-08-27T13:45:44+08:00 ] ::1 /IEkcpt2.4/Public/weihong/fonts/sourcesanspro/sourcesanspro-bold.woff
INFO: [ app_init ] --START--
INFO: Run Behavior\BuildLiteBehavior [ RunTime:0.000020s ]
INFO: [ app_init ] --END-- [ RunTime:0.001015s ]
ERR: 无法加载模块:Public

[ 2019-08-27T13:49:56+08:00 ] ::1 /IEkcpt2.4/Public/Web/images/blur.png
INFO: [ app_init ] --START--
INFO: Run Behavior\BuildLiteBehavior [ RunTime:0.000034s ]
INFO: [ app_init ] --END-- [ RunTime:0.000984s ]
ERR: 无法加载模块:Public

[ 2019-08-27T13:49:56+08:00 ] ::1 /IEkcpt2.4/Public/Web/images/s13.jpg
INFO: [ app_init ] --START--
INFO: Run Behavior\BuildLiteBehavior [ RunTime:0.000085s ]
INFO: [ app_init ] --END-- [ RunTime:0.001334s ]
ERR: 无法加载模块:Public

[ 2019-08-27T13:53:50+08:00 ] ::1 /IEkcpt2.4/Public/weihong/fonts/sourcesanspro/sourcesanspro.woff
INFO: [ app_init ] --START--
INFO: Run Behavior\BuildLiteBehavior [ RunTime:0.000025s ]
INFO: [ app_init ] --END-- [ RunTime:0.001677s ]
ERR: 无法加载模块:Public

[ 2019-08-27T13:53:51+08:00 ] ::1 /IEkcpt2.4/Public/weihong/fonts/sourcesanspro/sourcesanspro-bold.woff
INFO: [ app_init ] --START--
INFO: Run Behavior\BuildLiteBehavior [ RunTime:0.000030s ]
INFO: [ app_init ] --END-- [ RunTime:0.001206s ]
ERR: 无法加载模块:Public

[ 2019-08-27T13:54:19+08:00 ] ::1 /IEkcpt2.4/Public/weihong/img/bg.jpg
INFO: [ app_init ] --START--
INFO: Run Behavior\BuildLiteBehavior [ RunTime:0.000030s ]
INFO: [ app_init ] --END-- [ RunTime:0.001148s ]
ERR: 无法加载模块:Public

[ 2019-08-27T13:54:19+08:00 ] ::1 /IEkcpt2.4/Public/weihong/fonts/sourcesanspro/sourcesanspro.woff
INFO: [ app_init ] --START--
INFO: Run Behavior\BuildLiteBehavior [ RunTime:0.000021s ]
INFO: [ app_init ] --END-- [ RunTime:0.000940s ]
ERR: 无法加载模块:Public

[ 2019-08-27T13:54:19+08:00 ] ::1 /IEkcpt2.4/Public/weihong/fonts/sourcesanspro/sourcesanspro-bold.woff
INFO: [ app_init ] --START--
INFO: Run Behavior\BuildLiteBehavior [ RunTime:0.000035s ]
INFO: [ app_init ] --END-- [ RunTime:0.001029s ]
ERR: 无法加载模块:Public

[ 2019-08-27T13:57:13+08:00 ] ::1 /IEkcpt2.4/Public/Web/images/blur.png
INFO: [ app_init ] --START--
INFO: Run Behavior\BuildLiteBehavior [ RunTime:0.000032s ]
INFO: [ app_init ] --END-- [ RunTime:0.000993s ]
ERR: 无法加载模块:Public

[ 2019-08-27T13:57:13+08:00 ] ::1 /IEkcpt2.4/Public/Web/images/s13.jpg
INFO: [ app_init ] --START--
INFO: Run Behavior\BuildLiteBehavior [ RunTime:0.000038s ]
INFO: [ app_init ] --END-- [ RunTime:0.001612s ]
ERR: 无法加载模块:Public

[ 2019-08-27T13:57:17+08:00 ] ::1 /IEkcpt2.4/Public/Web/images/blur.png
INFO: [ app_init ] --START--
INFO: Run Behavior\BuildLiteBehavior [ RunTime:0.000020s ]
INFO: [ app_init ] --END-- [ RunTime:0.001298s ]
ERR: 无法加载模块:Public

[ 2019-08-27T13:57:17+08:00 ] ::1 /IEkcpt2.4/Public/Web/images/s13.jpg
INFO: [ app_init ] --START--
INFO: Run Behavior\BuildLiteBehavior [ RunTime:0.000024s ]
INFO: [ app_init ] --END-- [ RunTime:0.001260s ]
ERR: 无法加载模块:Public

[ 2019-08-27T13:59:46+08:00 ] ::1 /IEkcpt2.4/Public/Web/images/blur.png
INFO: [ app_init ] --START--
INFO: Run Behavior\BuildLiteBehavior [ RunTime:0.000036s ]
INFO: [ app_init ] --END-- [ RunTime:0.001242s ]
ERR: 无法加载模块:Public

[ 2019-08-27T13:59:46+08:00 ] ::1 /IEkcpt2.4/Public/Web/images/s13.jpg
INFO: [ app_init ] --START--
INFO: Run Behavior\BuildLiteBehavior [ RunTime:0.000138s ]
INFO: [ app_init ] --END-- [ RunTime:0.002190s ]
ERR: 无法加载模块:Public

[ 2019-08-27T13:59:46+08:00 ] ::1 /IEkcpt2.4/Public/Web/images/s13.jpg
INFO: [ app_init ] --START--
INFO: Run Behavior\BuildLiteBehavior [ RunTime:0.000025s ]
INFO: [ app_init ] --END-- [ RunTime:0.000987s ]
ERR: 无法加载模块:Public

[ 2019-08-27T13:59:46+08:00 ] ::1 /IEkcpt2.4/Public/Web/images/blur.png
INFO: [ app_init ] --START--
INFO: Run Behavior\BuildLiteBehavior [ RunTime:0.000025s ]
INFO: [ app_init ] --END-- [ RunTime:0.001180s ]
ERR: 无法加载模块:Public

[ 2019-08-27T14:21:54+08:00 ] ::1 /IEkcpt2.4/Public/Web/images/blur.png
INFO: [ app_init ] --START--
INFO: Run Behavior\BuildLiteBehavior [ RunTime:0.000039s ]
INFO: [ app_init ] --END-- [ RunTime:0.002185s ]
ERR: 无法加载模块:Public

[ 2019-08-27T14:21:54+08:00 ] ::1 /IEkcpt2.4/Public/Web/images/s13.jpg
INFO: [ app_init ] --START--
INFO: Run Behavior\BuildLiteBehavior [ RunTime:0.000037s ]
INFO: [ app_init ] --END-- [ RunTime:0.011418s ]
ERR: 无法加载模块:Public

[ 2019-08-27T14:26:18+08:00 ] ::1 /IEkcpt2.4/Public/Web/images/blur.png
INFO: [ app_init ] --START--
INFO: Run Behavior\BuildLiteBehavior [ RunTime:0.000072s ]
INFO: [ app_init ] --END-- [ RunTime:0.021288s ]
ERR: 无法加载模块:Public

[ 2019-08-27T14:26:18+08:00 ] ::1 /IEkcpt2.4/Public/Web/images/s13.jpg
INFO: [ app_init ] --START--
INFO: Run Behavior\BuildLiteBehavior [ RunTime:0.000032s ]
INFO: [ app_init ] --END-- [ RunTime:0.001220s ]
ERR: 无法加载模块:Public

[ 2019-08-27T14:52:18+08:00 ] ::1 /IEkcpt2.4/Public/Web/images/s13.jpg
INFO: [ app_init ] --START--
INFO: Run Behavior\BuildLiteBehavior [ RunTime:0.000028s ]
INFO: [ app_init ] --END-- [ RunTime:0.000745s ]
ERR: 无法加载模块:Public

[ 2019-08-27T14:52:18+08:00 ] ::1 /IEkcpt2.4/Public/Web/images/blur.png
INFO: [ app_init ] --START--
INFO: Run Behavior\BuildLiteBehavior [ RunTime:0.000018s ]
INFO: [ app_init ] --END-- [ RunTime:0.001405s ]
ERR: 无法加载模块:Public

[ 2019-08-27T15:16:47+08:00 ] ::1 /IEkcpt2.4/Public/Web/images/s13.jpg
INFO: [ app_init ] --START--
INFO: Run Behavior\BuildLiteBehavior [ RunTime:0.000012s ]
INFO: [ app_init ] --END-- [ RunTime:0.000467s ]
ERR: 无法加载模块:Public

[ 2019-08-27T15:16:47+08:00 ] ::1 /IEkcpt2.4/Public/Web/images/blur.png
INFO: [ app_init ] --START--
INFO: Run Behavior\BuildLiteBehavior [ RunTime:0.000016s ]
INFO: [ app_init ] --END-- [ RunTime:0.000634s ]
ERR: 无法加载模块:Public

[ 2019-08-27T15:16:50+08:00 ] ::1 /IEkcpt2.4/Public/Web/images/blur.png
INFO: [ app_init ] --START--
INFO: Run Behavior\BuildLiteBehavior [ RunTime:0.000017s ]
INFO: [ app_init ] --END-- [ RunTime:0.000662s ]
ERR: 无法加载模块:Public

[ 2019-08-27T15:16:50+08:00 ] ::1 /IEkcpt2.4/Public/Web/images/s13.jpg
INFO: [ app_init ] --START--
INFO: Run Behavior\BuildLiteBehavior [ RunTime:0.000028s ]
INFO: [ app_init ] --END-- [ RunTime:0.009797s ]
ERR: 无法加载模块:Public

[ 2019-08-27T15:18:18+08:00 ] ::1 /IEkcpt2.4/Public/Web/images/s13.jpg
INFO: [ app_init ] --START--
INFO: Run Behavior\BuildLiteBehavior [ RunTime:0.000036s ]
INFO: [ app_init ] --END-- [ RunTime:0.002015s ]
ERR: 无法加载模块:Public

[ 2019-08-27T15:18:18+08:00 ] ::1 /IEkcpt2.4/Public/Web/images/blur.png
INFO: [ app_init ] --START--
INFO: Run Behavior\BuildLiteBehavior [ RunTime:0.000023s ]
INFO: [ app_init ] --END-- [ RunTime:0.001260s ]
ERR: 无法加载模块:Public

[ 2019-08-27T15:36:08+08:00 ] ::1 /IEkcpt2.4/Public/Web/images/blur.png
INFO: [ app_init ] --START--
INFO: Run Behavior\BuildLiteBehavior [ RunTime:0.000013s ]
INFO: [ app_init ] --END-- [ RunTime:0.000468s ]
ERR: 无法加载模块:Public

[ 2019-08-27T15:36:08+08:00 ] ::1 /IEkcpt2.4/Public/Web/images/s13.jpg
INFO: [ app_init ] --START--
INFO: Run Behavior\BuildLiteBehavior [ RunTime:0.000019s ]
INFO: [ app_init ] --END-- [ RunTime:0.000618s ]
ERR: 无法加载模块:Public

[ 2019-08-27T15:36:30+08:00 ] ::1 /IEkcpt2.4/Public/Web/images/s13.jpg
INFO: [ app_init ] --START--
INFO: Run Behavior\BuildLiteBehavior [ RunTime:0.000021s ]
INFO: [ app_init ] --END-- [ RunTime:0.000918s ]
ERR: 无法加载模块:Public

[ 2019-08-27T15:36:30+08:00 ] ::1 /IEkcpt2.4/Public/Web/images/blur.png
INFO: [ app_init ] --START--
INFO: Run Behavior\BuildLiteBehavior [ RunTime:0.000027s ]
INFO: [ app_init ] --END-- [ RunTime:0.000851s ]
ERR: 无法加载模块:Public

[ 2019-08-27T15:37:17+08:00 ] ::1 /IEkcpt2.4/Public/Web/images/s13.jpg
INFO: [ app_init ] --START--
INFO: Run Behavior\BuildLiteBehavior [ RunTime:0.000019s ]
INFO: [ app_init ] --END-- [ RunTime:0.000677s ]
ERR: 无法加载模块:Public

[ 2019-08-27T15:37:17+08:00 ] ::1 /IEkcpt2.4/Public/Web/images/blur.png
INFO: [ app_init ] --START--
INFO: Run Behavior\BuildLiteBehavior [ RunTime:0.000018s ]
INFO: [ app_init ] --END-- [ RunTime:0.000757s ]
ERR: 无法加载模块:Public

[ 2019-08-27T15:39:42+08:00 ] ::1 /IEkcpt2.4/Public/Web/images/s13.jpg
INFO: [ app_init ] --START--
INFO: Run Behavior\BuildLiteBehavior [ RunTime:0.000013s ]
INFO: [ app_init ] --END-- [ RunTime:0.000524s ]
ERR: 无法加载模块:Public

[ 2019-08-27T15:39:42+08:00 ] ::1 /IEkcpt2.4/Public/Web/images/blur.png
INFO: [ app_init ] --START--
INFO: Run Behavior\BuildLiteBehavior [ RunTime:0.000017s ]
INFO: [ app_init ] --END-- [ RunTime:0.000672s ]
ERR: 无法加载模块:Public

[ 2019-08-27T15:45:14+08:00 ] ::1 /IEkcpt2.4/Public/Web/js/jquery.min.map
INFO: [ app_init ] --START--
INFO: Run Behavior\BuildLiteBehavior [ RunTime:0.000024s ]
INFO: [ app_init ] --END-- [ RunTime:0.000741s ]
ERR: 无法加载模块:Public

[ 2019-08-27T15:45:14+08:00 ] ::1 /IEkcpt2.4/Public/Web/css/bootstrap.min.css.map
INFO: [ app_init ] --START--
INFO: Run Behavior\BuildLiteBehavior [ RunTime:0.000016s ]
INFO: [ app_init ] --END-- [ RunTime:0.001118s ]
ERR: 无法加载模块:Public

[ 2019-08-27T15:48:04+08:00 ] ::1 /IEkcpt2.4/Public/Web/images/s13.jpg
INFO: [ app_init ] --START--
INFO: Run Behavior\BuildLiteBehavior [ RunTime:0.000045s ]
INFO: [ app_init ] --END-- [ RunTime:0.001946s ]
ERR: 无法加载模块:Public

[ 2019-08-27T15:48:04+08:00 ] ::1 /IEkcpt2.4/Public/Web/images/blur.png
INFO: [ app_init ] --START--
INFO: Run Behavior\BuildLiteBehavior [ RunTime:0.000029s ]
INFO: [ app_init ] --END-- [ RunTime:0.001307s ]
ERR: 无法加载模块:Public

[ 2019-08-27T16:45:46+08:00 ] ::1 /IEkcpt2.4/Public/Web/images/banner/banner02021.jpg
INFO: [ app_init ] --START--
INFO: Run Behavior\BuildLiteBehavior [ RunTime:0.000012s ]
INFO: [ app_init ] --END-- [ RunTime:0.000480s ]
ERR: 无法加载模块:Public

[ 2019-08-27T16:46:04+08:00 ] ::1 /IEkcpt2.4/Public/Web/images/banner/banner02021.jpg
INFO: [ app_init ] --START--
INFO: Run Behavior\BuildLiteBehavior [ RunTime:0.000014s ]
INFO: [ app_init ] --END-- [ RunTime:0.000514s ]
ERR: 无法加载模块:Public

[ 2019-08-27T16:46:06+08:00 ] ::1 /IEkcpt2.4/Public/Web/images/banner/banner001.jpg
INFO: [ app_init ] --START--
INFO: Run Behavior\BuildLiteBehavior [ RunTime:0.000013s ]
INFO: [ app_init ] --END-- [ RunTime:0.000542s ]
ERR: 无法加载模块:Public

[ 2019-08-27T16:46:06+08:00 ] ::1 /IEkcpt2.4/Public/Web/images/banner/banner02021.jpg
INFO: [ app_init ] --START--
INFO: Run Behavior\BuildLiteBehavior [ RunTime:0.000016s ]
INFO: [ app_init ] --END-- [ RunTime:0.000698s ]
ERR: 无法加载模块:Public

[ 2019-08-27T16:46:06+08:00 ] ::1 /IEkcpt2.4/Public/Web/images/banner/banner02021.jpg
INFO: [ app_init ] --START--
INFO: Run Behavior\BuildLiteBehavior [ RunTime:0.000014s ]
INFO: [ app_init ] --END-- [ RunTime:0.000595s ]
ERR: 无法加载模块:Public

[ 2019-08-27T16:46:06+08:00 ] ::1 /IEkcpt2.4/Public/Web/images/banner/banner001.jpg
INFO: [ app_init ] --START--
INFO: Run Behavior\BuildLiteBehavior [ RunTime:0.000012s ]
INFO: [ app_init ] --END-- [ RunTime:0.000505s ]
ERR: 无法加载模块:Public

[ 2019-08-27T17:02:32+08:00 ] ::1 /IEkcpt2.4/Public/Web/images/loginfuben.png
INFO: [ app_init ] --START--
INFO: Run Behavior\BuildLiteBehavior [ RunTime:0.000011s ]
INFO: [ app_init ] --END-- [ RunTime:0.000475s ]
ERR: 无法加载模块:Public

[ 2019-08-27T17:08:29+08:00 ] ::1 /IEkcpt2.4/Public/Web/js/jquery.min.map
INFO: [ app_init ] --START--
INFO: Run Behavior\BuildLiteBehavior [ RunTime:0.000014s ]
INFO: [ app_init ] --END-- [ RunTime:0.000679s ]
ERR: 无法加载模块:Public

[ 2019-08-27T17:08:29+08:00 ] ::1 /IEkcpt2.4/Public/Web/js/jquery.min.map
INFO: [ app_init ] --START--
INFO: Run Behavior\BuildLiteBehavior [ RunTime:0.000014s ]
INFO: [ app_init ] --END-- [ RunTime:0.000563s ]
ERR: 无法加载模块:Public

[ 2019-08-27T17:08:29+08:00 ] ::1 /IEkcpt2.4/Public/Web/css/bootstrap.min.css.map
INFO: [ app_init ] --START--
INFO: Run Behavior\BuildLiteBehavior [ RunTime:0.000012s ]
INFO: [ app_init ] --END-- [ RunTime:0.000461s ]
ERR: 无法加载模块:Public

[ 2019-08-27T17:13:59+08:00 ] ::1 /IEkcpt2.4/Public/Web/images/blur.png
INFO: [ app_init ] --START--
INFO: Run Behavior\BuildLiteBehavior [ RunTime:0.000014s ]
INFO: [ app_init ] --END-- [ RunTime:0.000511s ]
ERR: 无法加载模块:Public

[ 2019-08-27T17:13:59+08:00 ] ::1 /IEkcpt2.4/Public/Web/images/s13.jpg
INFO: [ app_init ] --START--
INFO: Run Behavior\BuildLiteBehavior [ RunTime:0.000036s ]
INFO: [ app_init ] --END-- [ RunTime:0.000821s ]
ERR: 无法加载模块:Public

[ 2019-08-27T17:14:07+08:00 ] ::1 /IEkcpt2.4/Public/Web/images/s13.jpg
INFO: [ app_init ] --START--
INFO: Run Behavior\BuildLiteBehavior [ RunTime:0.000013s ]
INFO: [ app_init ] --END-- [ RunTime:0.000476s ]
ERR: 无法加载模块:Public

[ 2019-08-27T17:14:07+08:00 ] ::1 /IEkcpt2.4/Public/Web/images/blur.png
INFO: [ app_init ] --START--
INFO: Run Behavior\BuildLiteBehavior [ RunTime:0.000013s ]
INFO: [ app_init ] --END-- [ RunTime:0.000478s ]
ERR: 无法加载模块:Public

[ 2019-08-27T17:15:27+08:00 ] ::1 /IEkcpt2.4/Public/Web/images/s13.jpg
INFO: [ app_init ] --START--
INFO: Run Behavior\BuildLiteBehavior [ RunTime:0.000023s ]
INFO: [ app_init ] --END-- [ RunTime:0.000775s ]
ERR: 无法加载模块:Public

[ 2019-08-27T17:15:27+08:00 ] ::1 /IEkcpt2.4/Public/Web/images/blur.png
INFO: [ app_init ] --START--
INFO: Run Behavior\BuildLiteBehavior [ RunTime:0.000044s ]
INFO: [ app_init ] --END-- [ RunTime:0.002003s ]
ERR: 无法加载模块:Public

[ 2019-08-27T17:46:01+08:00 ] ::1 /IEkcpt3.0/Public/Web/js/jquery.min.map
INFO: [ app_init ] --START--
INFO: Run Behavior\BuildLiteBehavior [ RunTime:0.000016s ]
INFO: [ app_init ] --END-- [ RunTime:0.000811s ]
ERR: 无法加载模块:Public

[ 2019-08-27T17:46:01+08:00 ] ::1 /IEkcpt3.0/Public/Web/css/bootstrap.min.css.map
INFO: [ app_init ] --START--
INFO: Run Behavior\BuildLiteBehavior [ RunTime:0.000020s ]
INFO: [ app_init ] --END-- [ RunTime:0.000716s ]
ERR: 无法加载模块:Public

[ 2019-08-27T17:47:41+08:00 ] ::1 /IEkcpt3.0/Public/Web/js/jquery.min.map
INFO: [ app_init ] --START--
INFO: Run Behavior\BuildLiteBehavior [ RunTime:0.000018s ]
INFO: [ app_init ] --END-- [ RunTime:0.000736s ]
ERR: 无法加载模块:Public

[ 2019-08-27T17:47:41+08:00 ] ::1 /IEkcpt3.0/Public/Web/css/bootstrap.min.css.map
INFO: [ app_init ] --START--
INFO: Run Behavior\BuildLiteBehavior [ RunTime:0.000022s ]
INFO: [ app_init ] --END-- [ RunTime:0.000853s ]
ERR: 无法加载模块:Public

[ 2019-08-27T19:43:45+08:00 ] ::1 /IEkcpt3.0/Public/Web/css/bootstrap.min.css.map
INFO: [ app_init ] --START--
INFO: Run Behavior\BuildLiteBehavior [ RunTime:0.000014s ]
INFO: [ app_init ] --END-- [ RunTime:0.000560s ]
ERR: 无法加载模块:Public

[ 2019-08-27T19:43:48+08:00 ] ::1 /IEkcpt3.0/Public/Web/js/jquery.min.map
INFO: [ app_init ] --START--
INFO: Run Behavior\BuildLiteBehavior [ RunTime:0.000016s ]
INFO: [ app_init ] --END-- [ RunTime:0.000565s ]
ERR: 无法加载模块:Public

[ 2019-08-27T19:43:48+08:00 ] ::1 /IEkcpt3.0/Public/Web/css/bootstrap.min.css.map
INFO: [ app_init ] --START--
INFO: Run Behavior\BuildLiteBehavior [ RunTime:0.000022s ]
INFO: [ app_init ] --END-- [ RunTime:0.000690s ]
ERR: 无法加载模块:Public

[ 2019-08-27T19:45:31+08:00 ] ::1 /IEkcpt3.0/Public/Web/js/jquery.min.map
INFO: [ app_init ] --START--
INFO: Run Behavior\BuildLiteBehavior [ RunTime:0.000021s ]
INFO: [ app_init ] --END-- [ RunTime:0.000815s ]
ERR: 无法加载模块:Public

[ 2019-08-27T19:45:31+08:00 ] ::1 /IEkcpt3.0/Public/Web/css/bootstrap.min.css.map
INFO: [ app_init ] --START--
INFO: Run Behavior\BuildLiteBehavior [ RunTime:0.000023s ]
INFO: [ app_init ] --END-- [ RunTime:0.000875s ]
ERR: 无法加载模块:Public

[ 2019-08-27T19:54:23+08:00 ] ::1 /IEkcpt3.0/Public/Web/css/bootstrap.min.css.map
INFO: [ app_init ] --START--
INFO: Run Behavior\BuildLiteBehavior [ RunTime:0.000020s ]
INFO: [ app_init ] --END-- [ RunTime:0.000773s ]
ERR: 无法加载模块:Public

[ 2019-08-27T19:54:53+08:00 ] ::1 /IEkcpt3.0/Public/Web/js/jquery.min.map
INFO: [ app_init ] --START--
INFO: Run Behavior\BuildLiteBehavior [ RunTime:0.000023s ]
INFO: [ app_init ] --END-- [ RunTime:0.000926s ]
ERR: 无法加载模块:Public

[ 2019-08-27T19:54:53+08:00 ] ::1 /IEkcpt3.0/Public/Web/css/bootstrap.min.css.map
INFO: [ app_init ] --START--
INFO: Run Behavior\BuildLiteBehavior [ RunTime:0.000020s ]
INFO: [ app_init ] --END-- [ RunTime:0.000697s ]
ERR: 无法加载模块:Public

[ 2019-08-27T19:56:45+08:00 ] ::1 /IEkcpt3.0/Public/Web/js/jquery.min.map
INFO: [ app_init ] --START--
INFO: Run Behavior\BuildLiteBehavior [ RunTime:0.000023s ]
INFO: [ app_init ] --END-- [ RunTime:0.000986s ]
ERR: 无法加载模块:Public

[ 2019-08-27T19:56:46+08:00 ] ::1 /IEkcpt3.0/Public/Web/css/bootstrap.min.css.map
INFO: [ app_init ] --START--
INFO: Run Behavior\BuildLiteBehavior [ RunTime:0.000015s ]
INFO: [ app_init ] --END-- [ RunTime:0.000520s ]
ERR: 无法加载模块:Public

[ 2019-08-27T19:57:33+08:00 ] ::1 /IEkcpt3.0/Public/Web/js/jquery.min.map
INFO: [ app_init ] --START--
INFO: Run Behavior\BuildLiteBehavior [ RunTime:0.000027s ]
INFO: [ app_init ] --END-- [ RunTime:0.001572s ]
ERR: 无法加载模块:Public

blic

[ 2019-08-27T19:58:41+08:00 ] ::1 /IEkcpt3.0/Public/Web/js/jquery.min.map
INFO: [ app_init ] --START--
INFO: Run Behavior\BuildLiteBehavior [ RunTime:0.000017s ]
INFO: [ app_init ] --END-- [ RunTime:0.000572s ]
ERR: 无法加载模块:Public

[ 2019-08-27T19:58:41+08:00 ] ::1 /IEkcpt3.0/Public/Web/css/bootstrap.min.css.map
INFO: [ app_init ] --START--
INFO: Run Behavior\BuildLiteBehavior [ RunTime:0.000020s ]
INFO: [ app_init ] --END-- [ RunTime:0.000752s ]
ERR: 无法加载模块:Public

[ 2019-08-27T19:58:52+08:00 ] ::1 /IEkcpt3.0/Public/Web/js/jquery.min.map
INFO: [ app_init ] --START--
INFO: Run Behavior\BuildLiteBehavior [ RunTime:0.000013s ]
INFO: [ app_init ] --END-- [ RunTime:0.000505s ]
ERR: 无法加载模块:Public

[ 2019-08-27T19:58:52+08:00 ] ::1 /IEkcpt3.0/Public/Web/css/bootstrap.min.css.map
INFO: [ app_init ] --START--
INFO: Run Behavior\BuildLiteBehavior [ RunTime:0.000151s ]
INFO: [ app_init ] --END-- [ RunTime:0.002168s ]
ERR: 无法加载模块:Public

[ 2019-08-27T19:58:53+08:00 ] ::1 /IEkcpt3.0/Public/Web/js/jquery.min.map
INFO: [ app_init ] --START--
INFO: Run Behavior\BuildLiteBehavior [ RunTime:0.000049s ]
INFO: [ app_init ] --END-- [ RunTime:0.001371s ]
ERR: 无法加载模块:Public

[ 2019-08-27T19:58:53+08:00 ] ::1 /IEkcpt3.0/Public/Web/css/bootstrap.min.css.map
INFO: [ app_init ] --START--
INFO: Run Behavior\BuildLiteBehavior [ RunTime:0.000024s ]
INFO: [ app_init ] --END-- [ RunTime:0.001196s ]
ERR: 无法加载模块:Public

[ 2019-08-27T19:58:56+08:00 ] ::1 /IEkcpt3.0/Public/Web/js/jquery.min.map
INFO: [ app_init ] --START--
INFO: Run Behavior\BuildLiteBehavior [ RunTime:0.000025s ]
INFO: [ app_init ] --END-- [ RunTime:0.000623s ]
ERR: 无法加载模块:Public

[ 2019-08-27T19:58:56+08:00 ] ::1 /IEkcpt3.0/Public/Web/css/bootstrap.min.css.map
INFO: [ app_init ] --START--
INFO: Run Behavior\BuildLiteBehavior [ RunTime:0.000024s ]
INFO: [ app_init ] --END-- [ RunTime:0.000791s ]
ERR: 无法加载模块:Public

[ 2019-08-27T19:58:57+08:00 ] ::1 /IEkcpt3.0/Public/Web/js/jquery.min.map
INFO: [ app_init ] --START--
INFO: Run Behavior\BuildLiteBehavior [ RunTime:0.000020s ]
INFO: [ app_init ] --END-- [ RunTime:0.000739s ]
ERR: 无法加载模块:Public

[ 2019-08-27T19:58:57+08:00 ] ::1 /IEkcpt3.0/Public/Web/css/bootstrap.min.css.map
INFO: [ app_init ] --START--
INFO: Run Behavior\BuildLiteBehavior [ RunTime:0.000016s ]
INFO: [ app_init ] --END-- [ RunTime:0.000726s ]
ERR: 无法加载模块:Public

[ 2019-08-27T19:58:59+08:00 ] ::1 /IEkcpt3.0/Public/Web/js/jquery.min.map
INFO: [ app_init ] --START--
INFO: Run Behavior\BuildLiteBehavior [ RunTime:0.000021s ]
INFO: [ app_init ] --END-- [ RunTime:0.000743s ]
ERR: 无法加载模块:Public

[ 2019-08-27T19:58:59+08:00 ] ::1 /IEkcpt3.0/Public/Web/css/bootstrap.min.css.map
INFO: [ app_init ] --START--
INFO: Run Behavior\BuildLiteBehavior [ RunTime:0.000013s ]
INFO: [ app_init ] --END-- [ RunTime:0.000521s ]
ERR: 无法加载模块:Public

[ 2019-08-27T19:59:01+08:00 ] ::1 /IEkcpt3.0/Public/Web/js/jquery.min.map
INFO: [ app_init ] --START--
INFO: Run Behavior\BuildLiteBehavior [ RunTime:0.000017s ]
INFO: [ app_init ] --END-- [ RunTime:0.000925s ]
ERR: 无法加载模块:Public

[ 2019-08-27T19:59:01+08:00 ] ::1 /IEkcpt3.0/Public/Web/css/bootstrap.min.css.map
INFO: [ app_init ] --START--
INFO: Run Behavior\BuildLiteBehavior [ RunTime:0.000026s ]
INFO: [ app_init ] --END-- [ RunTime:0.000754s ]
ERR: 无法加载模块:Public

[ 2019-08-27T19:59:39+08:00 ] ::1 /IEkcpt3.0/Public/Web/js/jquery.min.map
INFO: [ app_init ] --START--
INFO: Run Behavior\BuildLiteBehavior [ RunTime:0.000027s ]
INFO: [ app_init ] --END-- [ RunTime:0.001000s ]
ERR: 无法加载模块:Public

[ 2019-08-27T19:59:39+08:00 ] ::1 /IEkcpt3.0/Public/Web/css/bootstrap.min.css.map
INFO: [ app_init ] --START--
INFO: Run Behavior\BuildLiteBehavior [ RunTime:0.000023s ]
INFO: [ app_init ] --END-- [ RunTime:0.000856s ]
ERR: 无法加载模块:Public

[ 2019-08-27T20:00:13+08:00 ] ::1 /IEkcpt3.0/Public/Web/js/jquery.min.map
INFO: [ app_init ] --START--
INFO: Run Behavior\BuildLiteBehavior [ RunTime:0.000018s ]
INFO: [ app_init ] --END-- [ RunTime:0.000682s ]
ERR: 无法加载模块:Public

[ 2019-08-27T20:00:13+08:00 ] ::1 /IEkcpt3.0/Public/Web/css/bootstrap.min.css.map
INFO: [ app_init ] --START--
INFO: Run Behavior\BuildLiteBehavior [ RunTime:0.000020s ]
INFO: [ app_init ] --END-- [ RunTime:0.000815s ]
ERR: 无法加载模块:Public

[ 2019-08-27T20:00:36+08:00 ] ::1 /IEkcpt3.0/Public/Web/js/jquery.min.map
INFO: [ app_init ] --START--
INFO: Run Behavior\BuildLiteBehavior [ RunTime:0.000029s ]
INFO: [ app_init ] --END-- [ RunTime:0.001330s ]
ERR: 无法加载模块:Public

[ 2019-08-27T20:00:36+08:00 ] ::1 /IEkcpt3.0/Public/Web/css/bootstrap.min.css.map
INFO: [ app_init ] --START--
INFO: Run Behavior\BuildLiteBehavior [ RunTime:0.000038s ]
INFO: [ app_init ] --END-- [ RunTime:0.001272s ]
ERR: 无法加载模块:Public

[ 2019-08-27T20:01:00+08:00 ] ::1 /IEkcpt3.0/Public/Web/js/jquery.min.map
INFO: [ app_init ] --START--
INFO: Run Behavior\BuildLiteBehavior [ RunTime:0.000019s ]
INFO: [ app_init ] --END-- [ RunTime:0.000727s ]
ERR: 无法加载模块:Public

[ 2019-08-27T20:01:00+08:00 ] ::1 /IEkcpt3.0/Public/Web/css/bootstrap.min.css.map
INFO: [ app_init ] --START--
INFO: Run Behavior\BuildLiteBehavior [ RunTime:0.000019s ]
INFO: [ app_init ] --END-- [ RunTime:0.000776s ]
ERR: 无法加载模块:Public

[ 2019-08-27T20:01:02+08:00 ] ::1 /IEkcpt3.0/Public/Web/js/jquery.min.map
INFO: [ app_init ] --START--
INFO: Run Behavior\BuildLiteBehavior [ RunTime:0.000019s ]
INFO: [ app_init ] --END-- [ RunTime:0.000676s ]
ERR: 无法加载模块:Public

[ 2019-08-27T20:01:02+08:00 ] ::1 /IEkcpt3.0/Public/Web/css/bootstrap.min.css.map
INFO: [ app_init ] --START--
INFO: Run Behavior\BuildLiteBehavior [ RunTime:0.000016s ]
INFO: [ app_init ] --END-- [ RunTime:0.000644s ]
ERR: 无法加载模块:Public

[ 2019-08-27T20:01:47+08:00 ] ::1 /IEkcpt3.0/Public/Web/js/jquery.min.map
INFO: [ app_init ] --START--
INFO: Run Behavior\BuildLiteBehavior [ RunTime:0.000022s ]
INFO: [ app_init ] --END-- [ RunTime:0.002405s ]
ERR: 无法加载模块:Public

[ 2019-08-27T20:01:47+08:00 ] ::1 /IEkcpt3.0/Public/Web/css/bootstrap.min.css.map
INFO: [ app_init ] --START--
INFO: Run Behavior\BuildLiteBehavior [ RunTime:0.000030s ]
INFO: [ app_init ] --END-- [ RunTime:0.000793s ]
ERR: 无法加载模块:Public

[ 2019-08-27T20:02:10+08:00 ] ::1 /IEkcpt3.0/Public/Web/js/jquery.min.map
INFO: [ app_init ] --START--
INFO: Run Behavior\BuildLiteBehavior [ RunTime:0.000014s ]
INFO: [ app_init ] --END-- [ RunTime:0.000748s ]
ERR: 无法加载模块:Public

[ 2019-08-27T20:02:10+08:00 ] ::1 /IEkcpt3.0/Public/Web/css/bootstrap.min.css.map
INFO: [ app_init ] --START--
INFO: Run Behavior\BuildLiteBehavior [ RunTime:0.000022s ]
INFO: [ app_init ] --END-- [ RunTime:0.001028s ]
ERR: 无法加载模块:Public

[ 2019-08-27T20:02:11+08:00 ] ::1 /IEkcpt3.0/Public/Web/js/jquery.min.map
INFO: [ app_init ] --START--
INFO: Run Behavior\BuildLiteBehavior [ RunTime:0.000019s ]
INFO: [ app_init ] --END-- [ RunTime:0.000707s ]
ERR: 无法加载模块:Public

[ 2019-08-27T20:02:11+08:00 ] ::1 /IEkcpt3.0/Public/Web/css/bootstrap.min.css.map
INFO: [ app_init ] --START--
INFO: Run Behavior\BuildLiteBehavior [ RunTime:0.000012s ]
INFO: [ app_init ] --END-- [ RunTime:0.000466s ]
ERR: 无法加载模块:Public

[ 2019-08-27T20:02:12+08:00 ] ::1 /IEkcpt3.0/Public/Web/js/jquery.min.map
INFO: [ app_init ] --START--
INFO: Run Behavior\BuildLiteBehavior [ RunTime:0.000020s ]
INFO: [ app_init ] --END-- [ RunTime:0.000935s ]
ERR: 无法加载模块:Public

[ 2019-08-27T20:02:12+08:00 ] ::1 /IEkcpt3.0/Public/Web/css/bootstrap.min.css.map
INFO: [ app_init ] --START--
INFO: Run Behavior\BuildLiteBehavior [ RunTime:0.000016s ]
INFO: [ app_init ] --END-- [ RunTime:0.000566s ]
ERR: 无法加载模块:Public

[ 2019-08-27T20:02:28+08:00 ] ::1 /IEkcpt3.0/Public/Web/js/jquery.min.map
INFO: [ app_init ] --START--
INFO: Run Behavior\BuildLiteBehavior [ RunTime:0.000015s ]
INFO: [ app_init ] --END-- [ RunTime:0.000575s ]
ERR: 无法加载模块:Public

[ 2019-08-27T20:02:28+08:00 ] ::1 /IEkcpt3.0/Public/Web/css/bootstrap.min.css.map
INFO: [ app_init ] --START--
INFO: Run Behavior\BuildLiteBehavior [ RunTime:0.000023s ]
INFO: [ app_init ] --END-- [ RunTime:0.000923s ]
ERR: 无法加载模块:Public

[ 2019-08-27T20:02:46+08:00 ] ::1 /IEkcpt3.0/Public/Web/js/jquery.min.map
INFO: [ app_init ] --START--
INFO: Run Behavior\BuildLiteBehavior [ RunTime:0.000015s ]
INFO: [ app_init ] --END-- [ RunTime:0.000901s ]
ERR: 无法加载模块:Public

[ 2019-08-27T20:02:46+08:00 ] ::1 /IEkcpt3.0/Public/Web/css/bootstrap.min.css.map
INFO: [ app_init ] --START--
INFO: Run Behavior\BuildLiteBehavior [ RunTime:0.000020s ]
INFO: [ app_init ] --END-- [ RunTime:0.000955s ]
ERR: 无法加载模块:Public

[ 2019-08-27T20:02:47+08:00 ] ::1 /IEkcpt3.0/Public/Web/js/jquery.min.map
INFO: [ app_init ] --START--
INFO: Run Behavior\BuildLiteBehavior [ RunTime:0.000020s ]
INFO: [ app_init ] --END-- [ RunTime:0.000701s ]
ERR: 无法加载模块:Public

[ 2019-08-27T20:02:47+08:00 ] ::1 /IEkcpt3.0/Public/Web/css/bootstrap.min.css.map
INFO: [ app_init ] --START--
INFO: Run Behavior\BuildLiteBehavior [ RunTime:0.000017s ]
INFO: [ app_init ] --END-- [ RunTime:0.000866s ]
ERR: 无法加载模块:Public

[ 2019-08-27T20:03:15+08:00 ] ::1 /IEkcpt3.0/Public/Web/js/jquery.min.map
INFO: [ app_init ] --START--
INFO: Run Behavior\BuildLiteBehavior [ RunTime:0.000058s ]
INFO: [ app_init ] --END-- [ RunTime:0.002558s ]
ERR: 无法加载模块:Public

[ 2019-08-27T20:03:15+08:00 ] ::1 /IEkcpt3.0/Public/Web/css/bootstrap.min.css.map
INFO: [ app_init ] --START--
INFO: Run Behavior\BuildLiteBehavior [ RunTime:0.000014s ]
INFO: [ app_init ] --END-- [ RunTime:0.000533s ]
ERR: 无法加载模块:Public

[ 2019-08-27T20:03:27+08:00 ] ::1 /IEkcpt3.0/Public/Web/js/jquery.min.map
INFO: [ app_init ] --START--
INFO: Run Behavior\BuildLiteBehavior [ RunTime:0.000021s ]
INFO: [ app_init ] --END-- [ RunTime:0.000771s ]
ERR: 无法加载模块:Public

[ 2019-08-27T20:03:27+08:00 ] ::1 /IEkcpt3.0/Public/Web/css/bootstrap.min.css.map
INFO: [ app_init ] --START--
INFO: Run Behavior\BuildLiteBehavior [ RunTime:0.000024s ]
INFO: [ app_init ] --END-- [ RunTime:0.000900s ]
ERR: 无法加载模块:Public

[ 2019-08-27T20:04:08+08:00 ] ::1 /IEkcpt3.0/Public/Web/js/jquery.min.map
INFO: [ app_init ] --START--
INFO: Run Behavior\BuildLiteBehavior [ RunTime:0.000017s ]
INFO: [ app_init ] --END-- [ RunTime:0.000673s ]
ERR: 无法加载模块:Public

[ 2019-08-27T20:04:08+08:00 ] ::1 /IEkcpt3.0/Public/Web/css/bootstrap.min.css.map
INFO: [ app_init ] --START--
INFO: Run Behavior\BuildLiteBehavior [ RunTime:0.000011s ]
INFO: [ app_init ] --END-- [ RunTime:0.000436s ]
ERR: 无法加载模块:Public

[ 2019-08-27T20:04:41+08:00 ] ::1 /IEkcpt3.0/Public/Web/js/jquery.min.map
INFO: [ app_init ] --START--
INFO: Run Behavior\BuildLiteBehavior [ RunTime:0.000021s ]
INFO: [ app_init ] --END-- [ RunTime:0.000954s ]
ERR: 无法加载模块:Public

[ 2019-08-27T20:04:41+08:00 ] ::1 /IEkcpt3.0/Public/Web/css/bootstrap.min.css.map
INFO: [ app_init ] --START--
INFO: Run Behavior\BuildLiteBehavior [ RunTime:0.000020s ]
INFO: [ app_init ] --END-- [ RunTime:0.000806s ]
ERR: 无法加载模块:Public

[ 2019-08-27T20:05:08+08:00 ] ::1 /IEkcpt3.0/Public/Web/js/jquery.min.map
INFO: [ app_init ] --START--
INFO: Run Behavior\BuildLiteBehavior [ RunTime:0.000026s ]
INFO: [ app_init ] --END-- [ RunTime:0.000843s ]
ERR: 无法加载模块:Public

[ 2019-08-27T20:05:08+08:00 ] ::1 /IEkcpt3.0/Public/Web/css/bootstrap.min.css.map
INFO: [ app_init ] --START--
INFO: Run Behavior\BuildLiteBehavior [ RunTime:0.000034s ]
INFO: [ app_init ] --END-- [ RunTime:0.001431s ]
ERR: 无法加载模块:Public

[ 2019-08-27T20:05:32+08:00 ] ::1 /IEkcpt3.0/Public/Web/js/jquery.min.map
INFO: [ app_init ] --START--
INFO: Run Behavior\BuildLiteBehavior [ RunTime:0.000014s ]
INFO: [ app_init ] --END-- [ RunTime:0.000587s ]
ERR: 无法加载模块:Public

[ 2019-08-27T20:05:32+08:00 ] ::1 /IEkcpt3.0/Public/Web/css/bootstrap.min.css.map
INFO: [ app_init ] --START--
INFO: Run Behavior\BuildLiteBehavior [ RunTime:0.000019s ]
INFO: [ app_init ] --END-- [ RunTime:0.000699s ]
ERR: 无法加载模块:Public

[ 2019-08-27T20:06:11+08:00 ] ::1 /IEkcpt3.0/Public/Web/js/jquery.min.map
INFO: [ app_init ] --START--
INFO: Run Behavior\BuildLiteBehavior [ RunTime:0.000012s ]
INFO: [ app_init ] --END-- [ RunTime:0.000472s ]
ERR: 无法加载模块:Public

[ 2019-08-27T20:06:11+08:00 ] ::1 /IEkcpt3.0/Public/Web/css/bootstrap.min.css.map
INFO: [ app_init ] --START--
INFO: Run Behavior\BuildLiteBehavior [ RunTime:0.000022s ]
INFO: [ app_init ] --END-- [ RunTime:0.000840s ]
ERR: 无法加载模块:Public

[ 2019-08-27T20:06:30+08:00 ] ::1 /IEkcpt3.0/Public/Web/js/jquery.min.map
INFO: [ app_init ] --START--
INFO: Run Behavior\BuildLiteBehavior [ RunTime:0.000031s ]
INFO: [ app_init ] --END-- [ RunTime:0.000921s ]
ERR: 无法加载模块:Public

[ 2019-08-27T20:06:30+08:00 ] ::1 /IEkcpt3.0/Public/Web/css/bootstrap.min.css.map
INFO: [ app_init ] --START--
INFO: Run Behavior\BuildLiteBehavior [ RunTime:0.000018s ]
INFO: [ app_init ] --END-- [ RunTime:0.000732s ]
ERR: 无法加载模块:Public

[ 2019-08-27T20:06:31+08:00 ] ::1 /IEkcpt3.0/Public/Web/js/jquery.min.map
INFO: [ app_init ] --START--
INFO: Run Behavior\BuildLiteBehavior [ RunTime:0.000014s ]
INFO: [ app_init ] --END-- [ RunTime:0.000528s ]
ERR: 无法加载模块:Public

[ 2019-08-27T20:06:31+08:00 ] ::1 /IEkcpt3.0/Public/Web/css/bootstrap.min.css.map
INFO: [ app_init ] --START--
INFO: Run Behavior\BuildLiteBehavior [ RunTime:0.000030s ]
INFO: [ app_init ] --END-- [ RunTime:0.001988s ]
ERR: 无法加载模块:Public

[ 2019-08-27T20:07:21+08:00 ] ::1 /IEkcpt3.0/Public/Web/js/jquery.min.map
INFO: [ app_init ] --START--
INFO: Run Behavior\BuildLiteBehavior [ RunTime:0.000015s ]
INFO: [ app_init ] --END-- [ RunTime:0.000918s ]
ERR: 无法加载模块:Public

[ 2019-08-27T20:07:21+08:00 ] ::1 /IEkcpt3.0/Public/Web/css/bootstrap.min.css.map
INFO: [ app_init ] --START--
INFO: Run Behavior\BuildLiteBehavior [ RunTime:0.000039s ]
INFO: [ app_init ] --END-- [ RunTime:0.000802s ]
ERR: 无法加载模块:Public

[ 2019-08-27T20:07:47+08:00 ] ::1 /IEkcpt3.0/Public/Web/js/jquery.min.map
INFO: [ app_init ] --START--
INFO: Run Behavior\BuildLiteBehavior [ RunTime:0.000018s ]
INFO: [ app_init ] --END-- [ RunTime:0.000768s ]
ERR: 无法加载模块:Public

[ 2019-08-27T20:07:47+08:00 ] ::1 /IEkcpt3.0/Public/Web/css/bootstrap.min.css.map
INFO: [ app_init ] --START--
INFO: Run Behavior\BuildLiteBehavior [ RunTime:0.000024s ]
INFO: [ app_init ] --END-- [ RunTime:0.001045s ]
ERR: 无法加载模块:Public

[ 2019-08-27T20:07:48+08:00 ] ::1 /IEkcpt3.0/Public/Web/js/jquery.min.map
INFO: [ app_init ] --START--
INFO: Run Behavior\BuildLiteBehavior [ RunTime:0.000023s ]
INFO: [ app_init ] --END-- [ RunTime:0.000888s ]
ERR: 无法加载模块:Public

[ 2019-08-27T20:07:48+08:00 ] ::1 /IEkcpt3.0/Public/Web/css/bootstrap.min.css.map
INFO: [ app_init ] --START--
INFO: Run Behavior\BuildLiteBehavior [ RunTime:0.000029s ]
INFO: [ app_init ] --END-- [ RunTime:0.000830s ]
ERR: 无法加载模块:Public

[ 2019-08-27T20:07:49+08:00 ] ::1 /IEkcpt3.0/Public/Web/js/jquery.min.map
INFO: [ app_init ] --START--
INFO: Run Behavior\BuildLiteBehavior [ RunTime:0.000029s ]
INFO: [ app_init ] --END-- [ RunTime:0.000849s ]
ERR: 无法加载模块:Public

[ 2019-08-27T20:07:49+08:00 ] ::1 /IEkcpt3.0/Public/Web/css/bootstrap.min.css.map
INFO: [ app_init ] --START--
INFO: Run Behavior\BuildLiteBehavior [ RunTime:0.000013s ]
INFO: [ app_init ] --END-- [ RunTime:0.000494s ]
ERR: 无法加载模块:Public

[ 2019-08-27T20:09:19+08:00 ] ::1 /IEkcpt3.0/Public/Web/js/jquery.min.map
INFO: [ app_init ] --START--
INFO: Run Behavior\BuildLiteBehavior [ RunTime:0.000059s ]
INFO: [ app_init ] --END-- [ RunTime:0.000950s ]
ERR: 无法加载模块:Public

[ 2019-08-27T20:09:19+08:00 ] ::1 /IEkcpt3.0/Public/Web/css/bootstrap.min.css.map
INFO: [ app_init ] --START--
INFO: Run Behavior\BuildLiteBehavior [ RunTime:0.000044s ]
INFO: [ app_init ] --END-- [ RunTime:0.002188s ]
ERR: 无法加载模块:Public

[ 2019-08-27T20:09:51+08:00 ] ::1 /IEkcpt3.0/Public/Web/js/jquery.min.map
INFO: [ app_init ] --START--
INFO: Run Behavior\BuildLiteBehavior [ RunTime:0.000024s ]
INFO: [ app_init ] --END-- [ RunTime:0.000656s ]
ERR: 无法加载模块:Public

[ 2019-08-27T20:09:51+08:00 ] ::1 /IEkcpt3.0/Public/Web/css/bootstrap.min.css.map
INFO: [ app_init ] --START--
INFO: Run Behavior\BuildLiteBehavior [ RunTime:0.000025s ]
INFO: [ app_init ] --END-- [ RunTime:0.000947s ]
ERR: 无法加载模块:Public

[ 2019-08-27T20:10:02+08:00 ] ::1 /IEkcpt3.0/Public/Web/js/jquery.min.map
INFO: [ app_init ] --START--
INFO: Run Behavior\BuildLiteBehavior [ RunTime:0.000017s ]
INFO: [ app_init ] --END-- [ RunTime:0.000678s ]
ERR: 无法加载模块:Public

[ 2019-08-27T20:10:02+08:00 ] ::1 /IEkcpt3.0/Public/Web/css/bootstrap.min.css.map
INFO: [ app_init ] --START--
INFO: Run Behavior\BuildLiteBehavior [ RunTime:0.000035s ]
INFO: [ app_init ] --END-- [ RunTime:0.001481s ]
ERR: 无法加载模块:Public

[ 2019-08-27T20:10:12+08:00 ] ::1 /IEkcpt3.0/Public/Web/js/jquery.min.map
INFO: [ app_init ] --START--
INFO: Run Behavior\BuildLiteBehavior [ RunTime:0.000011s ]
INFO: [ app_init ] --END-- [ RunTime:0.000428s ]
ERR: 无法加载模块:Public

[ 2019-08-27T20:10:12+08:00 ] ::1 /IEkcpt3.0/Public/Web/css/bootstrap.min.css.map
INFO: [ app_init ] --START--
INFO: Run Behavior\BuildLiteBehavior [ RunTime:0.000017s ]
INFO: [ app_init ] --END-- [ RunTime:0.000632s ]
ERR: 无法加载模块:Public

[ 2019-08-27T20:22:48+08:00 ] ::1 /IEkcpt3.0/Public/Web/images/s13.jpg
INFO: [ app_init ] --START--
INFO: Run Behavior\BuildLiteBehavior [ RunTime:0.000019s ]
INFO: [ app_init ] --END-- [ RunTime:0.001695s ]
ERR: 无法加载模块:Public


[ 2019-08-27T20:26:28+08:00 ] ::1 /IEkcpt3.0/Public/Web/images/blur.png
INFO: [ app_init ] --START--
INFO: Run Behavior\BuildLiteBehavior [ RunTime:0.000016s ]
INFO: [ app_init ] --END-- [ RunTime:0.000776s ]
ERR: 无法加载模块:Public

[ 2019-08-27T20:26:28+08:00 ] ::1 /IEkcpt3.0/Public/Web/images/s13.jpg
INFO: [ app_init ] --START--
INFO: Run Behavior\BuildLiteBehavior [ RunTime:0.000017s ]
INFO: [ app_init ] --END-- [ RunTime:0.001063s ]
ERR: 无法加载模块:Public

[ 2019-08-27T20:27:02+08:00 ] ::1 /IEkcpt3.0/Public/Web/images/blur.png
INFO: [ app_init ] --START--
INFO: Run Behavior\BuildLiteBehavior [ RunTime:0.000087s ]
INFO: [ app_init ] --END-- [ RunTime:0.002831s ]
ERR: 无法加载模块:Public

[ 2019-08-27T20:27:02+08:00 ] ::1 /IEkcpt3.0/Public/Web/images/s13.jpg
INFO: [ app_init ] --START--
INFO: Run Behavior\BuildLiteBehavior [ RunTime:0.000038s ]
INFO: [ app_init ] --END-- [ RunTime:0.001207s ]
ERR: 无法加载模块:Public

[ 2019-08-27T20:27:28+08:00 ] ::1 /IEkcpt3.0/Public/Web/images/blur.png
INFO: [ app_init ] --START--
INFO: Run Behavior\BuildLiteBehavior [ RunTime:0.000021s ]
INFO: [ app_init ] --END-- [ RunTime:0.001426s ]
ERR: 无法加载模块:Public

[ 2019-08-27T20:27:28+08:00 ] ::1 /IEkcpt3.0/Public/Web/images/s13.jpg
INFO: [ app_init ] --START--
INFO: Run Behavior\BuildLiteBehavior [ RunTime:0.000031s ]
INFO: [ app_init ] --END-- [ RunTime:0.003733s ]
ERR: 无法加载模块:Public

[ 2019-08-27T20:28:41+08:00 ] ::1 /IEkcpt3.0/Public/Web/images/blur.png
INFO: [ app_init ] --START--
INFO: Run Behavior\BuildLiteBehavior [ RunTime:0.000027s ]
INFO: [ app_init ] --END-- [ RunTime:0.001306s ]
ERR: 无法加载模块:Public

[ 2019-08-27T20:28:41+08:00 ] ::1 /IEkcpt3.0/Public/Web/images/s13.jpg
INFO: [ app_init ] --START--
INFO: Run Behavior\BuildLiteBehavior [ RunTime:0.000331s ]
INFO: [ app_init ] --END-- [ RunTime:0.002896s ]
ERR: 无法加载模块:Public

