[ 2019-09-24T22:03:58+08:00 ] ::1 /IEkcpt3.0/IEkcpt3.0/Public/weihong/img/bg.jpg
INFO: [ app_init ] --START--
INFO: Run Behavior\BuildLiteBehavior [ RunTime:0.000024s ]
INFO: [ app_init ] --END-- [ RunTime:0.001423s ]
ERR: 无法加载模块:Public

[ 2019-09-24T22:03:58+08:00 ] ::1 /IEkcpt3.0/IEkcpt3.0/Public/weihong/fonts/sourcesanspro/sourcesanspro-bold.woff
INFO: [ app_init ] --START--
INFO: Run Behavior\BuildLiteBehavior [ RunTime:0.000027s ]
INFO: [ app_init ] --END-- [ RunTime:0.001667s ]
ERR: 无法加载模块:Public

[ 2019-09-24T22:05:09+08:00 ] ::1 /IEkcpt3.0/IEkcpt3.0/Public/weihong/img/bg.jpg
INFO: [ app_init ] --START--
INFO: Run Behavior\BuildLiteBehavior [ RunTime:0.000017s ]
INFO: [ app_init ] --END-- [ RunTime:0.000813s ]
ERR: 无法加载模块:Public

[ 2019-09-24T22:05:09+08:00 ] ::1 /IEkcpt3.0/IEkcpt3.0/Public/weihong/fonts/sourcesanspro/sourcesanspro-bold.woff
INFO: [ app_init ] --START--
INFO: Run Behavior\BuildLiteBehavior [ RunTime:0.000016s ]
INFO: [ app_init ] --END-- [ RunTime:0.000766s ]
ERR: 无法加载模块:Public

[ 2019-09-24T22:07:28+08:00 ] ::1 /IEkcpt3.0/IEkcpt3.0/Public/weihong/img/bg.jpg
INFO: [ app_init ] --START--
INFO: Run Behavior\BuildLiteBehavior [ RunTime:0.000037s ]
INFO: [ app_init ] --END-- [ RunTime:0.001464s ]
ERR: 无法加载模块:Public

[ 2019-09-24T22:07:28+08:00 ] ::1 /IEkcpt3.0/IEkcpt3.0/Public/weihong/fonts/sourcesanspro/sourcesanspro-bold.woff
INFO: [ app_init ] --START--
INFO: Run Behavior\BuildLiteBehavior [ RunTime:0.000027s ]
INFO: [ app_init ] --END-- [ RunTime:0.002003s ]
ERR: 无法加载模块:Public

[ 2019-09-24T22:07:46+08:00 ] ::1 /IEkcpt3.0/IEkcpt3.0/Public/weihong/img/bg.jpg
INFO: [ app_init ] --START--
INFO: Run Behavior\BuildLiteBehavior [ RunTime:0.000058s ]
INFO: [ app_init ] --END-- [ RunTime:0.002031s ]
ERR: 无法加载模块:Public

[ 2019-09-24T22:07:46+08:00 ] ::1 /IEkcpt3.0/IEkcpt3.0/Public/weihong/fonts/sourcesanspro/sourcesanspro-bold.woff
INFO: [ app_init ] --START--
INFO: Run Behavior\BuildLiteBehavior [ RunTime:0.000013s ]
INFO: [ app_init ] --END-- [ RunTime:0.000580s ]
ERR: 无法加载模块:Public

[ 2019-09-24T22:08:45+08:00 ] ::1 /IEkcpt3.0/IEkcpt3.0/Public/weihong/img/bg.jpg
INFO: [ app_init ] --START--
INFO: Run Behavior\BuildLiteBehavior [ RunTime:0.000023s ]
INFO: [ app_init ] --END-- [ RunTime:0.000990s ]
ERR: 无法加载模块:Public

[ 2019-09-24T22:08:45+08:00 ] ::1 /IEkcpt3.0/IEkcpt3.0/Public/weihong/fonts/sourcesanspro/sourcesanspro-bold.woff
INFO: [ app_init ] --START--
INFO: Run Behavior\BuildLiteBehavior [ RunTime:0.000017s ]
INFO: [ app_init ] --END-- [ RunTime:0.000941s ]
ERR: 无法加载模块:Public

[ 2019-09-24T22:10:04+08:00 ] ::1 /IEkcpt3.0/IEkcpt3.0/Public/weihong/img/bg.jpg
INFO: [ app_init ] --START--
INFO: Run Behavior\BuildLiteBehavior [ RunTime:0.000023s ]
INFO: [ app_init ] --END-- [ RunTime:0.000755s ]
ERR: 无法加载模块:Public

[ 2019-09-24T22:10:04+08:00 ] ::1 /IEkcpt3.0/IEkcpt3.0/Public/weihong/fonts/sourcesanspro/sourcesanspro-bold.woff
INFO: [ app_init ] --START--
INFO: Run Behavior\BuildLiteBehavior [ RunTime:0.000015s ]
INFO: [ app_init ] --END-- [ RunTime:0.000998s ]
ERR: 无法加载模块:Public

[ 2019-09-24T22:10:26+08:00 ] ::1 /IEkcpt3.0/IEkcpt3.0/Public/weihong/img/bg.jpg
INFO: [ app_init ] --START--
INFO: Run Behavior\BuildLiteBehavior [ RunTime:0.000022s ]
INFO: [ app_init ] --END-- [ RunTime:0.001461s ]
ERR: 无法加载模块:Public

[ 2019-09-24T22:10:26+08:00 ] ::1 /IEkcpt3.0/IEkcpt3.0/Public/weihong/fonts/sourcesanspro/sourcesanspro-bold.woff
INFO: [ app_init ] --START--
INFO: Run Behavior\BuildLiteBehavior [ RunTime:0.000013s ]
INFO: [ app_init ] --END-- [ RunTime:0.000655s ]
ERR: 无法加载模块:Public

[ 2019-09-24T22:10:53+08:00 ] ::1 /IEkcpt3.0/IEkcpt3.0/Public/weihong/img/bg.jpg
INFO: [ app_init ] --START--
INFO: Run Behavior\BuildLiteBehavior [ RunTime:0.000018s ]
INFO: [ app_init ] --END-- [ RunTime:0.001045s ]
ERR: 无法加载模块:Public

[ 2019-09-24T22:10:53+08:00 ] ::1 /IEkcpt3.0/IEkcpt3.0/Public/weihong/fonts/sourcesanspro/sourcesanspro-bold.woff
INFO: [ app_init ] --START--
INFO: Run Behavior\BuildLiteBehavior [ RunTime:0.000016s ]
INFO: [ app_init ] --END-- [ RunTime:0.000699s ]
ERR: 无法加载模块:Public

[ 2019-09-24T22:11:25+08:00 ] ::1 /IEkcpt3.0/IEkcpt3.0/Public/weihong/img/bg.jpg
INFO: [ app_init ] --START--
INFO: Run Behavior\BuildLiteBehavior [ RunTime:0.000021s ]
INFO: [ app_init ] --END-- [ RunTime:0.000895s ]
ERR: 无法加载模块:Public

[ 2019-09-24T22:11:25+08:00 ] ::1 /IEkcpt3.0/IEkcpt3.0/Public/weihong/fonts/sourcesanspro/sourcesanspro-bold.woff
INFO: [ app_init ] --START--
INFO: Run Behavior\BuildLiteBehavior [ RunTime:0.000021s ]
INFO: [ app_init ] --END-- [ RunTime:0.001064s ]
ERR: 无法加载模块:Public

[ 2019-09-24T22:11:30+08:00 ] ::1 /IEkcpt3.0/IEkcpt3.0/Public/weihong/img/bg.jpg
INFO: [ app_init ] --START--
INFO: Run Behavior\BuildLiteBehavior [ RunTime:0.000025s ]
INFO: [ app_init ] --END-- [ RunTime:0.001423s ]
ERR: 无法加载模块:Public

[ 2019-09-24T22:11:30+08:00 ] ::1 /IEkcpt3.0/IEkcpt3.0/Public/weihong/fonts/sourcesanspro/sourcesanspro-bold.woff
INFO: [ app_init ] --START--
INFO: Run Behavior\BuildLiteBehavior [ RunTime:0.000016s ]
INFO: [ app_init ] --END-- [ RunTime:0.000961s ]
ERR: 无法加载模块:Public

[ 2019-09-24T22:11:35+08:00 ] ::1 /IEkcpt3.0/IEkcpt3.0/Public/weihong/img/bg.jpg
INFO: [ app_init ] --START--
INFO: Run Behavior\BuildLiteBehavior [ RunTime:0.000030s ]
INFO: [ app_init ] --END-- [ RunTime:0.001396s ]
ERR: 无法加载模块:Public

[ 2019-09-24T22:11:36+08:00 ] ::1 /IEkcpt3.0/IEkcpt3.0/Public/weihong/fonts/sourcesanspro/sourcesanspro-bold.woff
INFO: [ app_init ] --START--
INFO: Run Behavior\BuildLiteBehavior [ RunTime:0.000016s ]
INFO: [ app_init ] --END-- [ RunTime:0.000807s ]
ERR: 无法加载模块:Public

[ 2019-09-24T22:12:59+08:00 ] ::1 /IEkcpt3.0/IEkcpt3.0/Public/weihong/img/bg.jpg
INFO: [ app_init ] --START--
INFO: Run Behavior\BuildLiteBehavior [ RunTime:0.000025s ]
INFO: [ app_init ] --END-- [ RunTime:0.001035s ]
ERR: 无法加载模块:Public

[ 2019-09-24T22:12:59+08:00 ] ::1 /IEkcpt3.0/IEkcpt3.0/Public/weihong/fonts/sourcesanspro/sourcesanspro-bold.woff
INFO: [ app_init ] --START--
INFO: Run Behavior\BuildLiteBehavior [ RunTime:0.000026s ]
INFO: [ app_init ] --END-- [ RunTime:0.001575s ]
ERR: 无法加载模块:Public

[ 2019-09-24T22:18:10+08:00 ] ::1 /IEkcpt3.0/IEkcpt3.0/Public/weihong/img/bg.jpg
INFO: [ app_init ] --START--
INFO: Run Behavior\BuildLiteBehavior [ RunTime:0.000020s ]
INFO: [ app_init ] --END-- [ RunTime:0.000881s ]
ERR: 无法加载模块:Public

[ 2019-09-24T22:18:10+08:00 ] ::1 /IEkcpt3.0/IEkcpt3.0/Public/weihong/fonts/sourcesanspro/sourcesanspro-bold.woff
INFO: [ app_init ] --START--
INFO: Run Behavior\BuildLiteBehavior [ RunTime:0.000013s ]
INFO: [ app_init ] --END-- [ RunTime:0.000638s ]
ERR: 无法加载模块:Public

[ 2019-09-24T22:18:49+08:00 ] ::1 /IEkcpt3.0/IEkcpt3.0/Public/weihong/img/bg.jpg
INFO: [ app_init ] --START--
INFO: Run Behavior\BuildLiteBehavior [ RunTime:0.000026s ]
INFO: [ app_init ] --END-- [ RunTime:0.001286s ]
ERR: 无法加载模块:Public

[ 2019-09-24T22:18:49+08:00 ] ::1 /IEkcpt3.0/IEkcpt3.0/Public/weihong/fonts/sourcesanspro/sourcesanspro-bold.woff
INFO: [ app_init ] --START--
INFO: Run Behavior\BuildLiteBehavior [ RunTime:0.000016s ]
INFO: [ app_init ] --END-- [ RunTime:0.000679s ]
ERR: 无法加载模块:Public

[ 2019-09-24T22:19:08+08:00 ] ::1 /IEkcpt3.0/IEkcpt3.0/Public/weihong/img/bg.jpg
INFO: [ app_init ] --START--
INFO: Run Behavior\BuildLiteBehavior [ RunTime:0.000026s ]
INFO: [ app_init ] --END-- [ RunTime:0.001253s ]
ERR: 无法加载模块:Public

[ 2019-09-24T22:19:09+08:00 ] ::1 /IEkcpt3.0/IEkcpt3.0/Public/weihong/fonts/sourcesanspro/sourcesanspro-bold.woff
INFO: [ app_init ] --START--
INFO: Run Behavior\BuildLiteBehavior [ RunTime:0.000016s ]
INFO: [ app_init ] --END-- [ RunTime:0.001190s ]
ERR: 无法加载模块:Public

[ 2019-09-24T22:19:42+08:00 ] ::1 /IEkcpt3.0/IEkcpt3.0/Public/weihong/img/bg.jpg
INFO: [ app_init ] --START--
INFO: Run Behavior\BuildLiteBehavior [ RunTime:0.000027s ]
INFO: [ app_init ] --END-- [ RunTime:0.001229s ]
ERR: 无法加载模块:Public

[ 2019-09-24T22:19:42+08:00 ] ::1 /IEkcpt3.0/IEkcpt3.0/Public/weihong/fonts/sourcesanspro/sourcesanspro-bold.woff
INFO: [ app_init ] --START--
INFO: Run Behavior\BuildLiteBehavior [ RunTime:0.000023s ]
INFO: [ app_init ] --END-- [ RunTime:0.001022s ]
ERR: 无法加载模块:Public

[ 2019-09-24T22:21:31+08:00 ] ::1 /IEkcpt3.0/IEkcpt3.0/Public/weihong/img/bg.jpg
INFO: [ app_init ] --START--
INFO: Run Behavior\BuildLiteBehavior [ RunTime:0.000026s ]
INFO: [ app_init ] --END-- [ RunTime:0.001569s ]
ERR: 无法加载模块:Public

[ 2019-09-24T22:21:31+08:00 ] ::1 /IEkcpt3.0/IEkcpt3.0/Public/weihong/fonts/sourcesanspro/sourcesanspro-bold.woff
INFO: [ app_init ] --START--
INFO: Run Behavior\BuildLiteBehavior [ RunTime:0.000083s ]
INFO: [ app_init ] --END-- [ RunTime:0.003406s ]
ERR: 无法加载模块:Public

[ 2019-09-24T22:23:37+08:00 ] ::1 /IEkcpt3.0/IEkcpt3.0/Public/weihong/img/bg.jpg
INFO: [ app_init ] --START--
INFO: Run Behavior\BuildLiteBehavior [ RunTime:0.000016s ]
INFO: [ app_init ] --END-- [ RunTime:0.000781s ]
ERR: 无法加载模块:Public

[ 2019-09-24T22:23:37+08:00 ] ::1 /IEkcpt3.0/IEkcpt3.0/Public/weihong/fonts/sourcesanspro/sourcesanspro-bold.woff
INFO: [ app_init ] --START--
INFO: Run Behavior\BuildLiteBehavior [ RunTime:0.000013s ]
INFO: [ app_init ] --END-- [ RunTime:0.000581s ]
ERR: 无法加载模块:Public

[ 2019-09-24T22:27:11+08:00 ] ::1 /IEkcpt3.0/IEkcpt3.0/Public/weihong/img/bg.jpg
INFO: [ app_init ] --START--
INFO: Run Behavior\BuildLiteBehavior [ RunTime:0.000020s ]
INFO: [ app_init ] --END-- [ RunTime:0.001290s ]
ERR: 无法加载模块:Public

[ 2019-09-24T22:27:11+08:00 ] ::1 /IEkcpt3.0/IEkcpt3.0/Public/weihong/fonts/sourcesanspro/sourcesanspro-bold.woff
INFO: [ app_init ] --START--
INFO: Run Behavior\BuildLiteBehavior [ RunTime:0.000018s ]
INFO: [ app_init ] --END-- [ RunTime:0.000824s ]
ERR: 无法加载模块:Public

[ 2019-09-24T22:27:36+08:00 ] ::1 /IEkcpt3.0/IEkcpt3.0/Public/weihong/img/bg.jpg
INFO: [ app_init ] --START--
INFO: Run Behavior\BuildLiteBehavior [ RunTime:0.000015s ]
INFO: [ app_init ] --END-- [ RunTime:0.000930s ]
ERR: 无法加载模块:Public

[ 2019-09-24T22:27:36+08:00 ] ::1 /IEkcpt3.0/IEkcpt3.0/Public/weihong/fonts/sourcesanspro/sourcesanspro-bold.woff
INFO: [ app_init ] --START--
INFO: Run Behavior\BuildLiteBehavior [ RunTime:0.000018s ]
INFO: [ app_init ] --END-- [ RunTime:0.000680s ]
ERR: 无法加载模块:Public

[ 2019-09-24T22:28:25+08:00 ] ::1 /IEkcpt3.0/IEkcpt3.0/Public/weihong/img/bg.jpg
INFO: [ app_init ] --START--
INFO: Run Behavior\BuildLiteBehavior [ RunTime:0.000034s ]
INFO: [ app_init ] --END-- [ RunTime:0.001435s ]
ERR: 无法加载模块:Public

[ 2019-09-24T22:28:25+08:00 ] ::1 /IEkcpt3.0/IEkcpt3.0/Public/weihong/fonts/sourcesanspro/sourcesanspro-bold.woff
INFO: [ app_init ] --START--
INFO: Run Behavior\BuildLiteBehavior [ RunTime:0.000017s ]
INFO: [ app_init ] --END-- [ RunTime:0.000841s ]
ERR: 无法加载模块:Public

[ 2019-09-24T22:28:59+08:00 ] ::1 /IEkcpt3.0/IEkcpt3.0/Public/weihong/img/bg.jpg
INFO: [ app_init ] --START--
INFO: Run Behavior\BuildLiteBehavior [ RunTime:0.000071s ]
INFO: [ app_init ] --END-- [ RunTime:0.001288s ]
ERR: 无法加载模块:Public

[ 2019-09-24T22:28:59+08:00 ] ::1 /IEkcpt3.0/IEkcpt3.0/Public/weihong/fonts/sourcesanspro/sourcesanspro-bold.woff
INFO: [ app_init ] --START--
INFO: Run Behavior\BuildLiteBehavior [ RunTime:0.000016s ]
INFO: [ app_init ] --END-- [ RunTime:0.000776s ]
ERR: 无法加载模块:Public

[ 2019-09-24T22:29:01+08:00 ] ::1 /IEkcpt3.0/IEkcpt3.0/Public/weihong/img/bg.jpg
INFO: [ app_init ] --START--
INFO: Run Behavior\BuildLiteBehavior [ RunTime:0.000026s ]
INFO: [ app_init ] --END-- [ RunTime:0.001137s ]
ERR: 无法加载模块:Public

[ 2019-09-24T22:29:01+08:00 ] ::1 /IEkcpt3.0/IEkcpt3.0/Public/weihong/fonts/sourcesanspro/sourcesanspro-bold.woff
INFO: [ app_init ] --START--
INFO: Run Behavior\BuildLiteBehavior [ RunTime:0.000016s ]
INFO: [ app_init ] --END-- [ RunTime:0.000804s ]
ERR: 无法加载模块:Public

[ 2019-09-24T22:29:35+08:00 ] ::1 /IEkcpt3.0/IEkcpt3.0/Public/weihong/img/bg.jpg
INFO: [ app_init ] --START--
INFO: Run Behavior\BuildLiteBehavior [ RunTime:0.000029s ]
INFO: [ app_init ] --END-- [ RunTime:0.001622s ]
ERR: 无法加载模块:Public

[ 2019-09-24T22:29:35+08:00 ] ::1 /IEkcpt3.0/IEkcpt3.0/Public/weihong/fonts/sourcesanspro/sourcesanspro-bold.woff
INFO: [ app_init ] --START--
INFO: Run Behavior\BuildLiteBehavior [ RunTime:0.000016s ]
INFO: [ app_init ] --END-- [ RunTime:0.000853s ]
ERR: 无法加载模块:Public

[ 2019-09-24T22:30:23+08:00 ] ::1 /IEkcpt3.0/IEkcpt3.0/Public/weihong/img/bg.jpg
INFO: [ app_init ] --START--
INFO: Run Behavior\BuildLiteBehavior [ RunTime:0.000101s ]
INFO: [ app_init ] --END-- [ RunTime:0.001344s ]
ERR: 无法加载模块:Public

[ 2019-09-24T22:30:23+08:00 ] ::1 /IEkcpt3.0/IEkcpt3.0/Public/weihong/fonts/sourcesanspro/sourcesanspro-bold.woff
INFO: [ app_init ] --START--
INFO: Run Behavior\BuildLiteBehavior [ RunTime:0.000061s ]
INFO: [ app_init ] --END-- [ RunTime:0.007062s ]
ERR: 无法加载模块:Public

[ 2019-09-24T22:31:57+08:00 ] ::1 /IEkcpt3.0/IEkcpt3.0/Public/weihong/img/bg.jpg
INFO: [ app_init ] --START--
INFO: Run Behavior\BuildLiteBehavior [ RunTime:0.000023s ]
INFO: [ app_init ] --END-- [ RunTime:0.002811s ]
ERR: 无法加载模块:Public

[ 2019-09-24T22:32:07+08:00 ] ::1 /IEkcpt3.0/IEkcpt3.0/Public/weihong/img/bg.jpg
INFO: [ app_init ] --START--
INFO: Run Behavior\BuildLiteBehavior [ RunTime:0.000027s ]
INFO: [ app_init ] --END-- [ RunTime:0.001361s ]
ERR: 无法加载模块:Public

[ 2019-09-24T22:32:07+08:00 ] ::1 /IEkcpt3.0/IEkcpt3.0/Public/weihong/fonts/sourcesanspro/sourcesanspro-bold.woff
INFO: [ app_init ] --START--
INFO: Run Behavior\BuildLiteBehavior [ RunTime:0.000025s ]
INFO: [ app_init ] --END-- [ RunTime:0.001302s ]
ERR: 无法加载模块:Public

[ 2019-09-24T22:32:35+08:00 ] ::1 /IEkcpt3.0/IEkcpt3.0/Public/weihong/img/bg.jpg
INFO: [ app_init ] --START--
INFO: Run Behavior\BuildLiteBehavior [ RunTime:0.000016s ]
INFO: [ app_init ] --END-- [ RunTime:0.000889s ]
ERR: 无法加载模块:Public

[ 2019-09-24T22:32:35+08:00 ] ::1 /IEkcpt3.0/IEkcpt3.0/Public/weihong/fonts/sourcesanspro/sourcesanspro-bold.woff
INFO: [ app_init ] --START--
INFO: Run Behavior\BuildLiteBehavior [ RunTime:0.000016s ]
INFO: [ app_init ] --END-- [ RunTime:0.000743s ]
ERR: 无法加载模块:Public

[ 2019-09-24T22:32:53+08:00 ] ::1 /IEkcpt3.0/IEkcpt3.0/Public/weihong/img/bg.jpg
INFO: [ app_init ] --START--
INFO: Run Behavior\BuildLiteBehavior [ RunTime:0.000157s ]
INFO: [ app_init ] --END-- [ RunTime:0.005093s ]
ERR: 无法加载模块:Public

[ 2019-09-24T22:32:53+08:00 ] ::1 /IEkcpt3.0/IEkcpt3.0/Public/weihong/fonts/sourcesanspro/sourcesanspro-bold.woff
INFO: [ app_init ] --START--
INFO: Run Behavior\BuildLiteBehavior [ RunTime:0.000015s ]
INFO: [ app_init ] --END-- [ RunTime:0.000834s ]
ERR: 无法加载模块:Public

[ 2019-09-24T22:35:47+08:00 ] ::1 /IEkcpt3.0/IEkcpt3.0/Public/weihong/img/bg.jpg
INFO: [ app_init ] --START--
INFO: Run Behavior\BuildLiteBehavior [ RunTime:0.000022s ]
INFO: [ app_init ] --END-- [ RunTime:0.001033s ]
ERR: 无法加载模块:Public

[ 2019-09-24T22:35:47+08:00 ] ::1 /IEkcpt3.0/IEkcpt3.0/Public/weihong/fonts/sourcesanspro/sourcesanspro-bold.woff
INFO: [ app_init ] --START--
INFO: Run Behavior\BuildLiteBehavior [ RunTime:0.000021s ]
INFO: [ app_init ] --END-- [ RunTime:0.001187s ]
ERR: 无法加载模块:Public

[ 2019-09-24T23:37:28+08:00 ] ::1 /IEkcpt3.0/IEkcpt3.0/Public/weihong/img/bg.jpg
INFO: [ app_init ] --START--
INFO: Run Behavior\BuildLiteBehavior [ RunTime:0.000014s ]
INFO: [ app_init ] --END-- [ RunTime:0.000656s ]
ERR: 无法加载模块:Public

[ 2019-09-24T23:37:28+08:00 ] ::1 /IEkcpt3.0/IEkcpt3.0/Public/weihong/fonts/sourcesanspro/sourcesanspro-bold.woff
INFO: [ app_init ] --START--
INFO: Run Behavior\BuildLiteBehavior [ RunTime:0.000014s ]
INFO: [ app_init ] --END-- [ RunTime:0.000727s ]
ERR: 无法加载模块:Public

[ 2019-09-24T23:47:49+08:00 ] ::1 /IEkcpt3.0/IEkcpt3.0/Public/weihong/img/bg.jpg
INFO: [ app_init ] --START--
INFO: Run Behavior\BuildLiteBehavior [ RunTime:0.000021s ]
INFO: [ app_init ] --END-- [ RunTime:0.000977s ]
ERR: 无法加载模块:Public

[ 2019-09-24T23:47:49+08:00 ] ::1 /IEkcpt3.0/IEkcpt3.0/Public/weihong/fonts/sourcesanspro/sourcesanspro-bold.woff
INFO: [ app_init ] --START--
INFO: Run Behavior\BuildLiteBehavior [ RunTime:0.000017s ]
INFO: [ app_init ] --END-- [ RunTime:0.000739s ]
ERR: 无法加载模块:Public

[ 2019-09-24T23:53:18+08:00 ] ::1 /IEkcpt3.0/IEkcpt3.0/Public/Web/images/blur.png
INFO: [ app_init ] --START--
INFO: Run Behavior\BuildLiteBehavior [ RunTime:0.000106s ]
INFO: [ app_init ] --END-- [ RunTime:0.001187s ]
ERR: 无法加载模块:Public

[ 2019-09-24T23:53:18+08:00 ] ::1 /IEkcpt3.0/IEkcpt3.0/Public/Web/images/s13.jpg
INFO: [ app_init ] --START--
INFO: Run Behavior\BuildLiteBehavior [ RunTime:0.000034s ]
INFO: [ app_init ] --END-- [ RunTime:0.001504s ]
ERR: 无法加载模块:Public

