[ 2019-09-01T23:09:51+08:00 ] ::1 /IEkcpt3.0plus/IEkcpt3.0/Public/Web/images/s13.jpg
INFO: [ app_init ] --START--
INFO: Run Behavior\BuildLiteBehavior [ RunTime:0.000015s ]
INFO: [ app_init ] --END-- [ RunTime:0.001010s ]
ERR: 无法加载模块:Public

[ 2019-09-01T23:09:51+08:00 ] ::1 /IEkcpt3.0plus/IEkcpt3.0/Public/Web/images/blur.png
INFO: [ app_init ] --START--
INFO: Run Behavior\BuildLiteBehavior [ RunTime:0.000018s ]
INFO: [ app_init ] --END-- [ RunTime:0.001685s ]
ERR: 无法加载模块:Public

[ 2019-09-01T23:12:45+08:00 ] ::1 /IEkcpt3.0plus/IEkcpt3.0/Public/Web/images/s13.jpg
INFO: [ app_init ] --START--
INFO: Run Behavior\BuildLiteBehavior [ RunTime:0.000023s ]
INFO: [ app_init ] --END-- [ RunTime:0.001342s ]
ERR: 无法加载模块:Public

[ 2019-09-01T23:12:45+08:00 ] ::1 /IEkcpt3.0plus/IEkcpt3.0/Public/Web/images/blur.png
INFO: [ app_init ] --START--
INFO: Run Behavior\BuildLiteBehavior [ RunTime:0.000022s ]
INFO: [ app_init ] --END-- [ RunTime:0.001512s ]
ERR: 无法加载模块:Public

