[ 2019-08-26T21:24:14+08:00 ] ::1 /IEkcpt2.3/Public/Web/images/banner/banner.png
ERR: 无法加载模块:Public

[ 2019-08-26T21:24:47+08:00 ] ::1 /IEkcpt2.3/Public/Web/images/banner/banner0.png
ERR: 无法加载模块:Public

[ 2019-08-26T21:24:47+08:00 ] ::1 /IEkcpt2.3/Public/Web/images/banner/banner00.png
ERR: 无法加载模块:Public

[ 2019-08-26T21:55:03+08:00 ] ::1 /IEkcpt2.3/Public/Web/images/banner/001.jpg
ERR: 无法加载模块:Public

[ 2019-08-26T22:29:29+08:00 ] ::1 /IEkcpt2.3/Public/Web/images/blur.png
ERR: 无法加载模块:Public

[ 2019-08-26T22:29:29+08:00 ] ::1 /IEkcpt2.3/Public/Web/images/s13.jpg
ERR: 无法加载模块:Public

[ 2019-08-26T22:43:46+08:00 ] ::1 /IEkcpt2.3/Public/weihong/img/bg.jpg
ERR: 无法加载模块:Public

[ 2019-08-26T22:43:46+08:00 ] ::1 /IEkcpt2.3/Public/weihong/fonts/sourcesanspro/sourcesanspro-bold.woff
ERR: 无法加载模块:Public

[ 2019-08-26T22:44:45+08:00 ] ::1 /IEkcpt2.3/Public/weihong/img/bg.jpg
ERR: 无法加载模块:Public

[ 2019-08-26T22:44:45+08:00 ] ::1 /IEkcpt2.3/Public/weihong/fonts/sourcesanspro/sourcesanspro-bold.woff
ERR: 无法加载模块:Public

[ 2019-08-26T22:47:09+08:00 ] ::1 /IEkcpt2.3/Public/Web/images/s13.jpg
ERR: 无法加载模块:Public

[ 2019-08-26T22:47:09+08:00 ] ::1 /IEkcpt2.3/Public/Web/images/blur.png
ERR: 无法加载模块:Public

[ 2019-08-26T22:52:16+08:00 ] ::1 /IEkcpt2.3/Public/Web/images/s13.jpg
ERR: 无法加载模块:Public

[ 2019-08-26T22:52:16+08:00 ] ::1 /IEkcpt2.3/Public/Web/images/blur.png
ERR: 无法加载模块:Public

[ 2019-08-26T23:11:20+08:00 ] ::1 /IEkcpt2.3/Public/weihong/img/bg.jpg
ERR: 无法加载模块:Public

[ 2019-08-26T23:11:20+08:00 ] ::1 /IEkcpt2.3/Public/weihong/fonts/sourcesanspro/sourcesanspro-bold.woff
ERR: 无法加载模块:Public

[ 2019-08-26T23:12:41+08:00 ] ::1 /IEkcpt2.3/Public/weihong/img/bg.jpg
ERR: 无法加载模块:Public

[ 2019-08-26T23:12:41+08:00 ] ::1 /IEkcpt2.3/Public/weihong/fonts/sourcesanspro/sourcesanspro-bold.woff
ERR: 无法加载模块:Public

[ 2019-08-26T23:13:24+08:00 ] ::1 /IEkcpt2.3/Public/weihong/img/bg.jpg
ERR: 无法加载模块:Public

[ 2019-08-26T23:13:42+08:00 ] ::1 /IEkcpt2.3/Public/weihong/img/bg.jpg
ERR: 无法加载模块:Public

[ 2019-08-26T23:13:42+08:00 ] ::1 /IEkcpt2.3/Public/weihong/fonts/sourcesanspro/sourcesanspro-bold.woff
ERR: 无法加载模块:Public

[ 2019-08-26T23:13:44+08:00 ] ::1 /IEkcpt2.3/Public/weihong/img/bg.jpg
ERR: 无法加载模块:Public

[ 2019-08-26T23:13:44+08:00 ] ::1 /IEkcpt2.3/Public/weihong/fonts/sourcesanspro/sourcesanspro-bold.woff
ERR: 无法加载模块:Public

[ 2019-08-26T23:14:18+08:00 ] ::1 /IEkcpt2.3/Public/weihong/img/bg.jpg
ERR: 无法加载模块:Public

[ 2019-08-26T23:14:18+08:00 ] ::1 /IEkcpt2.3/Public/weihong/fonts/sourcesanspro/sourcesanspro-bold.woff
ERR: 无法加载模块:Public

[ 2019-08-26T23:14:56+08:00 ] ::1 /IEkcpt2.3/Public/weihong/img/bg.jpg
ERR: 无法加载模块:Public

[ 2019-08-26T23:14:56+08:00 ] ::1 /IEkcpt2.3/Public/weihong/fonts/sourcesanspro/sourcesanspro-bold.woff
ERR: 无法加载模块:Public

[ 2019-08-26T23:16:42+08:00 ] ::1 /IEkcpt2.3/Public/weihong/img/bg.jpg
ERR: 无法加载模块:Public

[ 2019-08-26T23:16:42+08:00 ] ::1 /IEkcpt2.3/Public/weihong/fonts/sourcesanspro/sourcesanspro-bold.woff
ERR: 无法加载模块:Public

[ 2019-08-26T23:17:39+08:00 ] ::1 /IEkcpt2.3/Public/weihong/img/bg.jpg
ERR: 无法加载模块:Public

[ 2019-08-26T23:17:39+08:00 ] ::1 /IEkcpt2.3/Public/weihong/fonts/sourcesanspro/sourcesanspro-bold.woff
ERR: 无法加载模块:Public

[ 2019-08-26T23:18:24+08:00 ] ::1 /IEkcpt2.3/Public/weihong/img/bg.jpg
ERR: 无法加载模块:Public

[ 2019-08-26T23:18:24+08:00 ] ::1 /IEkcpt2.3/Public/weihong/fonts/sourcesanspro/sourcesanspro-bold.woff
ERR: 无法加载模块:Public

[ 2019-08-26T23:28:29+08:00 ] ::1 /IEkcpt2.3/Public/Web/images/s13.jpg
ERR: 无法加载模块:Public

[ 2019-08-26T23:28:29+08:00 ] ::1 /IEkcpt2.3/Public/Web/images/blur.png
ERR: 无法加载模块:Public

[ 2019-08-26T23:46:32+08:00 ] ::1 /IEkcpt2.3/Public/Web/images/blur.png
ERR: 无法加载模块:Public

[ 2019-08-26T23:46:32+08:00 ] ::1 /IEkcpt2.3/Public/Web/images/s13.jpg
ERR: 无法加载模块:Public

[ 2019-08-26T23:57:50+08:00 ] ::1 /IEkcpt2.3/Public/weihong/img/bg.jpg
ERR: 无法加载模块:Public

[ 2019-08-26T23:57:51+08:00 ] ::1 /IEkcpt2.3/Public/weihong/fonts/sourcesanspro/sourcesanspro-bold.woff
ERR: 无法加载模块:Public

