[ 2019-09-27T10:21:23+08:00 ] ::1 /IEkcpt3.0/IEkcpt3.0/index.php/IEkcpt3.0/IEkcpt3.0/index.php/Home/Personal/index.html.html
INFO: [ app_init ] --START--
INFO: Run Behavior\BuildLiteBehavior [ RunTime:0.000013s ]
INFO: [ app_init ] --END-- [ RunTime:0.000623s ]
ERR: 无法加载模块:IEkcpt3.0

[ 2019-09-27T10:30:20+08:00 ] ::1 /IEkcpt3.0/IEkcpt3.0/Public/weihong/img/bg.jpg
INFO: [ app_init ] --START--
INFO: Run Behavior\BuildLiteBehavior [ RunTime:0.000019s ]
INFO: [ app_init ] --END-- [ RunTime:0.000783s ]
ERR: 无法加载模块:Public

[ 2019-09-27T10:30:21+08:00 ] ::1 /IEkcpt3.0/IEkcpt3.0/Public/weihong/fonts/sourcesanspro/sourcesanspro-bold.woff
INFO: [ app_init ] --START--
INFO: Run Behavior\BuildLiteBehavior [ RunTime:0.000025s ]
INFO: [ app_init ] --END-- [ RunTime:0.001246s ]
ERR: 无法加载模块:Public

[ 2019-09-27T11:16:36+08:00 ] ::1 /IEkcpt3.0/IEkcpt3.0/Public/Web/images/blur.png
INFO: [ app_init ] --START--
INFO: Run Behavior\BuildLiteBehavior [ RunTime:0.000024s ]
INFO: [ app_init ] --END-- [ RunTime:0.001304s ]
ERR: 无法加载模块:Public

[ 2019-09-27T11:16:36+08:00 ] ::1 /IEkcpt3.0/IEkcpt3.0/Public/Web/images/s13.jpg
INFO: [ app_init ] --START--
INFO: Run Behavior\BuildLiteBehavior [ RunTime:0.000018s ]
INFO: [ app_init ] --END-- [ RunTime:0.001112s ]
ERR: 无法加载模块:Public

[ 2019-09-27T11:16:38+08:00 ] ::1 /IEkcpt3.0/IEkcpt3.0/Public/weihong/img/bg.jpg
INFO: [ app_init ] --START--
INFO: Run Behavior\BuildLiteBehavior [ RunTime:0.000018s ]
INFO: [ app_init ] --END-- [ RunTime:0.000807s ]
ERR: 无法加载模块:Public

[ 2019-09-27T11:16:38+08:00 ] ::1 /IEkcpt3.0/IEkcpt3.0/Public/weihong/fonts/sourcesanspro/sourcesanspro-bold.woff
INFO: [ app_init ] --START--
INFO: Run Behavior\BuildLiteBehavior [ RunTime:0.000018s ]
INFO: [ app_init ] --END-- [ RunTime:0.001110s ]
ERR: 无法加载模块:Public

